running egg_info
writing ../build/demo_launch/demo_launch.egg-info/PKG-INFO
writing dependency_links to ../build/demo_launch/demo_launch.egg-info/dependency_links.txt
writing entry points to ../build/demo_launch/demo_launch.egg-info/entry_points.txt
writing requirements to ../build/demo_launch/demo_launch.egg-info/requires.txt
writing top-level names to ../build/demo_launch/demo_launch.egg-info/top_level.txt
reading manifest file '../build/demo_launch/demo_launch.egg-info/SOURCES.txt'
writing manifest file '../build/demo_launch/demo_launch.egg-info/SOURCES.txt'
running build
running build_py
copying demo_launch/pub_node_params.py -> /home/ros2curso/curso/lab2/build/demo_launch/build/lib/demo_launch
running install
running install_lib
copying /home/ros2curso/curso/lab2/build/demo_launch/build/lib/demo_launch/pub_node_params.py -> /home/ros2curso/curso/lab2/install/demo_launch/lib/python3.10/site-packages/demo_launch
byte-compiling /home/ros2curso/curso/lab2/install/demo_launch/lib/python3.10/site-packages/demo_launch/pub_node_params.py to pub_node_params.cpython-310.pyc
running install_data
running install_egg_info
removing '/home/ros2curso/curso/lab2/install/demo_launch/lib/python3.10/site-packages/demo_launch-0.0.0-py3.10.egg-info' (and everything under it)
Copying ../build/demo_launch/demo_launch.egg-info to /home/ros2curso/curso/lab2/install/demo_launch/lib/python3.10/site-packages/demo_launch-0.0.0-py3.10.egg-info
running install_scripts
Installing pub_params script to /home/ros2curso/curso/lab2/install/demo_launch/lib/demo_launch
Installing simple_pub script to /home/ros2curso/curso/lab2/install/demo_launch/lib/demo_launch
Installing simple_sub script to /home/ros2curso/curso/lab2/install/demo_launch/lib/demo_launch
writing list of installed files to '/home/ros2curso/curso/lab2/build/demo_launch/install.log'
