running egg_info
creating ../build/demo_simulation_2/demo_simulation_2.egg-info
writing ../build/demo_simulation_2/demo_simulation_2.egg-info/PKG-INFO
writing dependency_links to ../build/demo_simulation_2/demo_simulation_2.egg-info/dependency_links.txt
writing entry points to ../build/demo_simulation_2/demo_simulation_2.egg-info/entry_points.txt
writing requirements to ../build/demo_simulation_2/demo_simulation_2.egg-info/requires.txt
writing top-level names to ../build/demo_simulation_2/demo_simulation_2.egg-info/top_level.txt
writing manifest file '../build/demo_simulation_2/demo_simulation_2.egg-info/SOURCES.txt'
reading manifest file '../build/demo_simulation_2/demo_simulation_2.egg-info/SOURCES.txt'
writing manifest file '../build/demo_simulation_2/demo_simulation_2.egg-info/SOURCES.txt'
running build
running build_py
creating /home/ros2curso/curso/lab4/build/demo_simulation_2/build
creating /home/ros2curso/curso/lab4/build/demo_simulation_2/build/lib
creating /home/ros2curso/curso/lab4/build/demo_simulation_2/build/lib/demo_simulation_2
copying demo_simulation_2/__init__.py -> /home/ros2curso/curso/lab4/build/demo_simulation_2/build/lib/demo_simulation_2
running install
running install_lib
creating /home/ros2curso/curso/lab4/install/demo_simulation_2/lib/python3.10/site-packages/demo_simulation_2
copying /home/ros2curso/curso/lab4/build/demo_simulation_2/build/lib/demo_simulation_2/__init__.py -> /home/ros2curso/curso/lab4/install/demo_simulation_2/lib/python3.10/site-packages/demo_simulation_2
byte-compiling /home/ros2curso/curso/lab4/install/demo_simulation_2/lib/python3.10/site-packages/demo_simulation_2/__init__.py to __init__.cpython-310.pyc
running install_data
creating /home/ros2curso/curso/lab4/install/demo_simulation_2/share/ament_index
creating /home/ros2curso/curso/lab4/install/demo_simulation_2/share/ament_index/resource_index
creating /home/ros2curso/curso/lab4/install/demo_simulation_2/share/ament_index/resource_index/packages
copying resource/demo_simulation_2 -> /home/ros2curso/curso/lab4/install/demo_simulation_2/share/ament_index/resource_index/packages
copying package.xml -> /home/ros2curso/curso/lab4/install/demo_simulation_2/share/demo_simulation_2
creating /home/ros2curso/curso/lab4/install/demo_simulation_2/share/demo_simulation_2/launch
copying launch/gazebo.launch.py -> /home/ros2curso/curso/lab4/install/demo_simulation_2/share/demo_simulation_2/launch/
copying launch/visualization.launch.py -> /home/ros2curso/curso/lab4/install/demo_simulation_2/share/demo_simulation_2/launch/
running install_egg_info
Copying ../build/demo_simulation_2/demo_simulation_2.egg-info to /home/ros2curso/curso/lab4/install/demo_simulation_2/lib/python3.10/site-packages/demo_simulation_2-0.0.0-py3.10.egg-info
running install_scripts
writing list of installed files to '/home/ros2curso/curso/lab4/build/demo_simulation_2/install.log'
