[0.167s] DEBUG:colcon:Command line arguments: ['/usr/bin/colcon', 'build']
[0.168s] DEBUG:colcon:Parsed command line arguments: Namespace(log_base=None, log_level=None, verb_name='build', build_base='build', install_base='install', merge_install=False, symlink_install=False, test_result_base=None, continue_on_error=False, executor='parallel', parallel_workers=2, event_handlers=None, ignore_user_meta=False, metas=['./colcon.meta'], base_paths=['.'], packages_ignore=None, packages_ignore_regex=None, paths=None, packages_up_to=None, packages_up_to_regex=None, packages_above=None, packages_above_and_dependencies=None, packages_above_depth=None, packages_select_by_dep=None, packages_skip_by_dep=None, packages_skip_up_to=None, packages_select_build_failed=False, packages_skip_build_finished=False, packages_select_test_failures=False, packages_skip_test_passed=False, packages_select=None, packages_skip=None, packages_select_regex=None, packages_skip_regex=None, packages_start=None, packages_end=None, allow_overriding=[], cmake_args=None, cmake_target=None, cmake_target_skip_unavailable=False, cmake_clean_cache=False, cmake_clean_first=False, cmake_force_configure=False, ament_cmake_args=None, catkin_cmake_args=None, catkin_skip_building_tests=False, mixin_files=None, mixin=None, verb_parser=<colcon_mixin.mixin.mixin_argument.MixinArgumentDecorator object at 0x754afe949f90>, verb_extension=<colcon_core.verb.build.BuildVerb object at 0x754afe949990>, main=<bound method BuildVerb.main of <colcon_core.verb.build.BuildVerb object at 0x754afe949990>>, mixin_verb=('build',))
[0.383s] Level 1:colcon.colcon_core.package_discovery:discover_packages(colcon_meta) check parameters
[0.386s] Level 1:colcon.colcon_core.package_discovery:discover_packages(recursive) check parameters
[0.386s] Level 1:colcon.colcon_core.package_discovery:discover_packages(ignore) check parameters
[0.386s] Level 1:colcon.colcon_core.package_discovery:discover_packages(path) check parameters
[0.386s] Level 1:colcon.colcon_core.package_discovery:discover_packages(colcon_meta) discover
[0.386s] Level 1:colcon.colcon_core.package_discovery:discover_packages(recursive) discover
[0.386s] INFO:colcon.colcon_core.package_discovery:Crawling recursively for packages in '/home/ros2curso/curso/lab4'
[0.386s] Level 1:colcon.colcon_core.package_identification:_identify(.) by extensions ['ignore', 'ignore_ament_install']
[0.386s] Level 1:colcon.colcon_core.package_identification:_identify(.) by extension 'ignore'
[0.386s] Level 1:colcon.colcon_core.package_identification:_identify(.) by extension 'ignore_ament_install'
[0.386s] Level 1:colcon.colcon_core.package_identification:_identify(.) by extensions ['colcon_pkg']
[0.386s] Level 1:colcon.colcon_core.package_identification:_identify(.) by extension 'colcon_pkg'
[0.387s] Level 1:colcon.colcon_core.package_identification:_identify(.) by extensions ['colcon_meta']
[0.387s] Level 1:colcon.colcon_core.package_identification:_identify(.) by extension 'colcon_meta'
[0.387s] Level 1:colcon.colcon_core.package_identification:_identify(.) by extensions ['ros']
[0.387s] Level 1:colcon.colcon_core.package_identification:_identify(.) by extension 'ros'
[0.406s] Level 1:colcon.colcon_core.package_identification:_identify(.) by extensions ['cmake', 'python']
[0.407s] Level 1:colcon.colcon_core.package_identification:_identify(.) by extension 'cmake'
[0.407s] Level 1:colcon.colcon_core.package_identification:_identify(.) by extension 'python'
[0.407s] Level 1:colcon.colcon_core.package_identification:_identify(.) by extensions ['python_setup_py']
[0.407s] Level 1:colcon.colcon_core.package_identification:_identify(.) by extension 'python_setup_py'
[0.407s] Level 1:colcon.colcon_core.package_identification:_identify(build) by extensions ['ignore', 'ignore_ament_install']
[0.408s] Level 1:colcon.colcon_core.package_identification:_identify(build) by extension 'ignore'
[0.408s] Level 1:colcon.colcon_core.package_identification:_identify(build) ignored
[0.408s] Level 1:colcon.colcon_core.package_identification:_identify(demo_simulation_2) by extensions ['ignore', 'ignore_ament_install']
[0.409s] Level 1:colcon.colcon_core.package_identification:_identify(demo_simulation_2) by extension 'ignore'
[0.409s] Level 1:colcon.colcon_core.package_identification:_identify(demo_simulation_2) by extension 'ignore_ament_install'
[0.409s] Level 1:colcon.colcon_core.package_identification:_identify(demo_simulation_2) by extensions ['colcon_pkg']
[0.409s] Level 1:colcon.colcon_core.package_identification:_identify(demo_simulation_2) by extension 'colcon_pkg'
[0.409s] Level 1:colcon.colcon_core.package_identification:_identify(demo_simulation_2) by extensions ['colcon_meta']
[0.409s] Level 1:colcon.colcon_core.package_identification:_identify(demo_simulation_2) by extension 'colcon_meta'
[0.409s] Level 1:colcon.colcon_core.package_identification:_identify(demo_simulation_2) by extensions ['ros']
[0.409s] Level 1:colcon.colcon_core.package_identification:_identify(demo_simulation_2) by extension 'ros'
[0.412s] DEBUG:colcon.colcon_core.package_identification:Package 'demo_simulation_2' with type 'ros.ament_python' and name 'demo_simulation_2'
[0.413s] Level 1:colcon.colcon_core.package_identification:_identify(install) by extensions ['ignore', 'ignore_ament_install']
[0.415s] Level 1:colcon.colcon_core.package_identification:_identify(install) by extension 'ignore'
[0.415s] Level 1:colcon.colcon_core.package_identification:_identify(install) ignored
[0.415s] Level 1:colcon.colcon_core.package_identification:_identify(log) by extensions ['ignore', 'ignore_ament_install']
[0.416s] Level 1:colcon.colcon_core.package_identification:_identify(log) by extension 'ignore'
[0.417s] Level 1:colcon.colcon_core.package_identification:_identify(log) ignored
[0.417s] Level 1:colcon.colcon_core.package_identification:_identify(worlds) by extensions ['ignore', 'ignore_ament_install']
[0.418s] Level 1:colcon.colcon_core.package_identification:_identify(worlds) by extension 'ignore'
[0.418s] Level 1:colcon.colcon_core.package_identification:_identify(worlds) by extension 'ignore_ament_install'
[0.418s] Level 1:colcon.colcon_core.package_identification:_identify(worlds) by extensions ['colcon_pkg']
[0.418s] Level 1:colcon.colcon_core.package_identification:_identify(worlds) by extension 'colcon_pkg'
[0.418s] Level 1:colcon.colcon_core.package_identification:_identify(worlds) by extensions ['colcon_meta']
[0.418s] Level 1:colcon.colcon_core.package_identification:_identify(worlds) by extension 'colcon_meta'
[0.418s] Level 1:colcon.colcon_core.package_identification:_identify(worlds) by extensions ['ros']
[0.418s] Level 1:colcon.colcon_core.package_identification:_identify(worlds) by extension 'ros'
[0.418s] Level 1:colcon.colcon_core.package_identification:_identify(worlds) by extensions ['cmake', 'python']
[0.419s] Level 1:colcon.colcon_core.package_identification:_identify(worlds) by extension 'cmake'
[0.419s] Level 1:colcon.colcon_core.package_identification:_identify(worlds) by extension 'python'
[0.420s] Level 1:colcon.colcon_core.package_identification:_identify(worlds) by extensions ['python_setup_py']
[0.420s] Level 1:colcon.colcon_core.package_identification:_identify(worlds) by extension 'python_setup_py'
[0.420s] Level 1:colcon.colcon_core.package_identification:_identify(worlds/PiezaConObstaculos) by extensions ['ignore', 'ignore_ament_install']
[0.420s] Level 1:colcon.colcon_core.package_identification:_identify(worlds/PiezaConObstaculos) by extension 'ignore'
[0.421s] Level 1:colcon.colcon_core.package_identification:_identify(worlds/PiezaConObstaculos) by extension 'ignore_ament_install'
[0.421s] Level 1:colcon.colcon_core.package_identification:_identify(worlds/PiezaConObstaculos) by extensions ['colcon_pkg']
[0.421s] Level 1:colcon.colcon_core.package_identification:_identify(worlds/PiezaConObstaculos) by extension 'colcon_pkg'
[0.421s] Level 1:colcon.colcon_core.package_identification:_identify(worlds/PiezaConObstaculos) by extensions ['colcon_meta']
[0.421s] Level 1:colcon.colcon_core.package_identification:_identify(worlds/PiezaConObstaculos) by extension 'colcon_meta'
[0.421s] Level 1:colcon.colcon_core.package_identification:_identify(worlds/PiezaConObstaculos) by extensions ['ros']
[0.421s] Level 1:colcon.colcon_core.package_identification:_identify(worlds/PiezaConObstaculos) by extension 'ros'
[0.421s] Level 1:colcon.colcon_core.package_identification:_identify(worlds/PiezaConObstaculos) by extensions ['cmake', 'python']
[0.421s] Level 1:colcon.colcon_core.package_identification:_identify(worlds/PiezaConObstaculos) by extension 'cmake'
[0.421s] Level 1:colcon.colcon_core.package_identification:_identify(worlds/PiezaConObstaculos) by extension 'python'
[0.421s] Level 1:colcon.colcon_core.package_identification:_identify(worlds/PiezaConObstaculos) by extensions ['python_setup_py']
[0.422s] Level 1:colcon.colcon_core.package_identification:_identify(worlds/PiezaConObstaculos) by extension 'python_setup_py'
[0.422s] Level 1:colcon.colcon_core.package_identification:_identify(worlds/Pieza_simple) by extensions ['ignore', 'ignore_ament_install']
[0.422s] Level 1:colcon.colcon_core.package_identification:_identify(worlds/Pieza_simple) by extension 'ignore'
[0.422s] Level 1:colcon.colcon_core.package_identification:_identify(worlds/Pieza_simple) by extension 'ignore_ament_install'
[0.422s] Level 1:colcon.colcon_core.package_identification:_identify(worlds/Pieza_simple) by extensions ['colcon_pkg']
[0.422s] Level 1:colcon.colcon_core.package_identification:_identify(worlds/Pieza_simple) by extension 'colcon_pkg'
[0.422s] Level 1:colcon.colcon_core.package_identification:_identify(worlds/Pieza_simple) by extensions ['colcon_meta']
[0.422s] Level 1:colcon.colcon_core.package_identification:_identify(worlds/Pieza_simple) by extension 'colcon_meta'
[0.423s] Level 1:colcon.colcon_core.package_identification:_identify(worlds/Pieza_simple) by extensions ['ros']
[0.423s] Level 1:colcon.colcon_core.package_identification:_identify(worlds/Pieza_simple) by extension 'ros'
[0.423s] Level 1:colcon.colcon_core.package_identification:_identify(worlds/Pieza_simple) by extensions ['cmake', 'python']
[0.423s] Level 1:colcon.colcon_core.package_identification:_identify(worlds/Pieza_simple) by extension 'cmake'
[0.423s] Level 1:colcon.colcon_core.package_identification:_identify(worlds/Pieza_simple) by extension 'python'
[0.423s] Level 1:colcon.colcon_core.package_identification:_identify(worlds/Pieza_simple) by extensions ['python_setup_py']
[0.423s] Level 1:colcon.colcon_core.package_identification:_identify(worlds/Pieza_simple) by extension 'python_setup_py'
[0.423s] Level 1:colcon.colcon_core.package_discovery:discover_packages(recursive) using defaults
[0.423s] Level 1:colcon.colcon_core.package_discovery:discover_packages(ignore) discover
[0.423s] Level 1:colcon.colcon_core.package_discovery:discover_packages(ignore) using defaults
[0.423s] Level 1:colcon.colcon_core.package_discovery:discover_packages(path) discover
[0.423s] Level 1:colcon.colcon_core.package_discovery:discover_packages(path) using defaults
[0.457s] Level 1:colcon.colcon_core.package_discovery:discover_packages(prefix_path) check parameters
[0.457s] Level 1:colcon.colcon_core.package_discovery:discover_packages(prefix_path) discover
[0.459s] DEBUG:colcon.colcon_installed_package_information.package_discovery:Found 1 installed packages in /home/ros2curso/curso/lab4/install
[0.460s] DEBUG:colcon.colcon_installed_package_information.package_discovery:Found 1 installed packages in /home/ros2curso/curso/lab5/install
[0.463s] DEBUG:colcon.colcon_installed_package_information.package_discovery:Found 293 installed packages in /opt/ros/iron
[0.467s] Level 1:colcon.colcon_core.package_discovery:discover_packages(prefix_path) using defaults
[0.515s] Level 5:colcon.colcon_core.verb:set package 'demo_simulation_2' build argument 'cmake_args' from command line to 'None'
[0.515s] Level 5:colcon.colcon_core.verb:set package 'demo_simulation_2' build argument 'cmake_target' from command line to 'None'
[0.515s] Level 5:colcon.colcon_core.verb:set package 'demo_simulation_2' build argument 'cmake_target_skip_unavailable' from command line to 'False'
[0.516s] Level 5:colcon.colcon_core.verb:set package 'demo_simulation_2' build argument 'cmake_clean_cache' from command line to 'False'
[0.516s] Level 5:colcon.colcon_core.verb:set package 'demo_simulation_2' build argument 'cmake_clean_first' from command line to 'False'
[0.516s] Level 5:colcon.colcon_core.verb:set package 'demo_simulation_2' build argument 'cmake_force_configure' from command line to 'False'
[0.516s] Level 5:colcon.colcon_core.verb:set package 'demo_simulation_2' build argument 'ament_cmake_args' from command line to 'None'
[0.516s] Level 5:colcon.colcon_core.verb:set package 'demo_simulation_2' build argument 'catkin_cmake_args' from command line to 'None'
[0.516s] Level 5:colcon.colcon_core.verb:set package 'demo_simulation_2' build argument 'catkin_skip_building_tests' from command line to 'False'
[0.516s] DEBUG:colcon.colcon_core.verb:Building package 'demo_simulation_2' with the following arguments: {'ament_cmake_args': None, 'build_base': '/home/ros2curso/curso/lab4/build/demo_simulation_2', 'catkin_cmake_args': None, 'catkin_skip_building_tests': False, 'cmake_args': None, 'cmake_clean_cache': False, 'cmake_clean_first': False, 'cmake_force_configure': False, 'cmake_target': None, 'cmake_target_skip_unavailable': False, 'install_base': '/home/ros2curso/curso/lab4/install/demo_simulation_2', 'merge_install': False, 'path': '/home/ros2curso/curso/lab4/demo_simulation_2', 'symlink_install': False, 'test_result_base': None}
[0.517s] INFO:colcon.colcon_core.executor:Executing jobs using 'parallel' executor
[0.520s] DEBUG:colcon.colcon_parallel_executor.executor.parallel:run_until_complete
[0.521s] INFO:colcon.colcon_ros.task.ament_python.build:Building ROS package in '/home/ros2curso/curso/lab4/demo_simulation_2' with build type 'ament_python'
[0.521s] Level 1:colcon.colcon_core.shell:create_environment_hook('demo_simulation_2', 'ament_prefix_path')
[0.527s] INFO:colcon.colcon_core.plugin_system:Skipping extension 'colcon_core.shell.bat': Not used on non-Windows systems
[0.528s] INFO:colcon.colcon_core.shell:Creating environment hook '/home/ros2curso/curso/lab4/install/demo_simulation_2/share/demo_simulation_2/hook/ament_prefix_path.ps1'
[0.529s] INFO:colcon.colcon_core.shell:Creating environment descriptor '/home/ros2curso/curso/lab4/install/demo_simulation_2/share/demo_simulation_2/hook/ament_prefix_path.dsv'
[0.531s] INFO:colcon.colcon_core.shell:Creating environment hook '/home/ros2curso/curso/lab4/install/demo_simulation_2/share/demo_simulation_2/hook/ament_prefix_path.sh'
[0.533s] INFO:colcon.colcon_core.shell:Skip shell extension 'powershell' for command environment: Not usable outside of PowerShell
[0.533s] DEBUG:colcon.colcon_core.shell:Skip shell extension 'dsv' for command environment
[0.887s] INFO:colcon.colcon_core.task.python.build:Building Python package in '/home/ros2curso/curso/lab4/demo_simulation_2'
[0.889s] INFO:colcon.colcon_core.shell:Skip shell extension 'powershell' for command environment: Not usable outside of PowerShell
[0.890s] DEBUG:colcon.colcon_core.shell:Skip shell extension 'dsv' for command environment
[1.368s] DEBUG:colcon.colcon_core.event_handler.log_command:Invoking command in '/home/ros2curso/curso/lab4/demo_simulation_2': PYTHONPATH=/home/ros2curso/curso/lab4/build/demo_simulation_2/prefix_override:/home/ros2curso/curso/lab4/install/demo_simulation_2/lib/python3.10/site-packages:${PYTHONPATH} /usr/bin/python3 -W ignore:setup.py install is deprecated setup.py egg_info --egg-base ../build/demo_simulation_2 build --build-base /home/ros2curso/curso/lab4/build/demo_simulation_2/build install --record /home/ros2curso/curso/lab4/build/demo_simulation_2/install.log --single-version-externally-managed install_data
[1.774s] Level 1:colcon.colcon_core.environment:checking '/home/ros2curso/curso/lab4/install/demo_simulation_2' for CMake module files
[1.776s] DEBUG:colcon.colcon_core.event_handler.log_command:Invoked command in '/home/ros2curso/curso/lab4/demo_simulation_2' returned '0': PYTHONPATH=/home/ros2curso/curso/lab4/build/demo_simulation_2/prefix_override:/home/ros2curso/curso/lab4/install/demo_simulation_2/lib/python3.10/site-packages:${PYTHONPATH} /usr/bin/python3 -W ignore:setup.py install is deprecated setup.py egg_info --egg-base ../build/demo_simulation_2 build --build-base /home/ros2curso/curso/lab4/build/demo_simulation_2/build install --record /home/ros2curso/curso/lab4/build/demo_simulation_2/install.log --single-version-externally-managed install_data
[1.777s] Level 1:colcon.colcon_core.environment:checking '/home/ros2curso/curso/lab4/install/demo_simulation_2' for CMake config files
[1.777s] Level 1:colcon.colcon_core.environment:checking '/home/ros2curso/curso/lab4/install/demo_simulation_2/lib'
[1.778s] Level 1:colcon.colcon_core.environment:checking '/home/ros2curso/curso/lab4/install/demo_simulation_2/bin'
[1.778s] Level 1:colcon.colcon_core.environment:checking '/home/ros2curso/curso/lab4/install/demo_simulation_2/lib/pkgconfig/demo_simulation_2.pc'
[1.778s] Level 1:colcon.colcon_core.environment:checking '/home/ros2curso/curso/lab4/install/demo_simulation_2/lib/python3.10/site-packages'
[1.778s] Level 1:colcon.colcon_core.shell:create_environment_hook('demo_simulation_2', 'pythonpath')
[1.779s] INFO:colcon.colcon_core.shell:Creating environment hook '/home/ros2curso/curso/lab4/install/demo_simulation_2/share/demo_simulation_2/hook/pythonpath.ps1'
[1.780s] INFO:colcon.colcon_core.shell:Creating environment descriptor '/home/ros2curso/curso/lab4/install/demo_simulation_2/share/demo_simulation_2/hook/pythonpath.dsv'
[1.781s] INFO:colcon.colcon_core.shell:Creating environment hook '/home/ros2curso/curso/lab4/install/demo_simulation_2/share/demo_simulation_2/hook/pythonpath.sh'
[1.783s] Level 1:colcon.colcon_core.environment:checking '/home/ros2curso/curso/lab4/install/demo_simulation_2/bin'
[1.783s] Level 1:colcon.colcon_core.environment:create_environment_scripts_only(demo_simulation_2)
[1.783s] INFO:colcon.colcon_core.shell:Creating package script '/home/ros2curso/curso/lab4/install/demo_simulation_2/share/demo_simulation_2/package.ps1'
[1.785s] INFO:colcon.colcon_core.shell:Creating package descriptor '/home/ros2curso/curso/lab4/install/demo_simulation_2/share/demo_simulation_2/package.dsv'
[1.787s] INFO:colcon.colcon_core.shell:Creating package script '/home/ros2curso/curso/lab4/install/demo_simulation_2/share/demo_simulation_2/package.sh'
[1.790s] INFO:colcon.colcon_core.shell:Creating package script '/home/ros2curso/curso/lab4/install/demo_simulation_2/share/demo_simulation_2/package.bash'
[1.792s] INFO:colcon.colcon_core.shell:Creating package script '/home/ros2curso/curso/lab4/install/demo_simulation_2/share/demo_simulation_2/package.zsh'
[1.793s] Level 1:colcon.colcon_core.environment:create_file_with_runtime_dependencies(/home/ros2curso/curso/lab4/install/demo_simulation_2/share/colcon-core/packages/demo_simulation_2)
[1.795s] DEBUG:colcon.colcon_parallel_executor.executor.parallel:closing loop
[1.796s] DEBUG:colcon.colcon_parallel_executor.executor.parallel:loop closed
[1.796s] DEBUG:colcon.colcon_parallel_executor.executor.parallel:run_until_complete finished with '0'
[1.797s] DEBUG:colcon.colcon_core.event_reactor:joining thread
[1.803s] INFO:colcon.colcon_core.plugin_system:Skipping extension 'colcon_notification.desktop_notification.terminal_notifier': Not used on non-Darwin systems
[1.803s] INFO:colcon.colcon_core.plugin_system:Skipping extension 'colcon_notification.desktop_notification.win32': Not used on non-Windows systems
[1.803s] INFO:colcon.colcon_notification.desktop_notification:Sending desktop notification using 'notify2'
[1.827s] DEBUG:colcon.colcon_core.event_reactor:joined thread
[1.827s] INFO:colcon.colcon_core.shell:Creating prefix script '/home/ros2curso/curso/lab4/install/local_setup.ps1'
[1.829s] INFO:colcon.colcon_core.shell:Creating prefix util module '/home/ros2curso/curso/lab4/install/_local_setup_util_ps1.py'
[1.831s] INFO:colcon.colcon_core.shell:Creating prefix chain script '/home/ros2curso/curso/lab4/install/setup.ps1'
[1.847s] INFO:colcon.colcon_core.shell:Creating prefix script '/home/ros2curso/curso/lab4/install/local_setup.sh'
[1.849s] INFO:colcon.colcon_core.shell:Creating prefix util module '/home/ros2curso/curso/lab4/install/_local_setup_util_sh.py'
[1.851s] INFO:colcon.colcon_core.shell:Creating prefix chain script '/home/ros2curso/curso/lab4/install/setup.sh'
[1.853s] INFO:colcon.colcon_core.shell:Creating prefix script '/home/ros2curso/curso/lab4/install/local_setup.bash'
[1.854s] INFO:colcon.colcon_core.shell:Creating prefix chain script '/home/ros2curso/curso/lab4/install/setup.bash'
[1.856s] INFO:colcon.colcon_core.shell:Creating prefix script '/home/ros2curso/curso/lab4/install/local_setup.zsh'
[1.857s] INFO:colcon.colcon_core.shell:Creating prefix chain script '/home/ros2curso/curso/lab4/install/setup.zsh'
