[1.624s] Invoking command in '/home/ros2curso/curso/lab5/demo_simulation3': PYTHONPATH=/home/ros2curso/curso/lab5/build/demo_simulation3/prefix_override:/home/ros2curso/curso/lab5/install/demo_simulation3/lib/python3.10/site-packages:${PYTHONPATH} /usr/bin/python3 -W ignore:setup.py install is deprecated setup.py egg_info --egg-base ../build/demo_simulation3 build --build-base /home/ros2curso/curso/lab5/build/demo_simulation3/build install --record /home/ros2curso/curso/lab5/build/demo_simulation3/install.log --single-version-externally-managed install_data
[1.983s] running egg_info
[1.985s] writing ../build/demo_simulation3/demo_simulation3.egg-info/PKG-INFO
[1.995s] writing dependency_links to ../build/demo_simulation3/demo_simulation3.egg-info/dependency_links.txt
[1.997s] writing entry points to ../build/demo_simulation3/demo_simulation3.egg-info/entry_points.txt
[1.999s] writing requirements to ../build/demo_simulation3/demo_simulation3.egg-info/requires.txt
[2.001s] writing top-level names to ../build/demo_simulation3/demo_simulation3.egg-info/top_level.txt
[2.006s] reading manifest file '../build/demo_simulation3/demo_simulation3.egg-info/SOURCES.txt'
[2.010s] writing manifest file '../build/demo_simulation3/demo_simulation3.egg-info/SOURCES.txt'
[2.012s] running build
[2.012s] running build_py
[2.021s] running install
[2.023s] running install_lib
[2.029s] running install_data
[2.034s] running install_egg_info
[2.037s] removing '/home/ros2curso/curso/lab5/install/demo_simulation3/lib/python3.10/site-packages/demo_simulation3-0.0.0-py3.10.egg-info' (and everything under it)
[2.039s] Copying ../build/demo_simulation3/demo_simulation3.egg-info to /home/ros2curso/curso/lab5/install/demo_simulation3/lib/python3.10/site-packages/demo_simulation3-0.0.0-py3.10.egg-info
[2.041s] running install_scripts
[2.084s] writing list of installed files to '/home/ros2curso/curso/lab5/build/demo_simulation3/install.log'
[2.119s] Invoked command in '/home/ros2curso/curso/lab5/demo_simulation3' returned '0': PYTHONPATH=/home/ros2curso/curso/lab5/build/demo_simulation3/prefix_override:/home/ros2curso/curso/lab5/install/demo_simulation3/lib/python3.10/site-packages:${PYTHONPATH} /usr/bin/python3 -W ignore:setup.py install is deprecated setup.py egg_info --egg-base ../build/demo_simulation3 build --build-base /home/ros2curso/curso/lab5/build/demo_simulation3/build install --record /home/ros2curso/curso/lab5/build/demo_simulation3/install.log --single-version-externally-managed install_data
