[0.905s] Invoking command in '/home/ros2curso/curso/lab1/demo_nodos': PYTHONPATH=/home/ros2curso/curso/lab1/build/demo_nodos/prefix_override:/home/ros2curso/curso/lab1/install/demo_nodos/lib/python3.10/site-packages:${PYTHONPATH} /usr/bin/python3 -W ignore:setup.py install is deprecated setup.py egg_info --egg-base ../build/demo_nodos build --build-base /home/ros2curso/curso/lab1/build/demo_nodos/build install --record /home/ros2curso/curso/lab1/build/demo_nodos/install.log --single-version-externally-managed install_data
[1.207s] running egg_info
[1.209s] writing ../build/demo_nodos/demo_nodos.egg-info/PKG-INFO
[1.214s] writing dependency_links to ../build/demo_nodos/demo_nodos.egg-info/dependency_links.txt
[1.215s] writing entry points to ../build/demo_nodos/demo_nodos.egg-info/entry_points.txt
[1.215s] writing requirements to ../build/demo_nodos/demo_nodos.egg-info/requires.txt
[1.215s] writing top-level names to ../build/demo_nodos/demo_nodos.egg-info/top_level.txt
[1.218s] reading manifest file '../build/demo_nodos/demo_nodos.egg-info/SOURCES.txt'
[1.220s] writing manifest file '../build/demo_nodos/demo_nodos.egg-info/SOURCES.txt'
[1.220s] running build
[1.220s] running build_py
[1.220s] running install
[1.221s] running install_lib
[1.223s] running install_data
[1.223s] running install_egg_info
[1.225s] removing '/home/ros2curso/curso/lab1/install/demo_nodos/lib/python3.10/site-packages/demo_nodos-0.0.0-py3.10.egg-info' (and everything under it)
[1.225s] Copying ../build/demo_nodos/demo_nodos.egg-info to /home/ros2curso/curso/lab1/install/demo_nodos/lib/python3.10/site-packages/demo_nodos-0.0.0-py3.10.egg-info
[1.227s] running install_scripts
[1.260s] Installing simple_n script to /home/ros2curso/curso/lab1/install/demo_nodos/lib/demo_nodos
[1.260s] writing list of installed files to '/home/ros2curso/curso/lab1/build/demo_nodos/install.log'
[1.310s] Invoked command in '/home/ros2curso/curso/lab1/demo_nodos' returned '0': PYTHONPATH=/home/ros2curso/curso/lab1/build/demo_nodos/prefix_override:/home/ros2curso/curso/lab1/install/demo_nodos/lib/python3.10/site-packages:${PYTHONPATH} /usr/bin/python3 -W ignore:setup.py install is deprecated setup.py egg_info --egg-base ../build/demo_nodos build --build-base /home/ros2curso/curso/lab1/build/demo_nodos/build install --record /home/ros2curso/curso/lab1/build/demo_nodos/install.log --single-version-externally-managed install_data
