running egg_info
creating ../build/demo_simulation_1/demo_simulation_1.egg-info
writing ../build/demo_simulation_1/demo_simulation_1.egg-info/PKG-INFO
writing dependency_links to ../build/demo_simulation_1/demo_simulation_1.egg-info/dependency_links.txt
writing entry points to ../build/demo_simulation_1/demo_simulation_1.egg-info/entry_points.txt
writing requirements to ../build/demo_simulation_1/demo_simulation_1.egg-info/requires.txt
writing top-level names to ../build/demo_simulation_1/demo_simulation_1.egg-info/top_level.txt
writing manifest file '../build/demo_simulation_1/demo_simulation_1.egg-info/SOURCES.txt'
reading manifest file '../build/demo_simulation_1/demo_simulation_1.egg-info/SOURCES.txt'
writing manifest file '../build/demo_simulation_1/demo_simulation_1.egg-info/SOURCES.txt'
running build
running build_py
creating /home/ros2curso/curso/lab3/build/demo_simulation_1/build
creating /home/ros2curso/curso/lab3/build/demo_simulation_1/build/lib
creating /home/ros2curso/curso/lab3/build/demo_simulation_1/build/lib/demo_simulation_1
copying demo_simulation_1/__init__.py -> /home/ros2curso/curso/lab3/build/demo_simulation_1/build/lib/demo_simulation_1
running install
running install_lib
creating /home/ros2curso/curso/lab3/install/demo_simulation_1/lib/python3.10/site-packages/demo_simulation_1
copying /home/ros2curso/curso/lab3/build/demo_simulation_1/build/lib/demo_simulation_1/__init__.py -> /home/ros2curso/curso/lab3/install/demo_simulation_1/lib/python3.10/site-packages/demo_simulation_1
byte-compiling /home/ros2curso/curso/lab3/install/demo_simulation_1/lib/python3.10/site-packages/demo_simulation_1/__init__.py to __init__.cpython-310.pyc
running install_data
creating /home/ros2curso/curso/lab3/install/demo_simulation_1/share/ament_index
creating /home/ros2curso/curso/lab3/install/demo_simulation_1/share/ament_index/resource_index
creating /home/ros2curso/curso/lab3/install/demo_simulation_1/share/ament_index/resource_index/packages
copying resource/demo_simulation_1 -> /home/ros2curso/curso/lab3/install/demo_simulation_1/share/ament_index/resource_index/packages
copying package.xml -> /home/ros2curso/curso/lab3/install/demo_simulation_1/share/demo_simulation_1
running install_egg_info
Copying ../build/demo_simulation_1/demo_simulation_1.egg-info to /home/ros2curso/curso/lab3/install/demo_simulation_1/lib/python3.10/site-packages/demo_simulation_1-0.0.0-py3.10.egg-info
running install_scripts
writing list of installed files to '/home/ros2curso/curso/lab3/build/demo_simulation_1/install.log'
