[0.920s] Invoking command in '/home/ros2curso/curso/lab3/demo_simulation_1': PYTHONPATH=/home/ros2curso/curso/lab3/build/demo_simulation_1/prefix_override:/home/ros2curso/curso/lab3/install/demo_simulation_1/lib/python3.10/site-packages:${PYTHONPATH} /usr/bin/python3 -W ignore:setup.py install is deprecated setup.py egg_info --egg-base ../build/demo_simulation_1 build --build-base /home/ros2curso/curso/lab3/build/demo_simulation_1/build install --record /home/ros2curso/curso/lab3/build/demo_simulation_1/install.log --single-version-externally-managed install_data
[1.309s] running egg_info
[1.314s] creating ../build/demo_simulation_1/demo_simulation_1.egg-info
[1.319s] writing ../build/demo_simulation_1/demo_simulation_1.egg-info/PKG-INFO
[1.319s] writing dependency_links to ../build/demo_simulation_1/demo_simulation_1.egg-info/dependency_links.txt
[1.319s] writing entry points to ../build/demo_simulation_1/demo_simulation_1.egg-info/entry_points.txt
[1.320s] writing requirements to ../build/demo_simulation_1/demo_simulation_1.egg-info/requires.txt
[1.320s] writing top-level names to ../build/demo_simulation_1/demo_simulation_1.egg-info/top_level.txt
[1.320s] writing manifest file '../build/demo_simulation_1/demo_simulation_1.egg-info/SOURCES.txt'
[1.320s] reading manifest file '../build/demo_simulation_1/demo_simulation_1.egg-info/SOURCES.txt'
[1.320s] writing manifest file '../build/demo_simulation_1/demo_simulation_1.egg-info/SOURCES.txt'
[1.320s] running build
[1.321s] running build_py
[1.321s] creating /home/ros2curso/curso/lab3/build/demo_simulation_1/build
[1.321s] creating /home/ros2curso/curso/lab3/build/demo_simulation_1/build/lib
[1.321s] creating /home/ros2curso/curso/lab3/build/demo_simulation_1/build/lib/demo_simulation_1
[1.321s] copying demo_simulation_1/__init__.py -> /home/ros2curso/curso/lab3/build/demo_simulation_1/build/lib/demo_simulation_1
[1.328s] running install
[1.329s] running install_lib
[1.329s] creating /home/ros2curso/curso/lab3/install/demo_simulation_1/lib/python3.10/site-packages/demo_simulation_1
[1.329s] copying /home/ros2curso/curso/lab3/build/demo_simulation_1/build/lib/demo_simulation_1/__init__.py -> /home/ros2curso/curso/lab3/install/demo_simulation_1/lib/python3.10/site-packages/demo_simulation_1
[1.329s] byte-compiling /home/ros2curso/curso/lab3/install/demo_simulation_1/lib/python3.10/site-packages/demo_simulation_1/__init__.py to __init__.cpython-310.pyc
[1.329s] running install_data
[1.329s] creating /home/ros2curso/curso/lab3/install/demo_simulation_1/share/ament_index
[1.330s] creating /home/ros2curso/curso/lab3/install/demo_simulation_1/share/ament_index/resource_index
[1.330s] creating /home/ros2curso/curso/lab3/install/demo_simulation_1/share/ament_index/resource_index/packages
[1.330s] copying resource/demo_simulation_1 -> /home/ros2curso/curso/lab3/install/demo_simulation_1/share/ament_index/resource_index/packages
[1.330s] copying package.xml -> /home/ros2curso/curso/lab3/install/demo_simulation_1/share/demo_simulation_1
[1.330s] running install_egg_info
[1.330s] Copying ../build/demo_simulation_1/demo_simulation_1.egg-info to /home/ros2curso/curso/lab3/install/demo_simulation_1/lib/python3.10/site-packages/demo_simulation_1-0.0.0-py3.10.egg-info
[1.330s] running install_scripts
[1.358s] writing list of installed files to '/home/ros2curso/curso/lab3/build/demo_simulation_1/install.log'
[1.423s] Invoked command in '/home/ros2curso/curso/lab3/demo_simulation_1' returned '0': PYTHONPATH=/home/ros2curso/curso/lab3/build/demo_simulation_1/prefix_override:/home/ros2curso/curso/lab3/install/demo_simulation_1/lib/python3.10/site-packages:${PYTHONPATH} /usr/bin/python3 -W ignore:setup.py install is deprecated setup.py egg_info --egg-base ../build/demo_simulation_1 build --build-base /home/ros2curso/curso/lab3/build/demo_simulation_1/build install --record /home/ros2curso/curso/lab3/build/demo_simulation_1/install.log --single-version-externally-managed install_data
