[0.171s] DEBUG:colcon:Command line arguments: ['/usr/bin/colcon', 'build', '--symlink-install']
[0.171s] DEBUG:colcon:Parsed command line arguments: Namespace(log_base=None, log_level=None, verb_name='build', build_base='build', install_base='install', merge_install=False, symlink_install=True, test_result_base=None, continue_on_error=False, executor='parallel', parallel_workers=2, event_handlers=None, ignore_user_meta=False, metas=['./colcon.meta'], base_paths=['.'], packages_ignore=None, packages_ignore_regex=None, paths=None, packages_up_to=None, packages_up_to_regex=None, packages_above=None, packages_above_and_dependencies=None, packages_above_depth=None, packages_select_by_dep=None, packages_skip_by_dep=None, packages_skip_up_to=None, packages_select_build_failed=False, packages_skip_build_finished=False, packages_select_test_failures=False, packages_skip_test_passed=False, packages_select=None, packages_skip=None, packages_select_regex=None, packages_skip_regex=None, packages_start=None, packages_end=None, allow_overriding=[], cmake_args=None, cmake_target=None, cmake_target_skip_unavailable=False, cmake_clean_cache=False, cmake_clean_first=False, cmake_force_configure=False, ament_cmake_args=None, catkin_cmake_args=None, catkin_skip_building_tests=False, mixin_files=None, mixin=None, verb_parser=<colcon_mixin.mixin.mixin_argument.MixinArgumentDecorator object at 0x7eda07e3dc90>, verb_extension=<colcon_core.verb.build.BuildVerb object at 0x7eda07e3d690>, main=<bound method BuildVerb.main of <colcon_core.verb.build.BuildVerb object at 0x7eda07e3d690>>, mixin_verb=('build',))
[0.415s] Level 1:colcon.colcon_core.package_discovery:discover_packages(colcon_meta) check parameters
[0.415s] Level 1:colcon.colcon_core.package_discovery:discover_packages(recursive) check parameters
[0.415s] Level 1:colcon.colcon_core.package_discovery:discover_packages(ignore) check parameters
[0.415s] Level 1:colcon.colcon_core.package_discovery:discover_packages(path) check parameters
[0.415s] Level 1:colcon.colcon_core.package_discovery:discover_packages(colcon_meta) discover
[0.415s] Level 1:colcon.colcon_core.package_discovery:discover_packages(recursive) discover
[0.415s] INFO:colcon.colcon_core.package_discovery:Crawling recursively for packages in '/home/ros2curso/curso/lab1'
[0.415s] Level 1:colcon.colcon_core.package_identification:_identify(.) by extensions ['ignore', 'ignore_ament_install']
[0.415s] Level 1:colcon.colcon_core.package_identification:_identify(.) by extension 'ignore'
[0.415s] Level 1:colcon.colcon_core.package_identification:_identify(.) by extension 'ignore_ament_install'
[0.415s] Level 1:colcon.colcon_core.package_identification:_identify(.) by extensions ['colcon_pkg']
[0.415s] Level 1:colcon.colcon_core.package_identification:_identify(.) by extension 'colcon_pkg'
[0.415s] Level 1:colcon.colcon_core.package_identification:_identify(.) by extensions ['colcon_meta']
[0.415s] Level 1:colcon.colcon_core.package_identification:_identify(.) by extension 'colcon_meta'
[0.415s] Level 1:colcon.colcon_core.package_identification:_identify(.) by extensions ['ros']
[0.415s] Level 1:colcon.colcon_core.package_identification:_identify(.) by extension 'ros'
[0.430s] Level 1:colcon.colcon_core.package_identification:_identify(.) by extensions ['cmake', 'python']
[0.431s] Level 1:colcon.colcon_core.package_identification:_identify(.) by extension 'cmake'
[0.431s] Level 1:colcon.colcon_core.package_identification:_identify(.) by extension 'python'
[0.431s] Level 1:colcon.colcon_core.package_identification:_identify(.) by extensions ['python_setup_py']
[0.431s] Level 1:colcon.colcon_core.package_identification:_identify(.) by extension 'python_setup_py'
[0.431s] Level 1:colcon.colcon_core.package_identification:_identify(build) by extensions ['ignore', 'ignore_ament_install']
[0.431s] Level 1:colcon.colcon_core.package_identification:_identify(build) by extension 'ignore'
[0.431s] Level 1:colcon.colcon_core.package_identification:_identify(build) ignored
[0.432s] Level 1:colcon.colcon_core.package_identification:_identify(demo_nodos) by extensions ['ignore', 'ignore_ament_install']
[0.432s] Level 1:colcon.colcon_core.package_identification:_identify(demo_nodos) by extension 'ignore'
[0.432s] Level 1:colcon.colcon_core.package_identification:_identify(demo_nodos) by extension 'ignore_ament_install'
[0.432s] Level 1:colcon.colcon_core.package_identification:_identify(demo_nodos) by extensions ['colcon_pkg']
[0.432s] Level 1:colcon.colcon_core.package_identification:_identify(demo_nodos) by extension 'colcon_pkg'
[0.432s] Level 1:colcon.colcon_core.package_identification:_identify(demo_nodos) by extensions ['colcon_meta']
[0.432s] Level 1:colcon.colcon_core.package_identification:_identify(demo_nodos) by extension 'colcon_meta'
[0.432s] Level 1:colcon.colcon_core.package_identification:_identify(demo_nodos) by extensions ['ros']
[0.432s] Level 1:colcon.colcon_core.package_identification:_identify(demo_nodos) by extension 'ros'
[0.436s] DEBUG:colcon.colcon_core.package_identification:Package 'demo_nodos' with type 'ros.ament_python' and name 'demo_nodos'
[0.436s] Level 1:colcon.colcon_core.package_identification:_identify(install) by extensions ['ignore', 'ignore_ament_install']
[0.436s] Level 1:colcon.colcon_core.package_identification:_identify(install) by extension 'ignore'
[0.437s] Level 1:colcon.colcon_core.package_identification:_identify(install) ignored
[0.437s] Level 1:colcon.colcon_core.package_identification:_identify(log) by extensions ['ignore', 'ignore_ament_install']
[0.437s] Level 1:colcon.colcon_core.package_identification:_identify(log) by extension 'ignore'
[0.437s] Level 1:colcon.colcon_core.package_identification:_identify(log) ignored
[0.437s] Level 1:colcon.colcon_core.package_discovery:discover_packages(recursive) using defaults
[0.437s] Level 1:colcon.colcon_core.package_discovery:discover_packages(ignore) discover
[0.437s] Level 1:colcon.colcon_core.package_discovery:discover_packages(ignore) using defaults
[0.437s] Level 1:colcon.colcon_core.package_discovery:discover_packages(path) discover
[0.437s] Level 1:colcon.colcon_core.package_discovery:discover_packages(path) using defaults
[0.477s] Level 1:colcon.colcon_core.package_discovery:discover_packages(prefix_path) check parameters
[0.477s] Level 1:colcon.colcon_core.package_discovery:discover_packages(prefix_path) discover
[0.479s] DEBUG:colcon.colcon_installed_package_information.package_discovery:Found 1 installed packages in /home/ros2curso/curso/lab1/install
[0.480s] DEBUG:colcon.colcon_installed_package_information.package_discovery:Found 286 installed packages in /opt/ros/iron
[0.482s] Level 1:colcon.colcon_core.package_discovery:discover_packages(prefix_path) using defaults
[0.535s] Level 5:colcon.colcon_core.verb:set package 'demo_nodos' build argument 'cmake_args' from command line to 'None'
[0.535s] Level 5:colcon.colcon_core.verb:set package 'demo_nodos' build argument 'cmake_target' from command line to 'None'
[0.535s] Level 5:colcon.colcon_core.verb:set package 'demo_nodos' build argument 'cmake_target_skip_unavailable' from command line to 'False'
[0.535s] Level 5:colcon.colcon_core.verb:set package 'demo_nodos' build argument 'cmake_clean_cache' from command line to 'False'
[0.535s] Level 5:colcon.colcon_core.verb:set package 'demo_nodos' build argument 'cmake_clean_first' from command line to 'False'
[0.535s] Level 5:colcon.colcon_core.verb:set package 'demo_nodos' build argument 'cmake_force_configure' from command line to 'False'
[0.535s] Level 5:colcon.colcon_core.verb:set package 'demo_nodos' build argument 'ament_cmake_args' from command line to 'None'
[0.535s] Level 5:colcon.colcon_core.verb:set package 'demo_nodos' build argument 'catkin_cmake_args' from command line to 'None'
[0.535s] Level 5:colcon.colcon_core.verb:set package 'demo_nodos' build argument 'catkin_skip_building_tests' from command line to 'False'
[0.535s] DEBUG:colcon.colcon_core.verb:Building package 'demo_nodos' with the following arguments: {'ament_cmake_args': None, 'build_base': '/home/ros2curso/curso/lab1/build/demo_nodos', 'catkin_cmake_args': None, 'catkin_skip_building_tests': False, 'cmake_args': None, 'cmake_clean_cache': False, 'cmake_clean_first': False, 'cmake_force_configure': False, 'cmake_target': None, 'cmake_target_skip_unavailable': False, 'install_base': '/home/ros2curso/curso/lab1/install/demo_nodos', 'merge_install': False, 'path': '/home/ros2curso/curso/lab1/demo_nodos', 'symlink_install': True, 'test_result_base': None}
[0.536s] INFO:colcon.colcon_core.executor:Executing jobs using 'parallel' executor
[0.540s] DEBUG:colcon.colcon_parallel_executor.executor.parallel:run_until_complete
[0.540s] INFO:colcon.colcon_ros.task.ament_python.build:Building ROS package in '/home/ros2curso/curso/lab1/demo_nodos' with build type 'ament_python'
[0.541s] Level 1:colcon.colcon_core.shell:create_environment_hook('demo_nodos', 'ament_prefix_path')
[0.544s] INFO:colcon.colcon_core.plugin_system:Skipping extension 'colcon_core.shell.bat': Not used on non-Windows systems
[0.544s] INFO:colcon.colcon_core.shell:Creating environment hook '/home/ros2curso/curso/lab1/install/demo_nodos/share/demo_nodos/hook/ament_prefix_path.ps1'
[0.547s] INFO:colcon.colcon_core.shell:Creating environment descriptor '/home/ros2curso/curso/lab1/install/demo_nodos/share/demo_nodos/hook/ament_prefix_path.dsv'
[0.549s] INFO:colcon.colcon_core.shell:Creating environment hook '/home/ros2curso/curso/lab1/install/demo_nodos/share/demo_nodos/hook/ament_prefix_path.sh'
[0.553s] INFO:colcon.colcon_core.shell:Skip shell extension 'powershell' for command environment: Not usable outside of PowerShell
[0.553s] DEBUG:colcon.colcon_core.shell:Skip shell extension 'dsv' for command environment
[0.998s] INFO:colcon.colcon_core.task.python.build:Building Python package in '/home/ros2curso/curso/lab1/demo_nodos'
[0.998s] INFO:colcon.colcon_core.shell:Skip shell extension 'powershell' for command environment: Not usable outside of PowerShell
[0.998s] DEBUG:colcon.colcon_core.shell:Skip shell extension 'dsv' for command environment
[1.495s] DEBUG:colcon.colcon_core.task.python.build:While undoing a previous installation files outside the Python library path are being ignored: /home/ros2curso/curso/lab1/install/demo_nodos/share/ament_index/resource_index/packages/demo_nodos
[1.495s] DEBUG:colcon.colcon_core.task.python.build:While undoing a previous installation files outside the Python library path are being ignored: /home/ros2curso/curso/lab1/install/demo_nodos/share/demo_nodos/package.xml
[1.495s] DEBUG:colcon.colcon_core.task.python.build:While undoing a previous installation files outside the Python library path are being ignored: /home/ros2curso/curso/lab1/install/demo_nodos/lib/demo_nodos/simple_node
[1.499s] DEBUG:colcon.colcon_core.event_handler.log_command:Invoking command in '/home/ros2curso/curso/lab1/build/demo_nodos': PYTHONPATH=/home/ros2curso/curso/lab1/build/demo_nodos/prefix_override:/home/ros2curso/curso/lab1/install/demo_nodos/lib/python3.10/site-packages:${PYTHONPATH} /usr/bin/python3 -W ignore:setup.py install is deprecated setup.py develop --editable --build-directory /home/ros2curso/curso/lab1/build/demo_nodos/build --no-deps symlink_data --force
[2.218s] Level 1:colcon.colcon_core.shell:create_environment_hook('demo_nodos', 'pythonpath_develop')
[2.219s] INFO:colcon.colcon_core.shell:Creating environment hook '/home/ros2curso/curso/lab1/build/demo_nodos/share/demo_nodos/hook/pythonpath_develop.ps1'
[2.221s] INFO:colcon.colcon_core.shell:Creating environment descriptor '/home/ros2curso/curso/lab1/build/demo_nodos/share/demo_nodos/hook/pythonpath_develop.dsv'
[2.223s] DEBUG:colcon.colcon_core.event_handler.log_command:Invoked command in '/home/ros2curso/curso/lab1/build/demo_nodos' returned '0': PYTHONPATH=/home/ros2curso/curso/lab1/build/demo_nodos/prefix_override:/home/ros2curso/curso/lab1/install/demo_nodos/lib/python3.10/site-packages:${PYTHONPATH} /usr/bin/python3 -W ignore:setup.py install is deprecated setup.py develop --editable --build-directory /home/ros2curso/curso/lab1/build/demo_nodos/build --no-deps symlink_data --force
[2.223s] INFO:colcon.colcon_core.shell:Creating environment hook '/home/ros2curso/curso/lab1/build/demo_nodos/share/demo_nodos/hook/pythonpath_develop.sh'
[2.231s] Level 1:colcon.colcon_core.environment:checking '/home/ros2curso/curso/lab1/install/demo_nodos' for CMake module files
[2.231s] Level 1:colcon.colcon_core.environment:checking '/home/ros2curso/curso/lab1/install/demo_nodos' for CMake config files
[2.232s] Level 1:colcon.colcon_core.environment:checking '/home/ros2curso/curso/lab1/install/demo_nodos/lib'
[2.233s] Level 1:colcon.colcon_core.environment:checking '/home/ros2curso/curso/lab1/install/demo_nodos/bin'
[2.233s] Level 1:colcon.colcon_core.environment:checking '/home/ros2curso/curso/lab1/install/demo_nodos/lib/pkgconfig/demo_nodos.pc'
[2.233s] Level 1:colcon.colcon_core.environment:checking '/home/ros2curso/curso/lab1/install/demo_nodos/lib/python3.10/site-packages'
[2.233s] Level 1:colcon.colcon_core.shell:create_environment_hook('demo_nodos', 'pythonpath')
[2.234s] INFO:colcon.colcon_core.shell:Creating environment hook '/home/ros2curso/curso/lab1/install/demo_nodos/share/demo_nodos/hook/pythonpath.ps1'
[2.235s] INFO:colcon.colcon_core.shell:Creating environment descriptor '/home/ros2curso/curso/lab1/install/demo_nodos/share/demo_nodos/hook/pythonpath.dsv'
[2.235s] INFO:colcon.colcon_core.shell:Creating environment hook '/home/ros2curso/curso/lab1/install/demo_nodos/share/demo_nodos/hook/pythonpath.sh'
[2.236s] Level 1:colcon.colcon_core.environment:checking '/home/ros2curso/curso/lab1/install/demo_nodos/bin'
[2.237s] Level 1:colcon.colcon_core.environment:create_environment_scripts_only(demo_nodos)
[2.237s] INFO:colcon.colcon_core.shell:Creating package script '/home/ros2curso/curso/lab1/install/demo_nodos/share/demo_nodos/package.ps1'
[2.239s] INFO:colcon.colcon_core.shell:Creating package descriptor '/home/ros2curso/curso/lab1/install/demo_nodos/share/demo_nodos/package.dsv'
[2.240s] INFO:colcon.colcon_core.shell:Creating package script '/home/ros2curso/curso/lab1/install/demo_nodos/share/demo_nodos/package.sh'
[2.241s] INFO:colcon.colcon_core.shell:Creating package script '/home/ros2curso/curso/lab1/install/demo_nodos/share/demo_nodos/package.bash'
[2.243s] INFO:colcon.colcon_core.shell:Creating package script '/home/ros2curso/curso/lab1/install/demo_nodos/share/demo_nodos/package.zsh'
[2.244s] Level 1:colcon.colcon_core.environment:create_file_with_runtime_dependencies(/home/ros2curso/curso/lab1/install/demo_nodos/share/colcon-core/packages/demo_nodos)
[2.244s] DEBUG:colcon.colcon_parallel_executor.executor.parallel:closing loop
[2.244s] DEBUG:colcon.colcon_parallel_executor.executor.parallel:loop closed
[2.245s] DEBUG:colcon.colcon_parallel_executor.executor.parallel:run_until_complete finished with '0'
[2.245s] DEBUG:colcon.colcon_core.event_reactor:joining thread
[2.252s] INFO:colcon.colcon_core.plugin_system:Skipping extension 'colcon_notification.desktop_notification.terminal_notifier': Not used on non-Darwin systems
[2.252s] INFO:colcon.colcon_core.plugin_system:Skipping extension 'colcon_notification.desktop_notification.win32': Not used on non-Windows systems
[2.252s] INFO:colcon.colcon_notification.desktop_notification:Sending desktop notification using 'notify2'
[2.285s] DEBUG:colcon.colcon_core.event_reactor:joined thread
[2.286s] INFO:colcon.colcon_core.shell:Creating prefix script '/home/ros2curso/curso/lab1/install/local_setup.ps1'
[2.287s] INFO:colcon.colcon_core.shell:Creating prefix util module '/home/ros2curso/curso/lab1/install/_local_setup_util_ps1.py'
[2.289s] INFO:colcon.colcon_core.shell:Creating prefix chain script '/home/ros2curso/curso/lab1/install/setup.ps1'
[2.291s] INFO:colcon.colcon_core.shell:Creating prefix script '/home/ros2curso/curso/lab1/install/local_setup.sh'
[2.292s] INFO:colcon.colcon_core.shell:Creating prefix util module '/home/ros2curso/curso/lab1/install/_local_setup_util_sh.py'
[2.293s] INFO:colcon.colcon_core.shell:Creating prefix chain script '/home/ros2curso/curso/lab1/install/setup.sh'
[2.295s] INFO:colcon.colcon_core.shell:Creating prefix script '/home/ros2curso/curso/lab1/install/local_setup.bash'
[2.295s] INFO:colcon.colcon_core.shell:Creating prefix chain script '/home/ros2curso/curso/lab1/install/setup.bash'
[2.297s] INFO:colcon.colcon_core.shell:Creating prefix script '/home/ros2curso/curso/lab1/install/local_setup.zsh'
[2.298s] INFO:colcon.colcon_core.shell:Creating prefix chain script '/home/ros2curso/curso/lab1/install/setup.zsh'
