[0.947s] Invoking command in '/home/ros2curso/curso/lab5/demo_simulation3': PYTHONPATH=/home/ros2curso/curso/lab5/build/demo_simulation3/prefix_override:/home/ros2curso/curso/lab5/install/demo_simulation3/lib/python3.10/site-packages:${PYTHONPATH} /usr/bin/python3 -W ignore:setup.py install is deprecated setup.py egg_info --egg-base ../build/demo_simulation3 build --build-base /home/ros2curso/curso/lab5/build/demo_simulation3/build install --record /home/ros2curso/curso/lab5/build/demo_simulation3/install.log --single-version-externally-managed install_data
[1.227s] running egg_info
[1.228s] writing ../build/demo_simulation3/demo_simulation3.egg-info/PKG-INFO
[1.233s] writing dependency_links to ../build/demo_simulation3/demo_simulation3.egg-info/dependency_links.txt
[1.233s] writing entry points to ../build/demo_simulation3/demo_simulation3.egg-info/entry_points.txt
[1.233s] writing requirements to ../build/demo_simulation3/demo_simulation3.egg-info/requires.txt
[1.233s] writing top-level names to ../build/demo_simulation3/demo_simulation3.egg-info/top_level.txt
[1.235s] reading manifest file '../build/demo_simulation3/demo_simulation3.egg-info/SOURCES.txt'
[1.238s] writing manifest file '../build/demo_simulation3/demo_simulation3.egg-info/SOURCES.txt'
[1.238s] running build
[1.238s] running build_py
[1.240s] running install
[1.240s] running install_lib
[1.243s] running install_data
[1.247s] running install_egg_info
[1.248s] removing '/home/ros2curso/curso/lab5/install/demo_simulation3/lib/python3.10/site-packages/demo_simulation3-0.0.0-py3.10.egg-info' (and everything under it)
[1.249s] Copying ../build/demo_simulation3/demo_simulation3.egg-info to /home/ros2curso/curso/lab5/install/demo_simulation3/lib/python3.10/site-packages/demo_simulation3-0.0.0-py3.10.egg-info
[1.251s] running install_scripts
[1.279s] writing list of installed files to '/home/ros2curso/curso/lab5/build/demo_simulation3/install.log'
[1.309s] Invoked command in '/home/ros2curso/curso/lab5/demo_simulation3' returned '0': PYTHONPATH=/home/ros2curso/curso/lab5/build/demo_simulation3/prefix_override:/home/ros2curso/curso/lab5/install/demo_simulation3/lib/python3.10/site-packages:${PYTHONPATH} /usr/bin/python3 -W ignore:setup.py install is deprecated setup.py egg_info --egg-base ../build/demo_simulation3 build --build-base /home/ros2curso/curso/lab5/build/demo_simulation3/build install --record /home/ros2curso/curso/lab5/build/demo_simulation3/install.log --single-version-externally-managed install_data
