[0.999s] Invoking command in '/home/ros2curso/curso/lab2/demo_launch': PYTHONPATH=/home/ros2curso/curso/lab2/build/demo_launch/prefix_override:/home/ros2curso/curso/lab2/install/demo_launch/lib/python3.10/site-packages:${PYTHONPATH} /usr/bin/python3 -W ignore:setup.py install is deprecated setup.py egg_info --egg-base ../build/demo_launch build --build-base /home/ros2curso/curso/lab2/build/demo_launch/build install --record /home/ros2curso/curso/lab2/build/demo_launch/install.log --single-version-externally-managed install_data
[1.349s] running egg_info
[1.352s] writing ../build/demo_launch/demo_launch.egg-info/PKG-INFO
[1.362s] writing dependency_links to ../build/demo_launch/demo_launch.egg-info/dependency_links.txt
[1.364s] writing entry points to ../build/demo_launch/demo_launch.egg-info/entry_points.txt
[1.366s] writing requirements to ../build/demo_launch/demo_launch.egg-info/requires.txt
[1.368s] writing top-level names to ../build/demo_launch/demo_launch.egg-info/top_level.txt
[1.377s] reading manifest file '../build/demo_launch/demo_launch.egg-info/SOURCES.txt'
[1.386s] writing manifest file '../build/demo_launch/demo_launch.egg-info/SOURCES.txt'
[1.386s] running build
[1.386s] running build_py
[1.386s] copying demo_launch/pub_node.py -> /home/ros2curso/curso/lab2/build/demo_launch/build/lib/demo_launch
[1.387s] running install
[1.387s] running install_lib
[1.387s] copying /home/ros2curso/curso/lab2/build/demo_launch/build/lib/demo_launch/pub_node.py -> /home/ros2curso/curso/lab2/install/demo_launch/lib/python3.10/site-packages/demo_launch
[1.395s] byte-compiling /home/ros2curso/curso/lab2/install/demo_launch/lib/python3.10/site-packages/demo_launch/pub_node.py to pub_node.cpython-310.pyc
[1.397s] running install_data
[1.398s] running install_egg_info
[1.400s] removing '/home/ros2curso/curso/lab2/install/demo_launch/lib/python3.10/site-packages/demo_launch-0.0.0-py3.10.egg-info' (and everything under it)
[1.408s] Copying ../build/demo_launch/demo_launch.egg-info to /home/ros2curso/curso/lab2/install/demo_launch/lib/python3.10/site-packages/demo_launch-0.0.0-py3.10.egg-info
[1.410s] running install_scripts
[1.450s] Installing simple_pub script to /home/ros2curso/curso/lab2/install/demo_launch/lib/demo_launch
[1.454s] Installing simple_sub script to /home/ros2curso/curso/lab2/install/demo_launch/lib/demo_launch
[1.456s] writing list of installed files to '/home/ros2curso/curso/lab2/build/demo_launch/install.log'
[1.510s] Invoked command in '/home/ros2curso/curso/lab2/demo_launch' returned '0': PYTHONPATH=/home/ros2curso/curso/lab2/build/demo_launch/prefix_override:/home/ros2curso/curso/lab2/install/demo_launch/lib/python3.10/site-packages:${PYTHONPATH} /usr/bin/python3 -W ignore:setup.py install is deprecated setup.py egg_info --egg-base ../build/demo_launch build --build-base /home/ros2curso/curso/lab2/build/demo_launch/build install --record /home/ros2curso/curso/lab2/build/demo_launch/install.log --single-version-externally-managed install_data
