[0.262s] DEBUG:colcon:Command line arguments: ['/usr/bin/colcon', 'build']
[0.262s] DEBUG:colcon:Parsed command line arguments: Namespace(log_base=None, log_level=None, verb_name='build', build_base='build', install_base='install', merge_install=False, symlink_install=False, test_result_base=None, continue_on_error=False, executor='parallel', parallel_workers=2, event_handlers=None, ignore_user_meta=False, metas=['./colcon.meta'], base_paths=['.'], packages_ignore=None, packages_ignore_regex=None, paths=None, packages_up_to=None, packages_up_to_regex=None, packages_above=None, packages_above_and_dependencies=None, packages_above_depth=None, packages_select_by_dep=None, packages_skip_by_dep=None, packages_skip_up_to=None, packages_select_build_failed=False, packages_skip_build_finished=False, packages_select_test_failures=False, packages_skip_test_passed=False, packages_select=None, packages_skip=None, packages_select_regex=None, packages_skip_regex=None, packages_start=None, packages_end=None, allow_overriding=[], cmake_args=None, cmake_target=None, cmake_target_skip_unavailable=False, cmake_clean_cache=False, cmake_clean_first=False, cmake_force_configure=False, ament_cmake_args=None, catkin_cmake_args=None, catkin_skip_building_tests=False, mixin_files=None, mixin=None, verb_parser=<colcon_mixin.mixin.mixin_argument.MixinArgumentDecorator object at 0x7f3917555a50>, verb_extension=<colcon_core.verb.build.BuildVerb object at 0x7f39175554e0>, main=<bound method BuildVerb.main of <colcon_core.verb.build.BuildVerb object at 0x7f39175554e0>>, mixin_verb=('build',))
[0.561s] Level 1:colcon.colcon_core.package_discovery:discover_packages(colcon_meta) check parameters
[0.561s] Level 1:colcon.colcon_core.package_discovery:discover_packages(recursive) check parameters
[0.561s] Level 1:colcon.colcon_core.package_discovery:discover_packages(ignore) check parameters
[0.561s] Level 1:colcon.colcon_core.package_discovery:discover_packages(path) check parameters
[0.561s] Level 1:colcon.colcon_core.package_discovery:discover_packages(colcon_meta) discover
[0.561s] Level 1:colcon.colcon_core.package_discovery:discover_packages(recursive) discover
[0.561s] INFO:colcon.colcon_core.package_discovery:Crawling recursively for packages in '/home/ros2curso/curso/lab4'
[0.561s] Level 1:colcon.colcon_core.package_identification:_identify(.) by extensions ['ignore', 'ignore_ament_install']
[0.562s] Level 1:colcon.colcon_core.package_identification:_identify(.) by extension 'ignore'
[0.562s] Level 1:colcon.colcon_core.package_identification:_identify(.) by extension 'ignore_ament_install'
[0.562s] Level 1:colcon.colcon_core.package_identification:_identify(.) by extensions ['colcon_pkg']
[0.562s] Level 1:colcon.colcon_core.package_identification:_identify(.) by extension 'colcon_pkg'
[0.562s] Level 1:colcon.colcon_core.package_identification:_identify(.) by extensions ['colcon_meta']
[0.562s] Level 1:colcon.colcon_core.package_identification:_identify(.) by extension 'colcon_meta'
[0.562s] Level 1:colcon.colcon_core.package_identification:_identify(.) by extensions ['ros']
[0.562s] Level 1:colcon.colcon_core.package_identification:_identify(.) by extension 'ros'
[0.590s] Level 1:colcon.colcon_core.package_identification:_identify(.) by extensions ['cmake', 'python']
[0.591s] Level 1:colcon.colcon_core.package_identification:_identify(.) by extension 'cmake'
[0.591s] Level 1:colcon.colcon_core.package_identification:_identify(.) by extension 'python'
[0.591s] Level 1:colcon.colcon_core.package_identification:_identify(.) by extensions ['python_setup_py']
[0.591s] Level 1:colcon.colcon_core.package_identification:_identify(.) by extension 'python_setup_py'
[0.591s] Level 1:colcon.colcon_core.package_identification:_identify(build) by extensions ['ignore', 'ignore_ament_install']
[0.592s] Level 1:colcon.colcon_core.package_identification:_identify(build) by extension 'ignore'
[0.592s] Level 1:colcon.colcon_core.package_identification:_identify(build) ignored
[0.592s] Level 1:colcon.colcon_core.package_identification:_identify(demo_simulation_2) by extensions ['ignore', 'ignore_ament_install']
[0.593s] Level 1:colcon.colcon_core.package_identification:_identify(demo_simulation_2) by extension 'ignore'
[0.593s] Level 1:colcon.colcon_core.package_identification:_identify(demo_simulation_2) by extension 'ignore_ament_install'
[0.593s] Level 1:colcon.colcon_core.package_identification:_identify(demo_simulation_2) by extensions ['colcon_pkg']
[0.593s] Level 1:colcon.colcon_core.package_identification:_identify(demo_simulation_2) by extension 'colcon_pkg'
[0.593s] Level 1:colcon.colcon_core.package_identification:_identify(demo_simulation_2) by extensions ['colcon_meta']
[0.593s] Level 1:colcon.colcon_core.package_identification:_identify(demo_simulation_2) by extension 'colcon_meta'
[0.593s] Level 1:colcon.colcon_core.package_identification:_identify(demo_simulation_2) by extensions ['ros']
[0.593s] Level 1:colcon.colcon_core.package_identification:_identify(demo_simulation_2) by extension 'ros'
[0.603s] DEBUG:colcon.colcon_core.package_identification:Package 'demo_simulation_2' with type 'ros.ament_python' and name 'demo_simulation_2'
[0.603s] Level 1:colcon.colcon_core.package_identification:_identify(install) by extensions ['ignore', 'ignore_ament_install']
[0.603s] Level 1:colcon.colcon_core.package_identification:_identify(install) by extension 'ignore'
[0.603s] Level 1:colcon.colcon_core.package_identification:_identify(install) ignored
[0.604s] Level 1:colcon.colcon_core.package_identification:_identify(log) by extensions ['ignore', 'ignore_ament_install']
[0.604s] Level 1:colcon.colcon_core.package_identification:_identify(log) by extension 'ignore'
[0.604s] Level 1:colcon.colcon_core.package_identification:_identify(log) ignored
[0.605s] Level 1:colcon.colcon_core.package_identification:_identify(worlds) by extensions ['ignore', 'ignore_ament_install']
[0.605s] Level 1:colcon.colcon_core.package_identification:_identify(worlds) by extension 'ignore'
[0.605s] Level 1:colcon.colcon_core.package_identification:_identify(worlds) by extension 'ignore_ament_install'
[0.605s] Level 1:colcon.colcon_core.package_identification:_identify(worlds) by extensions ['colcon_pkg']
[0.606s] Level 1:colcon.colcon_core.package_identification:_identify(worlds) by extension 'colcon_pkg'
[0.606s] Level 1:colcon.colcon_core.package_identification:_identify(worlds) by extensions ['colcon_meta']
[0.606s] Level 1:colcon.colcon_core.package_identification:_identify(worlds) by extension 'colcon_meta'
[0.606s] Level 1:colcon.colcon_core.package_identification:_identify(worlds) by extensions ['ros']
[0.606s] Level 1:colcon.colcon_core.package_identification:_identify(worlds) by extension 'ros'
[0.606s] Level 1:colcon.colcon_core.package_identification:_identify(worlds) by extensions ['cmake', 'python']
[0.606s] Level 1:colcon.colcon_core.package_identification:_identify(worlds) by extension 'cmake'
[0.606s] Level 1:colcon.colcon_core.package_identification:_identify(worlds) by extension 'python'
[0.606s] Level 1:colcon.colcon_core.package_identification:_identify(worlds) by extensions ['python_setup_py']
[0.606s] Level 1:colcon.colcon_core.package_identification:_identify(worlds) by extension 'python_setup_py'
[0.606s] Level 1:colcon.colcon_core.package_identification:_identify(worlds/PiezaConObstaculos) by extensions ['ignore', 'ignore_ament_install']
[0.607s] Level 1:colcon.colcon_core.package_identification:_identify(worlds/PiezaConObstaculos) by extension 'ignore'
[0.607s] Level 1:colcon.colcon_core.package_identification:_identify(worlds/PiezaConObstaculos) by extension 'ignore_ament_install'
[0.607s] Level 1:colcon.colcon_core.package_identification:_identify(worlds/PiezaConObstaculos) by extensions ['colcon_pkg']
[0.607s] Level 1:colcon.colcon_core.package_identification:_identify(worlds/PiezaConObstaculos) by extension 'colcon_pkg'
[0.608s] Level 1:colcon.colcon_core.package_identification:_identify(worlds/PiezaConObstaculos) by extensions ['colcon_meta']
[0.608s] Level 1:colcon.colcon_core.package_identification:_identify(worlds/PiezaConObstaculos) by extension 'colcon_meta'
[0.608s] Level 1:colcon.colcon_core.package_identification:_identify(worlds/PiezaConObstaculos) by extensions ['ros']
[0.608s] Level 1:colcon.colcon_core.package_identification:_identify(worlds/PiezaConObstaculos) by extension 'ros'
[0.608s] Level 1:colcon.colcon_core.package_identification:_identify(worlds/PiezaConObstaculos) by extensions ['cmake', 'python']
[0.609s] Level 1:colcon.colcon_core.package_identification:_identify(worlds/PiezaConObstaculos) by extension 'cmake'
[0.610s] Level 1:colcon.colcon_core.package_identification:_identify(worlds/PiezaConObstaculos) by extension 'python'
[0.610s] Level 1:colcon.colcon_core.package_identification:_identify(worlds/PiezaConObstaculos) by extensions ['python_setup_py']
[0.610s] Level 1:colcon.colcon_core.package_identification:_identify(worlds/PiezaConObstaculos) by extension 'python_setup_py'
[0.611s] Level 1:colcon.colcon_core.package_identification:_identify(worlds/Pieza_simple) by extensions ['ignore', 'ignore_ament_install']
[0.611s] Level 1:colcon.colcon_core.package_identification:_identify(worlds/Pieza_simple) by extension 'ignore'
[0.611s] Level 1:colcon.colcon_core.package_identification:_identify(worlds/Pieza_simple) by extension 'ignore_ament_install'
[0.611s] Level 1:colcon.colcon_core.package_identification:_identify(worlds/Pieza_simple) by extensions ['colcon_pkg']
[0.611s] Level 1:colcon.colcon_core.package_identification:_identify(worlds/Pieza_simple) by extension 'colcon_pkg'
[0.611s] Level 1:colcon.colcon_core.package_identification:_identify(worlds/Pieza_simple) by extensions ['colcon_meta']
[0.611s] Level 1:colcon.colcon_core.package_identification:_identify(worlds/Pieza_simple) by extension 'colcon_meta'
[0.611s] Level 1:colcon.colcon_core.package_identification:_identify(worlds/Pieza_simple) by extensions ['ros']
[0.611s] Level 1:colcon.colcon_core.package_identification:_identify(worlds/Pieza_simple) by extension 'ros'
[0.612s] Level 1:colcon.colcon_core.package_identification:_identify(worlds/Pieza_simple) by extensions ['cmake', 'python']
[0.612s] Level 1:colcon.colcon_core.package_identification:_identify(worlds/Pieza_simple) by extension 'cmake'
[0.612s] Level 1:colcon.colcon_core.package_identification:_identify(worlds/Pieza_simple) by extension 'python'
[0.612s] Level 1:colcon.colcon_core.package_identification:_identify(worlds/Pieza_simple) by extensions ['python_setup_py']
[0.612s] Level 1:colcon.colcon_core.package_identification:_identify(worlds/Pieza_simple) by extension 'python_setup_py'
[0.612s] Level 1:colcon.colcon_core.package_discovery:discover_packages(recursive) using defaults
[0.612s] Level 1:colcon.colcon_core.package_discovery:discover_packages(ignore) discover
[0.613s] Level 1:colcon.colcon_core.package_discovery:discover_packages(ignore) using defaults
[0.613s] Level 1:colcon.colcon_core.package_discovery:discover_packages(path) discover
[0.613s] Level 1:colcon.colcon_core.package_discovery:discover_packages(path) using defaults
[0.660s] Level 1:colcon.colcon_core.package_discovery:discover_packages(prefix_path) check parameters
[0.660s] Level 1:colcon.colcon_core.package_discovery:discover_packages(prefix_path) discover
[0.671s] DEBUG:colcon.colcon_installed_package_information.package_discovery:Found 293 installed packages in /opt/ros/iron
[0.674s] Level 1:colcon.colcon_core.package_discovery:discover_packages(prefix_path) using defaults
[0.743s] Level 5:colcon.colcon_core.verb:set package 'demo_simulation_2' build argument 'cmake_args' from command line to 'None'
[0.743s] Level 5:colcon.colcon_core.verb:set package 'demo_simulation_2' build argument 'cmake_target' from command line to 'None'
[0.743s] Level 5:colcon.colcon_core.verb:set package 'demo_simulation_2' build argument 'cmake_target_skip_unavailable' from command line to 'False'
[0.744s] Level 5:colcon.colcon_core.verb:set package 'demo_simulation_2' build argument 'cmake_clean_cache' from command line to 'False'
[0.744s] Level 5:colcon.colcon_core.verb:set package 'demo_simulation_2' build argument 'cmake_clean_first' from command line to 'False'
[0.744s] Level 5:colcon.colcon_core.verb:set package 'demo_simulation_2' build argument 'cmake_force_configure' from command line to 'False'
[0.744s] Level 5:colcon.colcon_core.verb:set package 'demo_simulation_2' build argument 'ament_cmake_args' from command line to 'None'
[0.744s] Level 5:colcon.colcon_core.verb:set package 'demo_simulation_2' build argument 'catkin_cmake_args' from command line to 'None'
[0.744s] Level 5:colcon.colcon_core.verb:set package 'demo_simulation_2' build argument 'catkin_skip_building_tests' from command line to 'False'
[0.744s] DEBUG:colcon.colcon_core.verb:Building package 'demo_simulation_2' with the following arguments: {'ament_cmake_args': None, 'build_base': '/home/ros2curso/curso/lab4/build/demo_simulation_2', 'catkin_cmake_args': None, 'catkin_skip_building_tests': False, 'cmake_args': None, 'cmake_clean_cache': False, 'cmake_clean_first': False, 'cmake_force_configure': False, 'cmake_target': None, 'cmake_target_skip_unavailable': False, 'install_base': '/home/ros2curso/curso/lab4/install/demo_simulation_2', 'merge_install': False, 'path': '/home/ros2curso/curso/lab4/demo_simulation_2', 'symlink_install': False, 'test_result_base': None}
[0.744s] INFO:colcon.colcon_core.executor:Executing jobs using 'parallel' executor
[0.745s] DEBUG:colcon.colcon_parallel_executor.executor.parallel:run_until_complete
[0.746s] INFO:colcon.colcon_ros.task.ament_python.build:Building ROS package in '/home/ros2curso/curso/lab4/demo_simulation_2' with build type 'ament_python'
[0.746s] Level 1:colcon.colcon_core.shell:create_environment_hook('demo_simulation_2', 'ament_prefix_path')
[0.762s] INFO:colcon.colcon_core.plugin_system:Skipping extension 'colcon_core.shell.bat': Not used on non-Windows systems
[0.764s] INFO:colcon.colcon_core.shell:Creating environment hook '/home/ros2curso/curso/lab4/install/demo_simulation_2/share/demo_simulation_2/hook/ament_prefix_path.ps1'
[0.767s] INFO:colcon.colcon_core.shell:Creating environment descriptor '/home/ros2curso/curso/lab4/install/demo_simulation_2/share/demo_simulation_2/hook/ament_prefix_path.dsv'
[0.770s] INFO:colcon.colcon_core.shell:Creating environment hook '/home/ros2curso/curso/lab4/install/demo_simulation_2/share/demo_simulation_2/hook/ament_prefix_path.sh'
[0.774s] INFO:colcon.colcon_core.shell:Skip shell extension 'powershell' for command environment: Not usable outside of PowerShell
[0.774s] DEBUG:colcon.colcon_core.shell:Skip shell extension 'dsv' for command environment
[1.403s] INFO:colcon.colcon_core.task.python.build:Building Python package in '/home/ros2curso/curso/lab4/demo_simulation_2'
[1.404s] INFO:colcon.colcon_core.shell:Skip shell extension 'powershell' for command environment: Not usable outside of PowerShell
[1.404s] DEBUG:colcon.colcon_core.shell:Skip shell extension 'dsv' for command environment
[2.212s] DEBUG:colcon.colcon_core.event_handler.log_command:Invoking command in '/home/ros2curso/curso/lab4/demo_simulation_2': PYTHONPATH=/home/ros2curso/curso/lab4/build/demo_simulation_2/prefix_override:/home/ros2curso/curso/lab4/install/demo_simulation_2/lib/python3.10/site-packages:${PYTHONPATH} /usr/bin/python3 -W ignore:setup.py install is deprecated setup.py egg_info --egg-base ../build/demo_simulation_2 build --build-base /home/ros2curso/curso/lab4/build/demo_simulation_2/build install --record /home/ros2curso/curso/lab4/build/demo_simulation_2/install.log --single-version-externally-managed install_data
[2.842s] DEBUG:colcon.colcon_core.event_handler.log_command:Invoked command in '/home/ros2curso/curso/lab4/demo_simulation_2' returned '0': PYTHONPATH=/home/ros2curso/curso/lab4/build/demo_simulation_2/prefix_override:/home/ros2curso/curso/lab4/install/demo_simulation_2/lib/python3.10/site-packages:${PYTHONPATH} /usr/bin/python3 -W ignore:setup.py install is deprecated setup.py egg_info --egg-base ../build/demo_simulation_2 build --build-base /home/ros2curso/curso/lab4/build/demo_simulation_2/build install --record /home/ros2curso/curso/lab4/build/demo_simulation_2/install.log --single-version-externally-managed install_data
[2.858s] Level 1:colcon.colcon_core.environment:checking '/home/ros2curso/curso/lab4/install/demo_simulation_2' for CMake module files
[2.861s] Level 1:colcon.colcon_core.environment:checking '/home/ros2curso/curso/lab4/install/demo_simulation_2' for CMake config files
[2.863s] Level 1:colcon.colcon_core.environment:checking '/home/ros2curso/curso/lab4/install/demo_simulation_2/lib'
[2.863s] Level 1:colcon.colcon_core.environment:checking '/home/ros2curso/curso/lab4/install/demo_simulation_2/bin'
[2.863s] Level 1:colcon.colcon_core.environment:checking '/home/ros2curso/curso/lab4/install/demo_simulation_2/lib/pkgconfig/demo_simulation_2.pc'
[2.864s] Level 1:colcon.colcon_core.environment:checking '/home/ros2curso/curso/lab4/install/demo_simulation_2/lib/python3.10/site-packages'
[2.865s] Level 1:colcon.colcon_core.shell:create_environment_hook('demo_simulation_2', 'pythonpath')
[2.865s] INFO:colcon.colcon_core.shell:Creating environment hook '/home/ros2curso/curso/lab4/install/demo_simulation_2/share/demo_simulation_2/hook/pythonpath.ps1'
[2.866s] INFO:colcon.colcon_core.shell:Creating environment descriptor '/home/ros2curso/curso/lab4/install/demo_simulation_2/share/demo_simulation_2/hook/pythonpath.dsv'
[2.868s] INFO:colcon.colcon_core.shell:Creating environment hook '/home/ros2curso/curso/lab4/install/demo_simulation_2/share/demo_simulation_2/hook/pythonpath.sh'
[2.870s] Level 1:colcon.colcon_core.environment:checking '/home/ros2curso/curso/lab4/install/demo_simulation_2/bin'
[2.870s] Level 1:colcon.colcon_core.environment:create_environment_scripts_only(demo_simulation_2)
[2.870s] INFO:colcon.colcon_core.shell:Creating package script '/home/ros2curso/curso/lab4/install/demo_simulation_2/share/demo_simulation_2/package.ps1'
[2.874s] INFO:colcon.colcon_core.shell:Creating package descriptor '/home/ros2curso/curso/lab4/install/demo_simulation_2/share/demo_simulation_2/package.dsv'
[2.877s] INFO:colcon.colcon_core.shell:Creating package script '/home/ros2curso/curso/lab4/install/demo_simulation_2/share/demo_simulation_2/package.sh'
[2.881s] INFO:colcon.colcon_core.shell:Creating package script '/home/ros2curso/curso/lab4/install/demo_simulation_2/share/demo_simulation_2/package.bash'
[2.884s] INFO:colcon.colcon_core.shell:Creating package script '/home/ros2curso/curso/lab4/install/demo_simulation_2/share/demo_simulation_2/package.zsh'
[2.887s] Level 1:colcon.colcon_core.environment:create_file_with_runtime_dependencies(/home/ros2curso/curso/lab4/install/demo_simulation_2/share/colcon-core/packages/demo_simulation_2)
[2.889s] DEBUG:colcon.colcon_parallel_executor.executor.parallel:closing loop
[2.889s] DEBUG:colcon.colcon_parallel_executor.executor.parallel:loop closed
[2.889s] DEBUG:colcon.colcon_parallel_executor.executor.parallel:run_until_complete finished with '0'
[2.890s] DEBUG:colcon.colcon_core.event_reactor:joining thread
[2.908s] INFO:colcon.colcon_core.plugin_system:Skipping extension 'colcon_notification.desktop_notification.terminal_notifier': Not used on non-Darwin systems
[2.910s] INFO:colcon.colcon_core.plugin_system:Skipping extension 'colcon_notification.desktop_notification.win32': Not used on non-Windows systems
[2.910s] INFO:colcon.colcon_notification.desktop_notification:Sending desktop notification using 'notify2'
[3.033s] DEBUG:colcon.colcon_core.event_reactor:joined thread
[3.034s] INFO:colcon.colcon_core.shell:Creating prefix script '/home/ros2curso/curso/lab4/install/local_setup.ps1'
[3.038s] INFO:colcon.colcon_core.shell:Creating prefix util module '/home/ros2curso/curso/lab4/install/_local_setup_util_ps1.py'
[3.046s] INFO:colcon.colcon_core.shell:Creating prefix chain script '/home/ros2curso/curso/lab4/install/setup.ps1'
[3.052s] INFO:colcon.colcon_core.shell:Creating prefix script '/home/ros2curso/curso/lab4/install/local_setup.sh'
[3.055s] INFO:colcon.colcon_core.shell:Creating prefix util module '/home/ros2curso/curso/lab4/install/_local_setup_util_sh.py'
[3.061s] INFO:colcon.colcon_core.shell:Creating prefix chain script '/home/ros2curso/curso/lab4/install/setup.sh'
[3.065s] INFO:colcon.colcon_core.shell:Creating prefix script '/home/ros2curso/curso/lab4/install/local_setup.bash'
[3.068s] INFO:colcon.colcon_core.shell:Creating prefix chain script '/home/ros2curso/curso/lab4/install/setup.bash'
[3.073s] INFO:colcon.colcon_core.shell:Creating prefix script '/home/ros2curso/curso/lab4/install/local_setup.zsh'
[3.076s] INFO:colcon.colcon_core.shell:Creating prefix chain script '/home/ros2curso/curso/lab4/install/setup.zsh'
