[1.055s] Invoking command in '/home/ros2curso/curso/lab2/demo_launch': PYTHONPATH=/home/ros2curso/curso/lab2/build/demo_launch/prefix_override:/home/ros2curso/curso/lab2/install/demo_launch/lib/python3.10/site-packages:${PYTHONPATH} /usr/bin/python3 -W ignore:setup.py install is deprecated setup.py egg_info --egg-base ../build/demo_launch build --build-base /home/ros2curso/curso/lab2/build/demo_launch/build install --record /home/ros2curso/curso/lab2/build/demo_launch/install.log --single-version-externally-managed install_data
[1.418s] running egg_info
[1.419s] writing ../build/demo_launch/demo_launch.egg-info/PKG-INFO
[1.421s] writing dependency_links to ../build/demo_launch/demo_launch.egg-info/dependency_links.txt
[1.423s] writing entry points to ../build/demo_launch/demo_launch.egg-info/entry_points.txt
[1.427s] writing requirements to ../build/demo_launch/demo_launch.egg-info/requires.txt
[1.428s] writing top-level names to ../build/demo_launch/demo_launch.egg-info/top_level.txt
[1.436s] reading manifest file '../build/demo_launch/demo_launch.egg-info/SOURCES.txt'
[1.440s] writing manifest file '../build/demo_launch/demo_launch.egg-info/SOURCES.txt'
[1.441s] running build
[1.441s] running build_py
[1.442s] running install
[1.443s] running install_lib
[1.469s] running install_data
[1.469s] copying launch/pub_sub.launch.py -> /home/ros2curso/curso/lab2/install/demo_launch/share/demo_launch/launch/
[1.469s] running install_egg_info
[1.469s] removing '/home/ros2curso/curso/lab2/install/demo_launch/lib/python3.10/site-packages/demo_launch-0.0.0-py3.10.egg-info' (and everything under it)
[1.469s] Copying ../build/demo_launch/demo_launch.egg-info to /home/ros2curso/curso/lab2/install/demo_launch/lib/python3.10/site-packages/demo_launch-0.0.0-py3.10.egg-info
[1.469s] running install_scripts
[1.497s] Installing simple_pub script to /home/ros2curso/curso/lab2/install/demo_launch/lib/demo_launch
[1.499s] Installing simple_sub script to /home/ros2curso/curso/lab2/install/demo_launch/lib/demo_launch
[1.504s] writing list of installed files to '/home/ros2curso/curso/lab2/build/demo_launch/install.log'
[1.565s] Invoked command in '/home/ros2curso/curso/lab2/demo_launch' returned '0': PYTHONPATH=/home/ros2curso/curso/lab2/build/demo_launch/prefix_override:/home/ros2curso/curso/lab2/install/demo_launch/lib/python3.10/site-packages:${PYTHONPATH} /usr/bin/python3 -W ignore:setup.py install is deprecated setup.py egg_info --egg-base ../build/demo_launch build --build-base /home/ros2curso/curso/lab2/build/demo_launch/build install --record /home/ros2curso/curso/lab2/build/demo_launch/install.log --single-version-externally-managed install_data
