[0.872s] DEBUG:colcon:Command line arguments: ['/usr/bin/colcon', 'build']
[0.872s] DEBUG:colcon:Parsed command line arguments: Namespace(log_base=None, log_level=None, verb_name='build', build_base='build', install_base='install', merge_install=False, symlink_install=False, test_result_base=None, continue_on_error=False, executor='parallel', parallel_workers=2, event_handlers=None, ignore_user_meta=False, metas=['./colcon.meta'], base_paths=['.'], packages_ignore=None, packages_ignore_regex=None, paths=None, packages_up_to=None, packages_up_to_regex=None, packages_above=None, packages_above_and_dependencies=None, packages_above_depth=None, packages_select_by_dep=None, packages_skip_by_dep=None, packages_skip_up_to=None, packages_select_build_failed=False, packages_skip_build_finished=False, packages_select_test_failures=False, packages_skip_test_passed=False, packages_select=None, packages_skip=None, packages_select_regex=None, packages_skip_regex=None, packages_start=None, packages_end=None, allow_overriding=[], cmake_args=None, cmake_target=None, cmake_target_skip_unavailable=False, cmake_clean_cache=False, cmake_clean_first=False, cmake_force_configure=False, ament_cmake_args=None, catkin_cmake_args=None, catkin_skip_building_tests=False, mixin_files=None, mixin=None, verb_parser=<colcon_mixin.mixin.mixin_argument.MixinArgumentDecorator object at 0x7c144933da50>, verb_extension=<colcon_core.verb.build.BuildVerb object at 0x7c144933d4e0>, main=<bound method BuildVerb.main of <colcon_core.verb.build.BuildVerb object at 0x7c144933d4e0>>, mixin_verb=('build',))
[1.546s] Level 1:colcon.colcon_core.package_discovery:discover_packages(colcon_meta) check parameters
[1.546s] Level 1:colcon.colcon_core.package_discovery:discover_packages(recursive) check parameters
[1.547s] Level 1:colcon.colcon_core.package_discovery:discover_packages(ignore) check parameters
[1.547s] Level 1:colcon.colcon_core.package_discovery:discover_packages(path) check parameters
[1.547s] Level 1:colcon.colcon_core.package_discovery:discover_packages(colcon_meta) discover
[1.547s] Level 1:colcon.colcon_core.package_discovery:discover_packages(recursive) discover
[1.547s] INFO:colcon.colcon_core.package_discovery:Crawling recursively for packages in '/home/ros2curso/curso/lab5'
[1.547s] Level 1:colcon.colcon_core.package_identification:_identify(.) by extensions ['ignore', 'ignore_ament_install']
[1.547s] Level 1:colcon.colcon_core.package_identification:_identify(.) by extension 'ignore'
[1.548s] Level 1:colcon.colcon_core.package_identification:_identify(.) by extension 'ignore_ament_install'
[1.548s] Level 1:colcon.colcon_core.package_identification:_identify(.) by extensions ['colcon_pkg']
[1.548s] Level 1:colcon.colcon_core.package_identification:_identify(.) by extension 'colcon_pkg'
[1.548s] Level 1:colcon.colcon_core.package_identification:_identify(.) by extensions ['colcon_meta']
[1.548s] Level 1:colcon.colcon_core.package_identification:_identify(.) by extension 'colcon_meta'
[1.548s] Level 1:colcon.colcon_core.package_identification:_identify(.) by extensions ['ros']
[1.548s] Level 1:colcon.colcon_core.package_identification:_identify(.) by extension 'ros'
[1.570s] Level 1:colcon.colcon_core.package_identification:_identify(.) by extensions ['cmake', 'python']
[1.570s] Level 1:colcon.colcon_core.package_identification:_identify(.) by extension 'cmake'
[1.570s] Level 1:colcon.colcon_core.package_identification:_identify(.) by extension 'python'
[1.570s] Level 1:colcon.colcon_core.package_identification:_identify(.) by extensions ['python_setup_py']
[1.570s] Level 1:colcon.colcon_core.package_identification:_identify(.) by extension 'python_setup_py'
[1.570s] Level 1:colcon.colcon_core.package_identification:_identify(build) by extensions ['ignore', 'ignore_ament_install']
[1.570s] Level 1:colcon.colcon_core.package_identification:_identify(build) by extension 'ignore'
[1.570s] Level 1:colcon.colcon_core.package_identification:_identify(build) ignored
[1.572s] Level 1:colcon.colcon_core.package_identification:_identify(demo_simulation3) by extensions ['ignore', 'ignore_ament_install']
[1.572s] Level 1:colcon.colcon_core.package_identification:_identify(demo_simulation3) by extension 'ignore'
[1.572s] Level 1:colcon.colcon_core.package_identification:_identify(demo_simulation3) by extension 'ignore_ament_install'
[1.572s] Level 1:colcon.colcon_core.package_identification:_identify(demo_simulation3) by extensions ['colcon_pkg']
[1.572s] Level 1:colcon.colcon_core.package_identification:_identify(demo_simulation3) by extension 'colcon_pkg'
[1.572s] Level 1:colcon.colcon_core.package_identification:_identify(demo_simulation3) by extensions ['colcon_meta']
[1.572s] Level 1:colcon.colcon_core.package_identification:_identify(demo_simulation3) by extension 'colcon_meta'
[1.572s] Level 1:colcon.colcon_core.package_identification:_identify(demo_simulation3) by extensions ['ros']
[1.572s] Level 1:colcon.colcon_core.package_identification:_identify(demo_simulation3) by extension 'ros'
[1.578s] DEBUG:colcon.colcon_core.package_identification:Package 'demo_simulation3' with type 'ros.ament_python' and name 'demo_simulation3'
[1.579s] Level 1:colcon.colcon_core.package_identification:_identify(install) by extensions ['ignore', 'ignore_ament_install']
[1.579s] Level 1:colcon.colcon_core.package_identification:_identify(install) by extension 'ignore'
[1.579s] Level 1:colcon.colcon_core.package_identification:_identify(install) ignored
[1.579s] Level 1:colcon.colcon_core.package_identification:_identify(log) by extensions ['ignore', 'ignore_ament_install']
[1.579s] Level 1:colcon.colcon_core.package_identification:_identify(log) by extension 'ignore'
[1.579s] Level 1:colcon.colcon_core.package_identification:_identify(log) ignored
[1.579s] Level 1:colcon.colcon_core.package_discovery:discover_packages(recursive) using defaults
[1.579s] Level 1:colcon.colcon_core.package_discovery:discover_packages(ignore) discover
[1.579s] Level 1:colcon.colcon_core.package_discovery:discover_packages(ignore) using defaults
[1.579s] Level 1:colcon.colcon_core.package_discovery:discover_packages(path) discover
[1.579s] Level 1:colcon.colcon_core.package_discovery:discover_packages(path) using defaults
[1.674s] Level 1:colcon.colcon_core.package_discovery:discover_packages(prefix_path) check parameters
[1.674s] Level 1:colcon.colcon_core.package_discovery:discover_packages(prefix_path) discover
[1.689s] DEBUG:colcon.colcon_installed_package_information.package_discovery:Found 293 installed packages in /opt/ros/iron
[1.691s] Level 1:colcon.colcon_core.package_discovery:discover_packages(prefix_path) using defaults
[1.852s] Level 5:colcon.colcon_core.verb:set package 'demo_simulation3' build argument 'cmake_args' from command line to 'None'
[1.852s] Level 5:colcon.colcon_core.verb:set package 'demo_simulation3' build argument 'cmake_target' from command line to 'None'
[1.852s] Level 5:colcon.colcon_core.verb:set package 'demo_simulation3' build argument 'cmake_target_skip_unavailable' from command line to 'False'
[1.852s] Level 5:colcon.colcon_core.verb:set package 'demo_simulation3' build argument 'cmake_clean_cache' from command line to 'False'
[1.852s] Level 5:colcon.colcon_core.verb:set package 'demo_simulation3' build argument 'cmake_clean_first' from command line to 'False'
[1.852s] Level 5:colcon.colcon_core.verb:set package 'demo_simulation3' build argument 'cmake_force_configure' from command line to 'False'
[1.852s] Level 5:colcon.colcon_core.verb:set package 'demo_simulation3' build argument 'ament_cmake_args' from command line to 'None'
[1.853s] Level 5:colcon.colcon_core.verb:set package 'demo_simulation3' build argument 'catkin_cmake_args' from command line to 'None'
[1.853s] Level 5:colcon.colcon_core.verb:set package 'demo_simulation3' build argument 'catkin_skip_building_tests' from command line to 'False'
[1.853s] DEBUG:colcon.colcon_core.verb:Building package 'demo_simulation3' with the following arguments: {'ament_cmake_args': None, 'build_base': '/home/ros2curso/curso/lab5/build/demo_simulation3', 'catkin_cmake_args': None, 'catkin_skip_building_tests': False, 'cmake_args': None, 'cmake_clean_cache': False, 'cmake_clean_first': False, 'cmake_force_configure': False, 'cmake_target': None, 'cmake_target_skip_unavailable': False, 'install_base': '/home/ros2curso/curso/lab5/install/demo_simulation3', 'merge_install': False, 'path': '/home/ros2curso/curso/lab5/demo_simulation3', 'symlink_install': False, 'test_result_base': None}
[1.853s] INFO:colcon.colcon_core.executor:Executing jobs using 'parallel' executor
[1.856s] DEBUG:colcon.colcon_parallel_executor.executor.parallel:run_until_complete
[1.856s] INFO:colcon.colcon_ros.task.ament_python.build:Building ROS package in '/home/ros2curso/curso/lab5/demo_simulation3' with build type 'ament_python'
[1.858s] Level 1:colcon.colcon_core.shell:create_environment_hook('demo_simulation3', 'ament_prefix_path')
[1.879s] INFO:colcon.colcon_core.plugin_system:Skipping extension 'colcon_core.shell.bat': Not used on non-Windows systems
[1.880s] INFO:colcon.colcon_core.shell:Creating environment hook '/home/ros2curso/curso/lab5/install/demo_simulation3/share/demo_simulation3/hook/ament_prefix_path.ps1'
[1.890s] INFO:colcon.colcon_core.shell:Creating environment descriptor '/home/ros2curso/curso/lab5/install/demo_simulation3/share/demo_simulation3/hook/ament_prefix_path.dsv'
[1.908s] INFO:colcon.colcon_core.shell:Creating environment hook '/home/ros2curso/curso/lab5/install/demo_simulation3/share/demo_simulation3/hook/ament_prefix_path.sh'
[1.912s] INFO:colcon.colcon_core.shell:Skip shell extension 'powershell' for command environment: Not usable outside of PowerShell
[1.912s] DEBUG:colcon.colcon_core.shell:Skip shell extension 'dsv' for command environment
[2.595s] INFO:colcon.colcon_core.task.python.build:Building Python package in '/home/ros2curso/curso/lab5/demo_simulation3'
[2.596s] INFO:colcon.colcon_core.shell:Skip shell extension 'powershell' for command environment: Not usable outside of PowerShell
[2.596s] DEBUG:colcon.colcon_core.shell:Skip shell extension 'dsv' for command environment
[3.482s] DEBUG:colcon.colcon_core.event_handler.log_command:Invoking command in '/home/ros2curso/curso/lab5/demo_simulation3': PYTHONPATH=/home/ros2curso/curso/lab5/build/demo_simulation3/prefix_override:/home/ros2curso/curso/lab5/install/demo_simulation3/lib/python3.10/site-packages:${PYTHONPATH} /usr/bin/python3 -W ignore:setup.py install is deprecated setup.py egg_info --egg-base ../build/demo_simulation3 build --build-base /home/ros2curso/curso/lab5/build/demo_simulation3/build install --record /home/ros2curso/curso/lab5/build/demo_simulation3/install.log --single-version-externally-managed install_data
[3.978s] DEBUG:colcon.colcon_core.event_handler.log_command:Invoked command in '/home/ros2curso/curso/lab5/demo_simulation3' returned '0': PYTHONPATH=/home/ros2curso/curso/lab5/build/demo_simulation3/prefix_override:/home/ros2curso/curso/lab5/install/demo_simulation3/lib/python3.10/site-packages:${PYTHONPATH} /usr/bin/python3 -W ignore:setup.py install is deprecated setup.py egg_info --egg-base ../build/demo_simulation3 build --build-base /home/ros2curso/curso/lab5/build/demo_simulation3/build install --record /home/ros2curso/curso/lab5/build/demo_simulation3/install.log --single-version-externally-managed install_data
[3.999s] Level 1:colcon.colcon_core.environment:checking '/home/ros2curso/curso/lab5/install/demo_simulation3' for CMake module files
[4.000s] Level 1:colcon.colcon_core.environment:checking '/home/ros2curso/curso/lab5/install/demo_simulation3' for CMake config files
[4.004s] Level 1:colcon.colcon_core.environment:checking '/home/ros2curso/curso/lab5/install/demo_simulation3/lib'
[4.004s] Level 1:colcon.colcon_core.environment:checking '/home/ros2curso/curso/lab5/install/demo_simulation3/bin'
[4.005s] Level 1:colcon.colcon_core.environment:checking '/home/ros2curso/curso/lab5/install/demo_simulation3/lib/pkgconfig/demo_simulation3.pc'
[4.005s] Level 1:colcon.colcon_core.environment:checking '/home/ros2curso/curso/lab5/install/demo_simulation3/lib/python3.10/site-packages'
[4.005s] Level 1:colcon.colcon_core.shell:create_environment_hook('demo_simulation3', 'pythonpath')
[4.005s] INFO:colcon.colcon_core.shell:Creating environment hook '/home/ros2curso/curso/lab5/install/demo_simulation3/share/demo_simulation3/hook/pythonpath.ps1'
[4.006s] INFO:colcon.colcon_core.shell:Creating environment descriptor '/home/ros2curso/curso/lab5/install/demo_simulation3/share/demo_simulation3/hook/pythonpath.dsv'
[4.007s] INFO:colcon.colcon_core.shell:Creating environment hook '/home/ros2curso/curso/lab5/install/demo_simulation3/share/demo_simulation3/hook/pythonpath.sh'
[4.008s] Level 1:colcon.colcon_core.environment:checking '/home/ros2curso/curso/lab5/install/demo_simulation3/bin'
[4.008s] Level 1:colcon.colcon_core.environment:create_environment_scripts_only(demo_simulation3)
[4.009s] INFO:colcon.colcon_core.shell:Creating package script '/home/ros2curso/curso/lab5/install/demo_simulation3/share/demo_simulation3/package.ps1'
[4.011s] INFO:colcon.colcon_core.shell:Creating package descriptor '/home/ros2curso/curso/lab5/install/demo_simulation3/share/demo_simulation3/package.dsv'
[4.013s] INFO:colcon.colcon_core.shell:Creating package script '/home/ros2curso/curso/lab5/install/demo_simulation3/share/demo_simulation3/package.sh'
[4.014s] INFO:colcon.colcon_core.shell:Creating package script '/home/ros2curso/curso/lab5/install/demo_simulation3/share/demo_simulation3/package.bash'
[4.018s] INFO:colcon.colcon_core.shell:Creating package script '/home/ros2curso/curso/lab5/install/demo_simulation3/share/demo_simulation3/package.zsh'
[4.027s] Level 1:colcon.colcon_core.environment:create_file_with_runtime_dependencies(/home/ros2curso/curso/lab5/install/demo_simulation3/share/colcon-core/packages/demo_simulation3)
[4.029s] DEBUG:colcon.colcon_parallel_executor.executor.parallel:closing loop
[4.029s] DEBUG:colcon.colcon_parallel_executor.executor.parallel:loop closed
[4.029s] DEBUG:colcon.colcon_parallel_executor.executor.parallel:run_until_complete finished with '0'
[4.030s] DEBUG:colcon.colcon_core.event_reactor:joining thread
[4.046s] INFO:colcon.colcon_core.plugin_system:Skipping extension 'colcon_notification.desktop_notification.terminal_notifier': Not used on non-Darwin systems
[4.046s] INFO:colcon.colcon_core.plugin_system:Skipping extension 'colcon_notification.desktop_notification.win32': Not used on non-Windows systems
[4.046s] INFO:colcon.colcon_notification.desktop_notification:Sending desktop notification using 'notify2'
[4.111s] DEBUG:colcon.colcon_core.event_reactor:joined thread
[4.111s] INFO:colcon.colcon_core.shell:Creating prefix script '/home/ros2curso/curso/lab5/install/local_setup.ps1'
[4.115s] INFO:colcon.colcon_core.shell:Creating prefix util module '/home/ros2curso/curso/lab5/install/_local_setup_util_ps1.py'
[4.118s] INFO:colcon.colcon_core.shell:Creating prefix chain script '/home/ros2curso/curso/lab5/install/setup.ps1'
[4.121s] INFO:colcon.colcon_core.shell:Creating prefix script '/home/ros2curso/curso/lab5/install/local_setup.sh'
[4.123s] INFO:colcon.colcon_core.shell:Creating prefix util module '/home/ros2curso/curso/lab5/install/_local_setup_util_sh.py'
[4.124s] INFO:colcon.colcon_core.shell:Creating prefix chain script '/home/ros2curso/curso/lab5/install/setup.sh'
[4.126s] INFO:colcon.colcon_core.shell:Creating prefix script '/home/ros2curso/curso/lab5/install/local_setup.bash'
[4.128s] INFO:colcon.colcon_core.shell:Creating prefix chain script '/home/ros2curso/curso/lab5/install/setup.bash'
[4.130s] INFO:colcon.colcon_core.shell:Creating prefix script '/home/ros2curso/curso/lab5/install/local_setup.zsh'
[4.143s] INFO:colcon.colcon_core.shell:Creating prefix chain script '/home/ros2curso/curso/lab5/install/setup.zsh'
