[0.149s] DEBUG:colcon:Command line arguments: ['/usr/bin/colcon', 'build']
[0.149s] DEBUG:colcon:Parsed command line arguments: Namespace(log_base=None, log_level=None, verb_name='build', build_base='build', install_base='install', merge_install=False, symlink_install=False, test_result_base=None, continue_on_error=False, executor='parallel', parallel_workers=2, event_handlers=None, ignore_user_meta=False, metas=['./colcon.meta'], base_paths=['.'], packages_ignore=None, packages_ignore_regex=None, paths=None, packages_up_to=None, packages_up_to_regex=None, packages_above=None, packages_above_and_dependencies=None, packages_above_depth=None, packages_select_by_dep=None, packages_skip_by_dep=None, packages_skip_up_to=None, packages_select_build_failed=False, packages_skip_build_finished=False, packages_select_test_failures=False, packages_skip_test_passed=False, packages_select=None, packages_skip=None, packages_select_regex=None, packages_skip_regex=None, packages_start=None, packages_end=None, allow_overriding=[], cmake_args=None, cmake_target=None, cmake_target_skip_unavailable=False, cmake_clean_cache=False, cmake_clean_first=False, cmake_force_configure=False, ament_cmake_args=None, catkin_cmake_args=None, catkin_skip_building_tests=False, mixin_files=None, mixin=None, verb_parser=<colcon_mixin.mixin.mixin_argument.MixinArgumentDecorator object at 0x771fc7025f60>, verb_extension=<colcon_core.verb.build.BuildVerb object at 0x771fc7025960>, main=<bound method BuildVerb.main of <colcon_core.verb.build.BuildVerb object at 0x771fc7025960>>, mixin_verb=('build',))
[0.364s] Level 1:colcon.colcon_core.package_discovery:discover_packages(colcon_meta) check parameters
[0.364s] Level 1:colcon.colcon_core.package_discovery:discover_packages(recursive) check parameters
[0.364s] Level 1:colcon.colcon_core.package_discovery:discover_packages(ignore) check parameters
[0.364s] Level 1:colcon.colcon_core.package_discovery:discover_packages(path) check parameters
[0.364s] Level 1:colcon.colcon_core.package_discovery:discover_packages(colcon_meta) discover
[0.364s] Level 1:colcon.colcon_core.package_discovery:discover_packages(recursive) discover
[0.364s] INFO:colcon.colcon_core.package_discovery:Crawling recursively for packages in '/home/ros2curso/curso/lab3'
[0.364s] Level 1:colcon.colcon_core.package_identification:_identify(.) by extensions ['ignore', 'ignore_ament_install']
[0.365s] Level 1:colcon.colcon_core.package_identification:_identify(.) by extension 'ignore'
[0.366s] Level 1:colcon.colcon_core.package_identification:_identify(.) by extension 'ignore_ament_install'
[0.366s] Level 1:colcon.colcon_core.package_identification:_identify(.) by extensions ['colcon_pkg']
[0.366s] Level 1:colcon.colcon_core.package_identification:_identify(.) by extension 'colcon_pkg'
[0.366s] Level 1:colcon.colcon_core.package_identification:_identify(.) by extensions ['colcon_meta']
[0.366s] Level 1:colcon.colcon_core.package_identification:_identify(.) by extension 'colcon_meta'
[0.366s] Level 1:colcon.colcon_core.package_identification:_identify(.) by extensions ['ros']
[0.366s] Level 1:colcon.colcon_core.package_identification:_identify(.) by extension 'ros'
[0.383s] Level 1:colcon.colcon_core.package_identification:_identify(.) by extensions ['cmake', 'python']
[0.384s] Level 1:colcon.colcon_core.package_identification:_identify(.) by extension 'cmake'
[0.384s] Level 1:colcon.colcon_core.package_identification:_identify(.) by extension 'python'
[0.385s] Level 1:colcon.colcon_core.package_identification:_identify(.) by extensions ['python_setup_py']
[0.385s] Level 1:colcon.colcon_core.package_identification:_identify(.) by extension 'python_setup_py'
[0.385s] Level 1:colcon.colcon_core.package_identification:_identify(build) by extensions ['ignore', 'ignore_ament_install']
[0.386s] Level 1:colcon.colcon_core.package_identification:_identify(build) by extension 'ignore'
[0.386s] Level 1:colcon.colcon_core.package_identification:_identify(build) ignored
[0.386s] Level 1:colcon.colcon_core.package_identification:_identify(demo_simulation_1) by extensions ['ignore', 'ignore_ament_install']
[0.386s] Level 1:colcon.colcon_core.package_identification:_identify(demo_simulation_1) by extension 'ignore'
[0.387s] Level 1:colcon.colcon_core.package_identification:_identify(demo_simulation_1) by extension 'ignore_ament_install'
[0.387s] Level 1:colcon.colcon_core.package_identification:_identify(demo_simulation_1) by extensions ['colcon_pkg']
[0.387s] Level 1:colcon.colcon_core.package_identification:_identify(demo_simulation_1) by extension 'colcon_pkg'
[0.387s] Level 1:colcon.colcon_core.package_identification:_identify(demo_simulation_1) by extensions ['colcon_meta']
[0.387s] Level 1:colcon.colcon_core.package_identification:_identify(demo_simulation_1) by extension 'colcon_meta'
[0.388s] Level 1:colcon.colcon_core.package_identification:_identify(demo_simulation_1) by extensions ['ros']
[0.388s] Level 1:colcon.colcon_core.package_identification:_identify(demo_simulation_1) by extension 'ros'
[0.391s] DEBUG:colcon.colcon_core.package_identification:Package 'demo_simulation_1' with type 'ros.ament_python' and name 'demo_simulation_1'
[0.392s] Level 1:colcon.colcon_core.package_identification:_identify(install) by extensions ['ignore', 'ignore_ament_install']
[0.392s] Level 1:colcon.colcon_core.package_identification:_identify(install) by extension 'ignore'
[0.392s] Level 1:colcon.colcon_core.package_identification:_identify(install) ignored
[0.393s] Level 1:colcon.colcon_core.package_identification:_identify(log) by extensions ['ignore', 'ignore_ament_install']
[0.393s] Level 1:colcon.colcon_core.package_identification:_identify(log) by extension 'ignore'
[0.393s] Level 1:colcon.colcon_core.package_identification:_identify(log) ignored
[0.393s] Level 1:colcon.colcon_core.package_discovery:discover_packages(recursive) using defaults
[0.393s] Level 1:colcon.colcon_core.package_discovery:discover_packages(ignore) discover
[0.393s] Level 1:colcon.colcon_core.package_discovery:discover_packages(ignore) using defaults
[0.393s] Level 1:colcon.colcon_core.package_discovery:discover_packages(path) discover
[0.393s] Level 1:colcon.colcon_core.package_discovery:discover_packages(path) using defaults
[0.426s] Level 1:colcon.colcon_core.package_discovery:discover_packages(prefix_path) check parameters
[0.426s] Level 1:colcon.colcon_core.package_discovery:discover_packages(prefix_path) discover
[0.428s] DEBUG:colcon.colcon_installed_package_information.package_discovery:Found 1 installed packages in /home/ros2curso/curso/lab3/install
[0.428s] DEBUG:colcon.colcon_installed_package_information.package_discovery:Found 1 installed packages in /home/ros2curso/curso/lab2/install
[0.430s] DEBUG:colcon.colcon_installed_package_information.package_discovery:Found 286 installed packages in /opt/ros/iron
[0.432s] Level 1:colcon.colcon_core.package_discovery:discover_packages(prefix_path) using defaults
[0.482s] Level 5:colcon.colcon_core.verb:set package 'demo_simulation_1' build argument 'cmake_args' from command line to 'None'
[0.482s] Level 5:colcon.colcon_core.verb:set package 'demo_simulation_1' build argument 'cmake_target' from command line to 'None'
[0.482s] Level 5:colcon.colcon_core.verb:set package 'demo_simulation_1' build argument 'cmake_target_skip_unavailable' from command line to 'False'
[0.482s] Level 5:colcon.colcon_core.verb:set package 'demo_simulation_1' build argument 'cmake_clean_cache' from command line to 'False'
[0.482s] Level 5:colcon.colcon_core.verb:set package 'demo_simulation_1' build argument 'cmake_clean_first' from command line to 'False'
[0.482s] Level 5:colcon.colcon_core.verb:set package 'demo_simulation_1' build argument 'cmake_force_configure' from command line to 'False'
[0.482s] Level 5:colcon.colcon_core.verb:set package 'demo_simulation_1' build argument 'ament_cmake_args' from command line to 'None'
[0.482s] Level 5:colcon.colcon_core.verb:set package 'demo_simulation_1' build argument 'catkin_cmake_args' from command line to 'None'
[0.482s] Level 5:colcon.colcon_core.verb:set package 'demo_simulation_1' build argument 'catkin_skip_building_tests' from command line to 'False'
[0.482s] DEBUG:colcon.colcon_core.verb:Building package 'demo_simulation_1' with the following arguments: {'ament_cmake_args': None, 'build_base': '/home/ros2curso/curso/lab3/build/demo_simulation_1', 'catkin_cmake_args': None, 'catkin_skip_building_tests': False, 'cmake_args': None, 'cmake_clean_cache': False, 'cmake_clean_first': False, 'cmake_force_configure': False, 'cmake_target': None, 'cmake_target_skip_unavailable': False, 'install_base': '/home/ros2curso/curso/lab3/install/demo_simulation_1', 'merge_install': False, 'path': '/home/ros2curso/curso/lab3/demo_simulation_1', 'symlink_install': False, 'test_result_base': None}
[0.482s] INFO:colcon.colcon_core.executor:Executing jobs using 'parallel' executor
[0.486s] DEBUG:colcon.colcon_parallel_executor.executor.parallel:run_until_complete
[0.487s] INFO:colcon.colcon_ros.task.ament_python.build:Building ROS package in '/home/ros2curso/curso/lab3/demo_simulation_1' with build type 'ament_python'
[0.487s] Level 1:colcon.colcon_core.shell:create_environment_hook('demo_simulation_1', 'ament_prefix_path')
[0.493s] INFO:colcon.colcon_core.plugin_system:Skipping extension 'colcon_core.shell.bat': Not used on non-Windows systems
[0.493s] INFO:colcon.colcon_core.shell:Creating environment hook '/home/ros2curso/curso/lab3/install/demo_simulation_1/share/demo_simulation_1/hook/ament_prefix_path.ps1'
[0.496s] INFO:colcon.colcon_core.shell:Creating environment descriptor '/home/ros2curso/curso/lab3/install/demo_simulation_1/share/demo_simulation_1/hook/ament_prefix_path.dsv'
[0.497s] INFO:colcon.colcon_core.shell:Creating environment hook '/home/ros2curso/curso/lab3/install/demo_simulation_1/share/demo_simulation_1/hook/ament_prefix_path.sh'
[0.499s] INFO:colcon.colcon_core.shell:Skip shell extension 'powershell' for command environment: Not usable outside of PowerShell
[0.499s] DEBUG:colcon.colcon_core.shell:Skip shell extension 'dsv' for command environment
[0.788s] INFO:colcon.colcon_core.task.python.build:Building Python package in '/home/ros2curso/curso/lab3/demo_simulation_1'
[0.809s] INFO:colcon.colcon_core.shell:Skip shell extension 'powershell' for command environment: Not usable outside of PowerShell
[0.809s] DEBUG:colcon.colcon_core.shell:Skip shell extension 'dsv' for command environment
[1.277s] DEBUG:colcon.colcon_core.event_handler.log_command:Invoking command in '/home/ros2curso/curso/lab3/demo_simulation_1': PYTHONPATH=/home/ros2curso/curso/lab3/build/demo_simulation_1/prefix_override:/home/ros2curso/curso/lab3/install/demo_simulation_1/lib/python3.10/site-packages:${PYTHONPATH} /usr/bin/python3 -W ignore:setup.py install is deprecated setup.py egg_info --egg-base ../build/demo_simulation_1 build --build-base /home/ros2curso/curso/lab3/build/demo_simulation_1/build install --record /home/ros2curso/curso/lab3/build/demo_simulation_1/install.log --single-version-externally-managed install_data
[1.702s] DEBUG:colcon.colcon_core.event_handler.log_command:Invoked command in '/home/ros2curso/curso/lab3/demo_simulation_1' returned '0': PYTHONPATH=/home/ros2curso/curso/lab3/build/demo_simulation_1/prefix_override:/home/ros2curso/curso/lab3/install/demo_simulation_1/lib/python3.10/site-packages:${PYTHONPATH} /usr/bin/python3 -W ignore:setup.py install is deprecated setup.py egg_info --egg-base ../build/demo_simulation_1 build --build-base /home/ros2curso/curso/lab3/build/demo_simulation_1/build install --record /home/ros2curso/curso/lab3/build/demo_simulation_1/install.log --single-version-externally-managed install_data
[1.705s] Level 1:colcon.colcon_core.environment:checking '/home/ros2curso/curso/lab3/install/demo_simulation_1' for CMake module files
[1.706s] Level 1:colcon.colcon_core.environment:checking '/home/ros2curso/curso/lab3/install/demo_simulation_1' for CMake config files
[1.708s] Level 1:colcon.colcon_core.environment:checking '/home/ros2curso/curso/lab3/install/demo_simulation_1/lib'
[1.708s] Level 1:colcon.colcon_core.environment:checking '/home/ros2curso/curso/lab3/install/demo_simulation_1/bin'
[1.709s] Level 1:colcon.colcon_core.environment:checking '/home/ros2curso/curso/lab3/install/demo_simulation_1/lib/pkgconfig/demo_simulation_1.pc'
[1.709s] Level 1:colcon.colcon_core.environment:checking '/home/ros2curso/curso/lab3/install/demo_simulation_1/lib/python3.10/site-packages'
[1.709s] Level 1:colcon.colcon_core.shell:create_environment_hook('demo_simulation_1', 'pythonpath')
[1.709s] INFO:colcon.colcon_core.shell:Creating environment hook '/home/ros2curso/curso/lab3/install/demo_simulation_1/share/demo_simulation_1/hook/pythonpath.ps1'
[1.712s] INFO:colcon.colcon_core.shell:Creating environment descriptor '/home/ros2curso/curso/lab3/install/demo_simulation_1/share/demo_simulation_1/hook/pythonpath.dsv'
[1.714s] INFO:colcon.colcon_core.shell:Creating environment hook '/home/ros2curso/curso/lab3/install/demo_simulation_1/share/demo_simulation_1/hook/pythonpath.sh'
[1.716s] Level 1:colcon.colcon_core.environment:checking '/home/ros2curso/curso/lab3/install/demo_simulation_1/bin'
[1.716s] Level 1:colcon.colcon_core.environment:create_environment_scripts_only(demo_simulation_1)
[1.717s] INFO:colcon.colcon_core.shell:Creating package script '/home/ros2curso/curso/lab3/install/demo_simulation_1/share/demo_simulation_1/package.ps1'
[1.718s] INFO:colcon.colcon_core.shell:Creating package descriptor '/home/ros2curso/curso/lab3/install/demo_simulation_1/share/demo_simulation_1/package.dsv'
[1.720s] INFO:colcon.colcon_core.shell:Creating package script '/home/ros2curso/curso/lab3/install/demo_simulation_1/share/demo_simulation_1/package.sh'
[1.721s] INFO:colcon.colcon_core.shell:Creating package script '/home/ros2curso/curso/lab3/install/demo_simulation_1/share/demo_simulation_1/package.bash'
[1.723s] INFO:colcon.colcon_core.shell:Creating package script '/home/ros2curso/curso/lab3/install/demo_simulation_1/share/demo_simulation_1/package.zsh'
[1.725s] Level 1:colcon.colcon_core.environment:create_file_with_runtime_dependencies(/home/ros2curso/curso/lab3/install/demo_simulation_1/share/colcon-core/packages/demo_simulation_1)
[1.728s] DEBUG:colcon.colcon_parallel_executor.executor.parallel:closing loop
[1.728s] DEBUG:colcon.colcon_parallel_executor.executor.parallel:loop closed
[1.728s] DEBUG:colcon.colcon_parallel_executor.executor.parallel:run_until_complete finished with '0'
[1.728s] DEBUG:colcon.colcon_core.event_reactor:joining thread
[1.737s] INFO:colcon.colcon_core.plugin_system:Skipping extension 'colcon_notification.desktop_notification.terminal_notifier': Not used on non-Darwin systems
[1.737s] INFO:colcon.colcon_core.plugin_system:Skipping extension 'colcon_notification.desktop_notification.win32': Not used on non-Windows systems
[1.737s] INFO:colcon.colcon_notification.desktop_notification:Sending desktop notification using 'notify2'
[1.778s] DEBUG:colcon.colcon_core.event_reactor:joined thread
[1.778s] INFO:colcon.colcon_core.shell:Creating prefix script '/home/ros2curso/curso/lab3/install/local_setup.ps1'
[1.780s] INFO:colcon.colcon_core.shell:Creating prefix util module '/home/ros2curso/curso/lab3/install/_local_setup_util_ps1.py'
[1.784s] INFO:colcon.colcon_core.shell:Creating prefix chain script '/home/ros2curso/curso/lab3/install/setup.ps1'
[1.786s] INFO:colcon.colcon_core.shell:Creating prefix script '/home/ros2curso/curso/lab3/install/local_setup.sh'
[1.789s] INFO:colcon.colcon_core.shell:Creating prefix util module '/home/ros2curso/curso/lab3/install/_local_setup_util_sh.py'
[1.791s] INFO:colcon.colcon_core.shell:Creating prefix chain script '/home/ros2curso/curso/lab3/install/setup.sh'
[1.793s] INFO:colcon.colcon_core.shell:Creating prefix script '/home/ros2curso/curso/lab3/install/local_setup.bash'
[1.798s] INFO:colcon.colcon_core.shell:Creating prefix chain script '/home/ros2curso/curso/lab3/install/setup.bash'
[1.801s] INFO:colcon.colcon_core.shell:Creating prefix script '/home/ros2curso/curso/lab3/install/local_setup.zsh'
[1.804s] INFO:colcon.colcon_core.shell:Creating prefix chain script '/home/ros2curso/curso/lab3/install/setup.zsh'
