[0.170s] DEBUG:colcon:Command line arguments: ['/usr/bin/colcon', 'build', '--symlink-install']
[0.170s] DEBUG:colcon:Parsed command line arguments: Namespace(log_base=None, log_level=None, verb_name='build', build_base='build', install_base='install', merge_install=False, symlink_install=True, test_result_base=None, continue_on_error=False, executor='parallel', parallel_workers=2, event_handlers=None, ignore_user_meta=False, metas=['./colcon.meta'], base_paths=['.'], packages_ignore=None, packages_ignore_regex=None, paths=None, packages_up_to=None, packages_up_to_regex=None, packages_above=None, packages_above_and_dependencies=None, packages_above_depth=None, packages_select_by_dep=None, packages_skip_by_dep=None, packages_skip_up_to=None, packages_select_build_failed=False, packages_skip_build_finished=False, packages_select_test_failures=False, packages_skip_test_passed=False, packages_select=None, packages_skip=None, packages_select_regex=None, packages_skip_regex=None, packages_start=None, packages_end=None, allow_overriding=[], cmake_args=None, cmake_target=None, cmake_target_skip_unavailable=False, cmake_clean_cache=False, cmake_clean_first=False, cmake_force_configure=False, ament_cmake_args=None, catkin_cmake_args=None, catkin_skip_building_tests=False, mixin_files=None, mixin=None, verb_parser=<colcon_mixin.mixin.mixin_argument.MixinArgumentDecorator object at 0x795c48c31f00>, verb_extension=<colcon_core.verb.build.BuildVerb object at 0x795c48c31900>, main=<bound method BuildVerb.main of <colcon_core.verb.build.BuildVerb object at 0x795c48c31900>>, mixin_verb=('build',))
[0.425s] Level 1:colcon.colcon_core.package_discovery:discover_packages(colcon_meta) check parameters
[0.426s] Level 1:colcon.colcon_core.package_discovery:discover_packages(recursive) check parameters
[0.426s] Level 1:colcon.colcon_core.package_discovery:discover_packages(ignore) check parameters
[0.426s] Level 1:colcon.colcon_core.package_discovery:discover_packages(path) check parameters
[0.426s] Level 1:colcon.colcon_core.package_discovery:discover_packages(colcon_meta) discover
[0.426s] Level 1:colcon.colcon_core.package_discovery:discover_packages(recursive) discover
[0.426s] INFO:colcon.colcon_core.package_discovery:Crawling recursively for packages in '/home/ros2curso/curso/lab1'
[0.426s] Level 1:colcon.colcon_core.package_identification:_identify(.) by extensions ['ignore', 'ignore_ament_install']
[0.426s] Level 1:colcon.colcon_core.package_identification:_identify(.) by extension 'ignore'
[0.426s] Level 1:colcon.colcon_core.package_identification:_identify(.) by extension 'ignore_ament_install'
[0.427s] Level 1:colcon.colcon_core.package_identification:_identify(.) by extensions ['colcon_pkg']
[0.427s] Level 1:colcon.colcon_core.package_identification:_identify(.) by extension 'colcon_pkg'
[0.427s] Level 1:colcon.colcon_core.package_identification:_identify(.) by extensions ['colcon_meta']
[0.427s] Level 1:colcon.colcon_core.package_identification:_identify(.) by extension 'colcon_meta'
[0.427s] Level 1:colcon.colcon_core.package_identification:_identify(.) by extensions ['ros']
[0.427s] Level 1:colcon.colcon_core.package_identification:_identify(.) by extension 'ros'
[0.441s] Level 1:colcon.colcon_core.package_identification:_identify(.) by extensions ['cmake', 'python']
[0.442s] Level 1:colcon.colcon_core.package_identification:_identify(.) by extension 'cmake'
[0.442s] Level 1:colcon.colcon_core.package_identification:_identify(.) by extension 'python'
[0.442s] Level 1:colcon.colcon_core.package_identification:_identify(.) by extensions ['python_setup_py']
[0.442s] Level 1:colcon.colcon_core.package_identification:_identify(.) by extension 'python_setup_py'
[0.442s] Level 1:colcon.colcon_core.package_identification:_identify(build) by extensions ['ignore', 'ignore_ament_install']
[0.442s] Level 1:colcon.colcon_core.package_identification:_identify(build) by extension 'ignore'
[0.442s] Level 1:colcon.colcon_core.package_identification:_identify(build) ignored
[0.442s] Level 1:colcon.colcon_core.package_identification:_identify(demo_nodos) by extensions ['ignore', 'ignore_ament_install']
[0.442s] Level 1:colcon.colcon_core.package_identification:_identify(demo_nodos) by extension 'ignore'
[0.442s] Level 1:colcon.colcon_core.package_identification:_identify(demo_nodos) by extension 'ignore_ament_install'
[0.443s] Level 1:colcon.colcon_core.package_identification:_identify(demo_nodos) by extensions ['colcon_pkg']
[0.443s] Level 1:colcon.colcon_core.package_identification:_identify(demo_nodos) by extension 'colcon_pkg'
[0.443s] Level 1:colcon.colcon_core.package_identification:_identify(demo_nodos) by extensions ['colcon_meta']
[0.443s] Level 1:colcon.colcon_core.package_identification:_identify(demo_nodos) by extension 'colcon_meta'
[0.443s] Level 1:colcon.colcon_core.package_identification:_identify(demo_nodos) by extensions ['ros']
[0.443s] Level 1:colcon.colcon_core.package_identification:_identify(demo_nodos) by extension 'ros'
[0.446s] DEBUG:colcon.colcon_core.package_identification:Package 'demo_nodos' with type 'ros.ament_python' and name 'demo_nodos'
[0.447s] Level 1:colcon.colcon_core.package_identification:_identify(install) by extensions ['ignore', 'ignore_ament_install']
[0.447s] Level 1:colcon.colcon_core.package_identification:_identify(install) by extension 'ignore'
[0.448s] Level 1:colcon.colcon_core.package_identification:_identify(install) ignored
[0.449s] Level 1:colcon.colcon_core.package_identification:_identify(log) by extensions ['ignore', 'ignore_ament_install']
[0.449s] Level 1:colcon.colcon_core.package_identification:_identify(log) by extension 'ignore'
[0.449s] Level 1:colcon.colcon_core.package_identification:_identify(log) ignored
[0.449s] Level 1:colcon.colcon_core.package_discovery:discover_packages(recursive) using defaults
[0.450s] Level 1:colcon.colcon_core.package_discovery:discover_packages(ignore) discover
[0.450s] Level 1:colcon.colcon_core.package_discovery:discover_packages(ignore) using defaults
[0.450s] Level 1:colcon.colcon_core.package_discovery:discover_packages(path) discover
[0.450s] Level 1:colcon.colcon_core.package_discovery:discover_packages(path) using defaults
[0.510s] Level 1:colcon.colcon_core.package_discovery:discover_packages(prefix_path) check parameters
[0.510s] Level 1:colcon.colcon_core.package_discovery:discover_packages(prefix_path) discover
[0.513s] DEBUG:colcon.colcon_installed_package_information.package_discovery:Found 1 installed packages in /home/ros2curso/curso/lab1/install
[0.514s] DEBUG:colcon.colcon_installed_package_information.package_discovery:Found 286 installed packages in /opt/ros/iron
[0.518s] Level 1:colcon.colcon_core.package_discovery:discover_packages(prefix_path) using defaults
[0.587s] Level 5:colcon.colcon_core.verb:set package 'demo_nodos' build argument 'cmake_args' from command line to 'None'
[0.587s] Level 5:colcon.colcon_core.verb:set package 'demo_nodos' build argument 'cmake_target' from command line to 'None'
[0.587s] Level 5:colcon.colcon_core.verb:set package 'demo_nodos' build argument 'cmake_target_skip_unavailable' from command line to 'False'
[0.587s] Level 5:colcon.colcon_core.verb:set package 'demo_nodos' build argument 'cmake_clean_cache' from command line to 'False'
[0.587s] Level 5:colcon.colcon_core.verb:set package 'demo_nodos' build argument 'cmake_clean_first' from command line to 'False'
[0.587s] Level 5:colcon.colcon_core.verb:set package 'demo_nodos' build argument 'cmake_force_configure' from command line to 'False'
[0.587s] Level 5:colcon.colcon_core.verb:set package 'demo_nodos' build argument 'ament_cmake_args' from command line to 'None'
[0.587s] Level 5:colcon.colcon_core.verb:set package 'demo_nodos' build argument 'catkin_cmake_args' from command line to 'None'
[0.587s] Level 5:colcon.colcon_core.verb:set package 'demo_nodos' build argument 'catkin_skip_building_tests' from command line to 'False'
[0.588s] DEBUG:colcon.colcon_core.verb:Building package 'demo_nodos' with the following arguments: {'ament_cmake_args': None, 'build_base': '/home/ros2curso/curso/lab1/build/demo_nodos', 'catkin_cmake_args': None, 'catkin_skip_building_tests': False, 'cmake_args': None, 'cmake_clean_cache': False, 'cmake_clean_first': False, 'cmake_force_configure': False, 'cmake_target': None, 'cmake_target_skip_unavailable': False, 'install_base': '/home/ros2curso/curso/lab1/install/demo_nodos', 'merge_install': False, 'path': '/home/ros2curso/curso/lab1/demo_nodos', 'symlink_install': True, 'test_result_base': None}
[0.588s] INFO:colcon.colcon_core.executor:Executing jobs using 'parallel' executor
[0.590s] DEBUG:colcon.colcon_parallel_executor.executor.parallel:run_until_complete
[0.591s] INFO:colcon.colcon_ros.task.ament_python.build:Building ROS package in '/home/ros2curso/curso/lab1/demo_nodos' with build type 'ament_python'
[0.592s] Level 1:colcon.colcon_core.shell:create_environment_hook('demo_nodos', 'ament_prefix_path')
[0.599s] INFO:colcon.colcon_core.plugin_system:Skipping extension 'colcon_core.shell.bat': Not used on non-Windows systems
[0.599s] INFO:colcon.colcon_core.shell:Creating environment hook '/home/ros2curso/curso/lab1/install/demo_nodos/share/demo_nodos/hook/ament_prefix_path.ps1'
[0.600s] INFO:colcon.colcon_core.shell:Creating environment descriptor '/home/ros2curso/curso/lab1/install/demo_nodos/share/demo_nodos/hook/ament_prefix_path.dsv'
[0.601s] INFO:colcon.colcon_core.shell:Creating environment hook '/home/ros2curso/curso/lab1/install/demo_nodos/share/demo_nodos/hook/ament_prefix_path.sh'
[0.603s] INFO:colcon.colcon_core.shell:Skip shell extension 'powershell' for command environment: Not usable outside of PowerShell
[0.603s] DEBUG:colcon.colcon_core.shell:Skip shell extension 'dsv' for command environment
[1.126s] INFO:colcon.colcon_core.task.python.build:Building Python package in '/home/ros2curso/curso/lab1/demo_nodos'
[1.127s] INFO:colcon.colcon_core.shell:Skip shell extension 'powershell' for command environment: Not usable outside of PowerShell
[1.127s] DEBUG:colcon.colcon_core.shell:Skip shell extension 'dsv' for command environment
[1.651s] DEBUG:colcon.colcon_core.event_handler.log_command:Invoking command in '/home/ros2curso/curso/lab1/build/demo_nodos': PYTHONPATH=/home/ros2curso/curso/lab1/build/demo_nodos/prefix_override:/home/ros2curso/curso/lab1/install/demo_nodos/lib/python3.10/site-packages:${PYTHONPATH} /usr/bin/python3 -W ignore:setup.py install is deprecated setup.py develop --editable --build-directory /home/ros2curso/curso/lab1/build/demo_nodos/build --no-deps symlink_data
[2.401s] Level 1:colcon.colcon_core.shell:create_environment_hook('demo_nodos', 'pythonpath_develop')
[2.402s] INFO:colcon.colcon_core.shell:Creating environment hook '/home/ros2curso/curso/lab1/build/demo_nodos/share/demo_nodos/hook/pythonpath_develop.ps1'
[2.403s] DEBUG:colcon.colcon_core.event_handler.log_command:Invoked command in '/home/ros2curso/curso/lab1/build/demo_nodos' returned '0': PYTHONPATH=/home/ros2curso/curso/lab1/build/demo_nodos/prefix_override:/home/ros2curso/curso/lab1/install/demo_nodos/lib/python3.10/site-packages:${PYTHONPATH} /usr/bin/python3 -W ignore:setup.py install is deprecated setup.py develop --editable --build-directory /home/ros2curso/curso/lab1/build/demo_nodos/build --no-deps symlink_data
[2.403s] INFO:colcon.colcon_core.shell:Creating environment descriptor '/home/ros2curso/curso/lab1/build/demo_nodos/share/demo_nodos/hook/pythonpath_develop.dsv'
[2.404s] INFO:colcon.colcon_core.shell:Creating environment hook '/home/ros2curso/curso/lab1/build/demo_nodos/share/demo_nodos/hook/pythonpath_develop.sh'
[2.408s] Level 1:colcon.colcon_core.environment:checking '/home/ros2curso/curso/lab1/install/demo_nodos' for CMake module files
[2.408s] Level 1:colcon.colcon_core.environment:checking '/home/ros2curso/curso/lab1/install/demo_nodos' for CMake config files
[2.409s] Level 1:colcon.colcon_core.environment:checking '/home/ros2curso/curso/lab1/install/demo_nodos/lib'
[2.409s] Level 1:colcon.colcon_core.environment:checking '/home/ros2curso/curso/lab1/install/demo_nodos/bin'
[2.409s] Level 1:colcon.colcon_core.environment:checking '/home/ros2curso/curso/lab1/install/demo_nodos/lib/pkgconfig/demo_nodos.pc'
[2.409s] Level 1:colcon.colcon_core.environment:checking '/home/ros2curso/curso/lab1/install/demo_nodos/lib/python3.10/site-packages'
[2.409s] Level 1:colcon.colcon_core.shell:create_environment_hook('demo_nodos', 'pythonpath')
[2.410s] INFO:colcon.colcon_core.shell:Creating environment hook '/home/ros2curso/curso/lab1/install/demo_nodos/share/demo_nodos/hook/pythonpath.ps1'
[2.411s] INFO:colcon.colcon_core.shell:Creating environment descriptor '/home/ros2curso/curso/lab1/install/demo_nodos/share/demo_nodos/hook/pythonpath.dsv'
[2.412s] INFO:colcon.colcon_core.shell:Creating environment hook '/home/ros2curso/curso/lab1/install/demo_nodos/share/demo_nodos/hook/pythonpath.sh'
[2.414s] Level 1:colcon.colcon_core.environment:checking '/home/ros2curso/curso/lab1/install/demo_nodos/bin'
[2.414s] Level 1:colcon.colcon_core.environment:create_environment_scripts_only(demo_nodos)
[2.414s] INFO:colcon.colcon_core.shell:Creating package script '/home/ros2curso/curso/lab1/install/demo_nodos/share/demo_nodos/package.ps1'
[2.417s] INFO:colcon.colcon_core.shell:Creating package descriptor '/home/ros2curso/curso/lab1/install/demo_nodos/share/demo_nodos/package.dsv'
[2.420s] INFO:colcon.colcon_core.shell:Creating package script '/home/ros2curso/curso/lab1/install/demo_nodos/share/demo_nodos/package.sh'
[2.422s] INFO:colcon.colcon_core.shell:Creating package script '/home/ros2curso/curso/lab1/install/demo_nodos/share/demo_nodos/package.bash'
[2.424s] INFO:colcon.colcon_core.shell:Creating package script '/home/ros2curso/curso/lab1/install/demo_nodos/share/demo_nodos/package.zsh'
[2.425s] Level 1:colcon.colcon_core.environment:create_file_with_runtime_dependencies(/home/ros2curso/curso/lab1/install/demo_nodos/share/colcon-core/packages/demo_nodos)
[2.425s] DEBUG:colcon.colcon_parallel_executor.executor.parallel:closing loop
[2.426s] DEBUG:colcon.colcon_parallel_executor.executor.parallel:loop closed
[2.426s] DEBUG:colcon.colcon_parallel_executor.executor.parallel:run_until_complete finished with '0'
[2.426s] DEBUG:colcon.colcon_core.event_reactor:joining thread
[2.443s] INFO:colcon.colcon_core.plugin_system:Skipping extension 'colcon_notification.desktop_notification.terminal_notifier': Not used on non-Darwin systems
[2.443s] INFO:colcon.colcon_core.plugin_system:Skipping extension 'colcon_notification.desktop_notification.win32': Not used on non-Windows systems
[2.443s] INFO:colcon.colcon_notification.desktop_notification:Sending desktop notification using 'notify2'
[2.479s] DEBUG:colcon.colcon_core.event_reactor:joined thread
[2.479s] INFO:colcon.colcon_core.shell:Creating prefix script '/home/ros2curso/curso/lab1/install/local_setup.ps1'
[2.481s] INFO:colcon.colcon_core.shell:Creating prefix util module '/home/ros2curso/curso/lab1/install/_local_setup_util_ps1.py'
[2.483s] INFO:colcon.colcon_core.shell:Creating prefix chain script '/home/ros2curso/curso/lab1/install/setup.ps1'
[2.485s] INFO:colcon.colcon_core.shell:Creating prefix script '/home/ros2curso/curso/lab1/install/local_setup.sh'
[2.487s] INFO:colcon.colcon_core.shell:Creating prefix util module '/home/ros2curso/curso/lab1/install/_local_setup_util_sh.py'
[2.488s] INFO:colcon.colcon_core.shell:Creating prefix chain script '/home/ros2curso/curso/lab1/install/setup.sh'
[2.490s] INFO:colcon.colcon_core.shell:Creating prefix script '/home/ros2curso/curso/lab1/install/local_setup.bash'
[2.492s] INFO:colcon.colcon_core.shell:Creating prefix chain script '/home/ros2curso/curso/lab1/install/setup.bash'
[2.494s] INFO:colcon.colcon_core.shell:Creating prefix script '/home/ros2curso/curso/lab1/install/local_setup.zsh'
[2.496s] INFO:colcon.colcon_core.shell:Creating prefix chain script '/home/ros2curso/curso/lab1/install/setup.zsh'
