running egg_info
writing ../build/demo_nodos/demo_nodos.egg-info/PKG-INFO
writing dependency_links to ../build/demo_nodos/demo_nodos.egg-info/dependency_links.txt
writing entry points to ../build/demo_nodos/demo_nodos.egg-info/entry_points.txt
writing requirements to ../build/demo_nodos/demo_nodos.egg-info/requires.txt
writing top-level names to ../build/demo_nodos/demo_nodos.egg-info/top_level.txt
reading manifest file '../build/demo_nodos/demo_nodos.egg-info/SOURCES.txt'
writing manifest file '../build/demo_nodos/demo_nodos.egg-info/SOURCES.txt'
running build
running build_py
running install
running install_lib
running install_data
running install_egg_info
removing '/home/ros2curso/curso/lab1/install/demo_nodos/lib/python3.10/site-packages/demo_nodos-0.0.0-py3.10.egg-info' (and everything under it)
Copying ../build/demo_nodos/demo_nodos.egg-info to /home/ros2curso/curso/lab1/install/demo_nodos/lib/python3.10/site-packages/demo_nodos-0.0.0-py3.10.egg-info
running install_scripts
Installing simple_node script to /home/ros2curso/curso/lab1/install/demo_nodos/lib/demo_nodos
Installing simple_pub script to /home/ros2curso/curso/lab1/install/demo_nodos/lib/demo_nodos
Installing simple_sub script to /home/ros2curso/curso/lab1/install/demo_nodos/lib/demo_nodos
writing list of installed files to '/home/ros2curso/curso/lab1/build/demo_nodos/install.log'
