[0.687s] Invoking command in '/home/ros2curso/curso/lab5/demo_simulation3': PYTHONPATH=/home/ros2curso/curso/lab5/build/demo_simulation3/prefix_override:/home/ros2curso/curso/lab5/install/demo_simulation3/lib/python3.10/site-packages:${PYTHONPATH} /usr/bin/python3 -W ignore:setup.py install is deprecated setup.py egg_info --egg-base ../build/demo_simulation3 build --build-base /home/ros2curso/curso/lab5/build/demo_simulation3/build install --record /home/ros2curso/curso/lab5/build/demo_simulation3/install.log --single-version-externally-managed install_data
[0.954s] running egg_info
[0.956s] writing ../build/demo_simulation3/demo_simulation3.egg-info/PKG-INFO
[0.959s] writing dependency_links to ../build/demo_simulation3/demo_simulation3.egg-info/dependency_links.txt
[0.961s] writing entry points to ../build/demo_simulation3/demo_simulation3.egg-info/entry_points.txt
[0.962s] writing requirements to ../build/demo_simulation3/demo_simulation3.egg-info/requires.txt
[0.963s] writing top-level names to ../build/demo_simulation3/demo_simulation3.egg-info/top_level.txt
[0.966s] reading manifest file '../build/demo_simulation3/demo_simulation3.egg-info/SOURCES.txt'
[0.969s] writing manifest file '../build/demo_simulation3/demo_simulation3.egg-info/SOURCES.txt'
[0.970s] running build
[0.970s] running build_py
[0.970s] running install
[0.971s] running install_lib
[0.972s] running install_data
[0.972s] copying launch/sim.launch.py -> /home/ros2curso/curso/lab5/install/demo_simulation3/share/demo_simulation3/launch/
[0.973s] running install_egg_info
[0.975s] removing '/home/ros2curso/curso/lab5/install/demo_simulation3/lib/python3.10/site-packages/demo_simulation3-0.0.0-py3.10.egg-info' (and everything under it)
[0.976s] Copying ../build/demo_simulation3/demo_simulation3.egg-info to /home/ros2curso/curso/lab5/install/demo_simulation3/lib/python3.10/site-packages/demo_simulation3-0.0.0-py3.10.egg-info
[0.978s] running install_scripts
[1.007s] writing list of installed files to '/home/ros2curso/curso/lab5/build/demo_simulation3/install.log'
[1.038s] Invoked command in '/home/ros2curso/curso/lab5/demo_simulation3' returned '0': PYTHONPATH=/home/ros2curso/curso/lab5/build/demo_simulation3/prefix_override:/home/ros2curso/curso/lab5/install/demo_simulation3/lib/python3.10/site-packages:${PYTHONPATH} /usr/bin/python3 -W ignore:setup.py install is deprecated setup.py egg_info --egg-base ../build/demo_simulation3 build --build-base /home/ros2curso/curso/lab5/build/demo_simulation3/build install --record /home/ros2curso/curso/lab5/build/demo_simulation3/install.log --single-version-externally-managed install_data
