[0.692s] Invoking command in '/home/ros2curso/curso/lab5/demo_simulation3': PYTHONPATH=/home/ros2curso/curso/lab5/build/demo_simulation3/prefix_override:/home/ros2curso/curso/lab5/install/demo_simulation3/lib/python3.10/site-packages:${PYTHONPATH} /usr/bin/python3 -W ignore:setup.py install is deprecated setup.py egg_info --egg-base ../build/demo_simulation3 build --build-base /home/ros2curso/curso/lab5/build/demo_simulation3/build install --record /home/ros2curso/curso/lab5/build/demo_simulation3/install.log --single-version-externally-managed install_data
[0.969s] running egg_info
[0.969s] writing ../build/demo_simulation3/demo_simulation3.egg-info/PKG-INFO
[0.969s] writing dependency_links to ../build/demo_simulation3/demo_simulation3.egg-info/dependency_links.txt
[0.969s] writing entry points to ../build/demo_simulation3/demo_simulation3.egg-info/entry_points.txt
[0.969s] writing requirements to ../build/demo_simulation3/demo_simulation3.egg-info/requires.txt
[0.969s] writing top-level names to ../build/demo_simulation3/demo_simulation3.egg-info/top_level.txt
[0.970s] reading manifest file '../build/demo_simulation3/demo_simulation3.egg-info/SOURCES.txt'
[0.985s] writing manifest file '../build/demo_simulation3/demo_simulation3.egg-info/SOURCES.txt'
[0.985s] running build
[0.985s] running build_py
[0.985s] running install
[0.986s] running install_lib
[0.986s] running install_data
[0.986s] copying launch/sim.launch.py -> /home/ros2curso/curso/lab5/install/demo_simulation3/share/demo_simulation3/launch/
[0.986s] running install_egg_info
[0.986s] removing '/home/ros2curso/curso/lab5/install/demo_simulation3/lib/python3.10/site-packages/demo_simulation3-0.0.0-py3.10.egg-info' (and everything under it)
[0.986s] Copying ../build/demo_simulation3/demo_simulation3.egg-info to /home/ros2curso/curso/lab5/install/demo_simulation3/lib/python3.10/site-packages/demo_simulation3-0.0.0-py3.10.egg-info
[0.991s] running install_scripts
[1.012s] writing list of installed files to '/home/ros2curso/curso/lab5/build/demo_simulation3/install.log'
[1.060s] Invoked command in '/home/ros2curso/curso/lab5/demo_simulation3' returned '0': PYTHONPATH=/home/ros2curso/curso/lab5/build/demo_simulation3/prefix_override:/home/ros2curso/curso/lab5/install/demo_simulation3/lib/python3.10/site-packages:${PYTHONPATH} /usr/bin/python3 -W ignore:setup.py install is deprecated setup.py egg_info --egg-base ../build/demo_simulation3 build --build-base /home/ros2curso/curso/lab5/build/demo_simulation3/build install --record /home/ros2curso/curso/lab5/build/demo_simulation3/install.log --single-version-externally-managed install_data
