[0.392s] DEBUG:colcon:Command line arguments: ['/usr/bin/colcon', 'build']
[0.393s] DEBUG:colcon:Parsed command line arguments: Namespace(log_base=None, log_level=None, verb_name='build', build_base='build', install_base='install', merge_install=False, symlink_install=False, test_result_base=None, continue_on_error=False, executor='parallel', parallel_workers=2, event_handlers=None, ignore_user_meta=False, metas=['./colcon.meta'], base_paths=['.'], packages_ignore=None, packages_ignore_regex=None, paths=None, packages_up_to=None, packages_up_to_regex=None, packages_above=None, packages_above_and_dependencies=None, packages_above_depth=None, packages_select_by_dep=None, packages_skip_by_dep=None, packages_skip_up_to=None, packages_select_build_failed=False, packages_skip_build_finished=False, packages_select_test_failures=False, packages_skip_test_passed=False, packages_select=None, packages_skip=None, packages_select_regex=None, packages_skip_regex=None, packages_start=None, packages_end=None, allow_overriding=[], cmake_args=None, cmake_target=None, cmake_target_skip_unavailable=False, cmake_clean_cache=False, cmake_clean_first=False, cmake_force_configure=False, ament_cmake_args=None, catkin_cmake_args=None, catkin_skip_building_tests=False, mixin_files=None, mixin=None, verb_parser=<colcon_mixin.mixin.mixin_argument.MixinArgumentDecorator object at 0x7306fd335cf0>, verb_extension=<colcon_core.verb.build.BuildVerb object at 0x7306fd3356f0>, main=<bound method BuildVerb.main of <colcon_core.verb.build.BuildVerb object at 0x7306fd3356f0>>, mixin_verb=('build',))
[0.845s] Level 1:colcon.colcon_core.package_discovery:discover_packages(colcon_meta) check parameters
[0.845s] Level 1:colcon.colcon_core.package_discovery:discover_packages(recursive) check parameters
[0.846s] Level 1:colcon.colcon_core.package_discovery:discover_packages(ignore) check parameters
[0.846s] Level 1:colcon.colcon_core.package_discovery:discover_packages(path) check parameters
[0.846s] Level 1:colcon.colcon_core.package_discovery:discover_packages(colcon_meta) discover
[0.846s] Level 1:colcon.colcon_core.package_discovery:discover_packages(recursive) discover
[0.846s] INFO:colcon.colcon_core.package_discovery:Crawling recursively for packages in '/home/ros2curso/curso/lab3'
[0.847s] Level 1:colcon.colcon_core.package_identification:_identify(.) by extensions ['ignore', 'ignore_ament_install']
[0.847s] Level 1:colcon.colcon_core.package_identification:_identify(.) by extension 'ignore'
[0.847s] Level 1:colcon.colcon_core.package_identification:_identify(.) by extension 'ignore_ament_install'
[0.848s] Level 1:colcon.colcon_core.package_identification:_identify(.) by extensions ['colcon_pkg']
[0.848s] Level 1:colcon.colcon_core.package_identification:_identify(.) by extension 'colcon_pkg'
[0.848s] Level 1:colcon.colcon_core.package_identification:_identify(.) by extensions ['colcon_meta']
[0.848s] Level 1:colcon.colcon_core.package_identification:_identify(.) by extension 'colcon_meta'
[0.848s] Level 1:colcon.colcon_core.package_identification:_identify(.) by extensions ['ros']
[0.848s] Level 1:colcon.colcon_core.package_identification:_identify(.) by extension 'ros'
[0.865s] Level 1:colcon.colcon_core.package_identification:_identify(.) by extensions ['cmake', 'python']
[0.866s] Level 1:colcon.colcon_core.package_identification:_identify(.) by extension 'cmake'
[0.866s] Level 1:colcon.colcon_core.package_identification:_identify(.) by extension 'python'
[0.866s] Level 1:colcon.colcon_core.package_identification:_identify(.) by extensions ['python_setup_py']
[0.866s] Level 1:colcon.colcon_core.package_identification:_identify(.) by extension 'python_setup_py'
[0.867s] Level 1:colcon.colcon_core.package_identification:_identify(build) by extensions ['ignore', 'ignore_ament_install']
[0.867s] Level 1:colcon.colcon_core.package_identification:_identify(build) by extension 'ignore'
[0.868s] Level 1:colcon.colcon_core.package_identification:_identify(build) ignored
[0.868s] Level 1:colcon.colcon_core.package_identification:_identify(demo_simulation_1) by extensions ['ignore', 'ignore_ament_install']
[0.868s] Level 1:colcon.colcon_core.package_identification:_identify(demo_simulation_1) by extension 'ignore'
[0.869s] Level 1:colcon.colcon_core.package_identification:_identify(demo_simulation_1) by extension 'ignore_ament_install'
[0.869s] Level 1:colcon.colcon_core.package_identification:_identify(demo_simulation_1) by extensions ['colcon_pkg']
[0.869s] Level 1:colcon.colcon_core.package_identification:_identify(demo_simulation_1) by extension 'colcon_pkg'
[0.869s] Level 1:colcon.colcon_core.package_identification:_identify(demo_simulation_1) by extensions ['colcon_meta']
[0.869s] Level 1:colcon.colcon_core.package_identification:_identify(demo_simulation_1) by extension 'colcon_meta'
[0.869s] Level 1:colcon.colcon_core.package_identification:_identify(demo_simulation_1) by extensions ['ros']
[0.869s] Level 1:colcon.colcon_core.package_identification:_identify(demo_simulation_1) by extension 'ros'
[0.875s] DEBUG:colcon.colcon_core.package_identification:Package 'demo_simulation_1' with type 'ros.ament_python' and name 'demo_simulation_1'
[0.875s] Level 1:colcon.colcon_core.package_identification:_identify(install) by extensions ['ignore', 'ignore_ament_install']
[0.876s] Level 1:colcon.colcon_core.package_identification:_identify(install) by extension 'ignore'
[0.876s] Level 1:colcon.colcon_core.package_identification:_identify(install) ignored
[0.877s] Level 1:colcon.colcon_core.package_identification:_identify(log) by extensions ['ignore', 'ignore_ament_install']
[0.878s] Level 1:colcon.colcon_core.package_identification:_identify(log) by extension 'ignore'
[0.878s] Level 1:colcon.colcon_core.package_identification:_identify(log) ignored
[0.878s] Level 1:colcon.colcon_core.package_discovery:discover_packages(recursive) using defaults
[0.878s] Level 1:colcon.colcon_core.package_discovery:discover_packages(ignore) discover
[0.878s] Level 1:colcon.colcon_core.package_discovery:discover_packages(ignore) using defaults
[0.878s] Level 1:colcon.colcon_core.package_discovery:discover_packages(path) discover
[0.878s] Level 1:colcon.colcon_core.package_discovery:discover_packages(path) using defaults
[0.953s] Level 1:colcon.colcon_core.package_discovery:discover_packages(prefix_path) check parameters
[0.953s] Level 1:colcon.colcon_core.package_discovery:discover_packages(prefix_path) discover
[0.968s] DEBUG:colcon.colcon_installed_package_information.package_discovery:Found 1 installed packages in /home/ros2curso/curso/lab2/install
[0.977s] DEBUG:colcon.colcon_installed_package_information.package_discovery:Found 286 installed packages in /opt/ros/iron
[0.979s] Level 1:colcon.colcon_core.package_discovery:discover_packages(prefix_path) using defaults
[1.310s] Level 5:colcon.colcon_core.verb:set package 'demo_simulation_1' build argument 'cmake_args' from command line to 'None'
[1.311s] Level 5:colcon.colcon_core.verb:set package 'demo_simulation_1' build argument 'cmake_target' from command line to 'None'
[1.311s] Level 5:colcon.colcon_core.verb:set package 'demo_simulation_1' build argument 'cmake_target_skip_unavailable' from command line to 'False'
[1.312s] Level 5:colcon.colcon_core.verb:set package 'demo_simulation_1' build argument 'cmake_clean_cache' from command line to 'False'
[1.312s] Level 5:colcon.colcon_core.verb:set package 'demo_simulation_1' build argument 'cmake_clean_first' from command line to 'False'
[1.312s] Level 5:colcon.colcon_core.verb:set package 'demo_simulation_1' build argument 'cmake_force_configure' from command line to 'False'
[1.312s] Level 5:colcon.colcon_core.verb:set package 'demo_simulation_1' build argument 'ament_cmake_args' from command line to 'None'
[1.312s] Level 5:colcon.colcon_core.verb:set package 'demo_simulation_1' build argument 'catkin_cmake_args' from command line to 'None'
[1.312s] Level 5:colcon.colcon_core.verb:set package 'demo_simulation_1' build argument 'catkin_skip_building_tests' from command line to 'False'
[1.312s] DEBUG:colcon.colcon_core.verb:Building package 'demo_simulation_1' with the following arguments: {'ament_cmake_args': None, 'build_base': '/home/ros2curso/curso/lab3/build/demo_simulation_1', 'catkin_cmake_args': None, 'catkin_skip_building_tests': False, 'cmake_args': None, 'cmake_clean_cache': False, 'cmake_clean_first': False, 'cmake_force_configure': False, 'cmake_target': None, 'cmake_target_skip_unavailable': False, 'install_base': '/home/ros2curso/curso/lab3/install/demo_simulation_1', 'merge_install': False, 'path': '/home/ros2curso/curso/lab3/demo_simulation_1', 'symlink_install': False, 'test_result_base': None}
[1.313s] INFO:colcon.colcon_core.executor:Executing jobs using 'parallel' executor
[1.316s] DEBUG:colcon.colcon_parallel_executor.executor.parallel:run_until_complete
[1.317s] INFO:colcon.colcon_ros.task.ament_python.build:Building ROS package in '/home/ros2curso/curso/lab3/demo_simulation_1' with build type 'ament_python'
[1.319s] Level 1:colcon.colcon_core.shell:create_environment_hook('demo_simulation_1', 'ament_prefix_path')
[1.335s] INFO:colcon.colcon_core.plugin_system:Skipping extension 'colcon_core.shell.bat': Not used on non-Windows systems
[1.336s] INFO:colcon.colcon_core.shell:Creating environment hook '/home/ros2curso/curso/lab3/install/demo_simulation_1/share/demo_simulation_1/hook/ament_prefix_path.ps1'
[1.340s] INFO:colcon.colcon_core.shell:Creating environment descriptor '/home/ros2curso/curso/lab3/install/demo_simulation_1/share/demo_simulation_1/hook/ament_prefix_path.dsv'
[1.344s] INFO:colcon.colcon_core.shell:Creating environment hook '/home/ros2curso/curso/lab3/install/demo_simulation_1/share/demo_simulation_1/hook/ament_prefix_path.sh'
[1.349s] INFO:colcon.colcon_core.shell:Skip shell extension 'powershell' for command environment: Not usable outside of PowerShell
[1.349s] DEBUG:colcon.colcon_core.shell:Skip shell extension 'dsv' for command environment
[1.793s] INFO:colcon.colcon_core.task.python.build:Building Python package in '/home/ros2curso/curso/lab3/demo_simulation_1'
[1.794s] INFO:colcon.colcon_core.shell:Skip shell extension 'powershell' for command environment: Not usable outside of PowerShell
[1.794s] DEBUG:colcon.colcon_core.shell:Skip shell extension 'dsv' for command environment
[2.508s] DEBUG:colcon.colcon_core.event_handler.log_command:Invoking command in '/home/ros2curso/curso/lab3/demo_simulation_1': PYTHONPATH=/home/ros2curso/curso/lab3/build/demo_simulation_1/prefix_override:/home/ros2curso/curso/lab3/install/demo_simulation_1/lib/python3.10/site-packages:${PYTHONPATH} /usr/bin/python3 -W ignore:setup.py install is deprecated setup.py egg_info --egg-base ../build/demo_simulation_1 build --build-base /home/ros2curso/curso/lab3/build/demo_simulation_1/build install --record /home/ros2curso/curso/lab3/build/demo_simulation_1/install.log --single-version-externally-managed install_data
[3.008s] DEBUG:colcon.colcon_core.event_handler.log_command:Invoked command in '/home/ros2curso/curso/lab3/demo_simulation_1' returned '0': PYTHONPATH=/home/ros2curso/curso/lab3/build/demo_simulation_1/prefix_override:/home/ros2curso/curso/lab3/install/demo_simulation_1/lib/python3.10/site-packages:${PYTHONPATH} /usr/bin/python3 -W ignore:setup.py install is deprecated setup.py egg_info --egg-base ../build/demo_simulation_1 build --build-base /home/ros2curso/curso/lab3/build/demo_simulation_1/build install --record /home/ros2curso/curso/lab3/build/demo_simulation_1/install.log --single-version-externally-managed install_data
[3.043s] Level 1:colcon.colcon_core.environment:checking '/home/ros2curso/curso/lab3/install/demo_simulation_1' for CMake module files
[3.044s] Level 1:colcon.colcon_core.environment:checking '/home/ros2curso/curso/lab3/install/demo_simulation_1' for CMake config files
[3.046s] Level 1:colcon.colcon_core.environment:checking '/home/ros2curso/curso/lab3/install/demo_simulation_1/lib'
[3.047s] Level 1:colcon.colcon_core.environment:checking '/home/ros2curso/curso/lab3/install/demo_simulation_1/bin'
[3.048s] Level 1:colcon.colcon_core.environment:checking '/home/ros2curso/curso/lab3/install/demo_simulation_1/lib/pkgconfig/demo_simulation_1.pc'
[3.052s] Level 1:colcon.colcon_core.environment:checking '/home/ros2curso/curso/lab3/install/demo_simulation_1/lib/python3.10/site-packages'
[3.052s] Level 1:colcon.colcon_core.shell:create_environment_hook('demo_simulation_1', 'pythonpath')
[3.055s] INFO:colcon.colcon_core.shell:Creating environment hook '/home/ros2curso/curso/lab3/install/demo_simulation_1/share/demo_simulation_1/hook/pythonpath.ps1'
[3.058s] INFO:colcon.colcon_core.shell:Creating environment descriptor '/home/ros2curso/curso/lab3/install/demo_simulation_1/share/demo_simulation_1/hook/pythonpath.dsv'
[3.059s] INFO:colcon.colcon_core.shell:Creating environment hook '/home/ros2curso/curso/lab3/install/demo_simulation_1/share/demo_simulation_1/hook/pythonpath.sh'
[3.062s] Level 1:colcon.colcon_core.environment:checking '/home/ros2curso/curso/lab3/install/demo_simulation_1/bin'
[3.063s] Level 1:colcon.colcon_core.environment:create_environment_scripts_only(demo_simulation_1)
[3.063s] INFO:colcon.colcon_core.shell:Creating package script '/home/ros2curso/curso/lab3/install/demo_simulation_1/share/demo_simulation_1/package.ps1'
[3.068s] INFO:colcon.colcon_core.shell:Creating package descriptor '/home/ros2curso/curso/lab3/install/demo_simulation_1/share/demo_simulation_1/package.dsv'
[3.071s] INFO:colcon.colcon_core.shell:Creating package script '/home/ros2curso/curso/lab3/install/demo_simulation_1/share/demo_simulation_1/package.sh'
[3.075s] INFO:colcon.colcon_core.shell:Creating package script '/home/ros2curso/curso/lab3/install/demo_simulation_1/share/demo_simulation_1/package.bash'
[3.078s] INFO:colcon.colcon_core.shell:Creating package script '/home/ros2curso/curso/lab3/install/demo_simulation_1/share/demo_simulation_1/package.zsh'
[3.083s] Level 1:colcon.colcon_core.environment:create_file_with_runtime_dependencies(/home/ros2curso/curso/lab3/install/demo_simulation_1/share/colcon-core/packages/demo_simulation_1)
[3.084s] DEBUG:colcon.colcon_parallel_executor.executor.parallel:closing loop
[3.085s] DEBUG:colcon.colcon_parallel_executor.executor.parallel:loop closed
[3.085s] DEBUG:colcon.colcon_parallel_executor.executor.parallel:run_until_complete finished with '0'
[3.086s] DEBUG:colcon.colcon_core.event_reactor:joining thread
[3.101s] INFO:colcon.colcon_core.plugin_system:Skipping extension 'colcon_notification.desktop_notification.terminal_notifier': Not used on non-Darwin systems
[3.101s] INFO:colcon.colcon_core.plugin_system:Skipping extension 'colcon_notification.desktop_notification.win32': Not used on non-Windows systems
[3.101s] INFO:colcon.colcon_notification.desktop_notification:Sending desktop notification using 'notify2'
[3.173s] DEBUG:colcon.colcon_core.event_reactor:joined thread
[3.174s] INFO:colcon.colcon_core.shell:Creating prefix script '/home/ros2curso/curso/lab3/install/local_setup.ps1'
[3.178s] INFO:colcon.colcon_core.shell:Creating prefix util module '/home/ros2curso/curso/lab3/install/_local_setup_util_ps1.py'
[3.182s] INFO:colcon.colcon_core.shell:Creating prefix chain script '/home/ros2curso/curso/lab3/install/setup.ps1'
[3.187s] INFO:colcon.colcon_core.shell:Creating prefix script '/home/ros2curso/curso/lab3/install/local_setup.sh'
[3.191s] INFO:colcon.colcon_core.shell:Creating prefix util module '/home/ros2curso/curso/lab3/install/_local_setup_util_sh.py'
[3.194s] INFO:colcon.colcon_core.shell:Creating prefix chain script '/home/ros2curso/curso/lab3/install/setup.sh'
[3.199s] INFO:colcon.colcon_core.shell:Creating prefix script '/home/ros2curso/curso/lab3/install/local_setup.bash'
[3.201s] INFO:colcon.colcon_core.shell:Creating prefix chain script '/home/ros2curso/curso/lab3/install/setup.bash'
[3.206s] INFO:colcon.colcon_core.shell:Creating prefix script '/home/ros2curso/curso/lab3/install/local_setup.zsh'
[3.210s] INFO:colcon.colcon_core.shell:Creating prefix chain script '/home/ros2curso/curso/lab3/install/setup.zsh'
