/home/ros2curso/curso/lab1/install/demo_nodos/lib/python3.10/site-packages/demo_nodos/__init__.py
/home/ros2curso/curso/lab1/install/demo_nodos/lib/python3.10/site-packages/demo_nodos/pub_node.py
/home/ros2curso/curso/lab1/install/demo_nodos/lib/python3.10/site-packages/demo_nodos/simple_node.py
/home/ros2curso/curso/lab1/install/demo_nodos/lib/python3.10/site-packages/demo_nodos/sub_node.py
/home/ros2curso/curso/lab1/install/demo_nodos/lib/python3.10/site-packages/demo_nodos/__pycache__/__init__.cpython-310.pyc
/home/ros2curso/curso/lab1/install/demo_nodos/lib/python3.10/site-packages/demo_nodos/__pycache__/pub_node.cpython-310.pyc
/home/ros2curso/curso/lab1/install/demo_nodos/lib/python3.10/site-packages/demo_nodos/__pycache__/simple_node.cpython-310.pyc
/home/ros2curso/curso/lab1/install/demo_nodos/lib/python3.10/site-packages/demo_nodos/__pycache__/sub_node.cpython-310.pyc
/home/ros2curso/curso/lab1/install/demo_nodos/share/ament_index/resource_index/packages/demo_nodos
/home/ros2curso/curso/lab1/install/demo_nodos/share/demo_nodos/package.xml
/home/ros2curso/curso/lab1/install/demo_nodos/lib/python3.10/site-packages/demo_nodos-0.0.0-py3.10.egg-info/SOURCES.txt
/home/ros2curso/curso/lab1/install/demo_nodos/lib/python3.10/site-packages/demo_nodos-0.0.0-py3.10.egg-info/dependency_links.txt
/home/ros2curso/curso/lab1/install/demo_nodos/lib/python3.10/site-packages/demo_nodos-0.0.0-py3.10.egg-info/entry_points.txt
/home/ros2curso/curso/lab1/install/demo_nodos/lib/python3.10/site-packages/demo_nodos-0.0.0-py3.10.egg-info/PKG-INFO
/home/ros2curso/curso/lab1/install/demo_nodos/lib/python3.10/site-packages/demo_nodos-0.0.0-py3.10.egg-info/top_level.txt
/home/ros2curso/curso/lab1/install/demo_nodos/lib/python3.10/site-packages/demo_nodos-0.0.0-py3.10.egg-info/requires.txt
/home/ros2curso/curso/lab1/install/demo_nodos/lib/python3.10/site-packages/demo_nodos-0.0.0-py3.10.egg-info/zip-safe
/home/ros2curso/curso/lab1/install/demo_nodos/lib/demo_nodos/simple_node
/home/ros2curso/curso/lab1/install/demo_nodos/lib/demo_nodos/simple_pub
/home/ros2curso/curso/lab1/install/demo_nodos/lib/demo_nodos/simple_sub
