[0.191s] DEBUG:colcon:Command line arguments: ['/usr/bin/colcon', 'build']
[0.191s] DEBUG:colcon:Parsed command line arguments: Namespace(log_base=None, log_level=None, verb_name='build', build_base='build', install_base='install', merge_install=False, symlink_install=False, test_result_base=None, continue_on_error=False, executor='parallel', parallel_workers=2, event_handlers=None, ignore_user_meta=False, metas=['./colcon.meta'], base_paths=['.'], packages_ignore=None, packages_ignore_regex=None, paths=None, packages_up_to=None, packages_up_to_regex=None, packages_above=None, packages_above_and_dependencies=None, packages_above_depth=None, packages_select_by_dep=None, packages_skip_by_dep=None, packages_skip_up_to=None, packages_select_build_failed=False, packages_skip_build_finished=False, packages_select_test_failures=False, packages_skip_test_passed=False, packages_select=None, packages_skip=None, packages_select_regex=None, packages_skip_regex=None, packages_start=None, packages_end=None, allow_overriding=[], cmake_args=None, cmake_target=None, cmake_target_skip_unavailable=False, cmake_clean_cache=False, cmake_clean_first=False, cmake_force_configure=False, ament_cmake_args=None, catkin_cmake_args=None, catkin_skip_building_tests=False, mixin_files=None, mixin=None, verb_parser=<colcon_mixin.mixin.mixin_argument.MixinArgumentDecorator object at 0x7b325e03a050>, verb_extension=<colcon_core.verb.build.BuildVerb object at 0x7b325e039a50>, main=<bound method BuildVerb.main of <colcon_core.verb.build.BuildVerb object at 0x7b325e039a50>>, mixin_verb=('build',))
[0.443s] Level 1:colcon.colcon_core.package_discovery:discover_packages(colcon_meta) check parameters
[0.445s] Level 1:colcon.colcon_core.package_discovery:discover_packages(recursive) check parameters
[0.445s] Level 1:colcon.colcon_core.package_discovery:discover_packages(ignore) check parameters
[0.445s] Level 1:colcon.colcon_core.package_discovery:discover_packages(path) check parameters
[0.445s] Level 1:colcon.colcon_core.package_discovery:discover_packages(colcon_meta) discover
[0.445s] Level 1:colcon.colcon_core.package_discovery:discover_packages(recursive) discover
[0.445s] INFO:colcon.colcon_core.package_discovery:Crawling recursively for packages in '/home/ros2curso/curso/lab2'
[0.446s] Level 1:colcon.colcon_core.package_identification:_identify(.) by extensions ['ignore', 'ignore_ament_install']
[0.446s] Level 1:colcon.colcon_core.package_identification:_identify(.) by extension 'ignore'
[0.446s] Level 1:colcon.colcon_core.package_identification:_identify(.) by extension 'ignore_ament_install'
[0.446s] Level 1:colcon.colcon_core.package_identification:_identify(.) by extensions ['colcon_pkg']
[0.446s] Level 1:colcon.colcon_core.package_identification:_identify(.) by extension 'colcon_pkg'
[0.446s] Level 1:colcon.colcon_core.package_identification:_identify(.) by extensions ['colcon_meta']
[0.446s] Level 1:colcon.colcon_core.package_identification:_identify(.) by extension 'colcon_meta'
[0.446s] Level 1:colcon.colcon_core.package_identification:_identify(.) by extensions ['ros']
[0.446s] Level 1:colcon.colcon_core.package_identification:_identify(.) by extension 'ros'
[0.467s] Level 1:colcon.colcon_core.package_identification:_identify(.) by extensions ['cmake', 'python']
[0.468s] Level 1:colcon.colcon_core.package_identification:_identify(.) by extension 'cmake'
[0.468s] Level 1:colcon.colcon_core.package_identification:_identify(.) by extension 'python'
[0.468s] Level 1:colcon.colcon_core.package_identification:_identify(.) by extensions ['python_setup_py']
[0.468s] Level 1:colcon.colcon_core.package_identification:_identify(.) by extension 'python_setup_py'
[0.468s] Level 1:colcon.colcon_core.package_identification:_identify(build) by extensions ['ignore', 'ignore_ament_install']
[0.469s] Level 1:colcon.colcon_core.package_identification:_identify(build) by extension 'ignore'
[0.469s] Level 1:colcon.colcon_core.package_identification:_identify(build) ignored
[0.469s] Level 1:colcon.colcon_core.package_identification:_identify(demo_launch) by extensions ['ignore', 'ignore_ament_install']
[0.470s] Level 1:colcon.colcon_core.package_identification:_identify(demo_launch) by extension 'ignore'
[0.470s] Level 1:colcon.colcon_core.package_identification:_identify(demo_launch) by extension 'ignore_ament_install'
[0.470s] Level 1:colcon.colcon_core.package_identification:_identify(demo_launch) by extensions ['colcon_pkg']
[0.470s] Level 1:colcon.colcon_core.package_identification:_identify(demo_launch) by extension 'colcon_pkg'
[0.470s] Level 1:colcon.colcon_core.package_identification:_identify(demo_launch) by extensions ['colcon_meta']
[0.470s] Level 1:colcon.colcon_core.package_identification:_identify(demo_launch) by extension 'colcon_meta'
[0.470s] Level 1:colcon.colcon_core.package_identification:_identify(demo_launch) by extensions ['ros']
[0.470s] Level 1:colcon.colcon_core.package_identification:_identify(demo_launch) by extension 'ros'
[0.474s] DEBUG:colcon.colcon_core.package_identification:Package 'demo_launch' with type 'ros.ament_python' and name 'demo_launch'
[0.476s] Level 1:colcon.colcon_core.package_identification:_identify(install) by extensions ['ignore', 'ignore_ament_install']
[0.477s] Level 1:colcon.colcon_core.package_identification:_identify(install) by extension 'ignore'
[0.477s] Level 1:colcon.colcon_core.package_identification:_identify(install) ignored
[0.477s] Level 1:colcon.colcon_core.package_identification:_identify(log) by extensions ['ignore', 'ignore_ament_install']
[0.477s] Level 1:colcon.colcon_core.package_identification:_identify(log) by extension 'ignore'
[0.478s] Level 1:colcon.colcon_core.package_identification:_identify(log) ignored
[0.478s] Level 1:colcon.colcon_core.package_discovery:discover_packages(recursive) using defaults
[0.480s] Level 1:colcon.colcon_core.package_discovery:discover_packages(ignore) discover
[0.480s] Level 1:colcon.colcon_core.package_discovery:discover_packages(ignore) using defaults
[0.480s] Level 1:colcon.colcon_core.package_discovery:discover_packages(path) discover
[0.480s] Level 1:colcon.colcon_core.package_discovery:discover_packages(path) using defaults
[0.529s] Level 1:colcon.colcon_core.package_discovery:discover_packages(prefix_path) check parameters
[0.530s] Level 1:colcon.colcon_core.package_discovery:discover_packages(prefix_path) discover
[0.569s] DEBUG:colcon.colcon_installed_package_information.package_discovery:Found 1 installed packages in /home/ros2curso/curso/lab2/install
[0.571s] DEBUG:colcon.colcon_installed_package_information.package_discovery:Found 1 installed packages in /home/ros2curso/curso/lab1/install
[0.573s] DEBUG:colcon.colcon_installed_package_information.package_discovery:Found 286 installed packages in /opt/ros/iron
[0.576s] Level 1:colcon.colcon_core.package_discovery:discover_packages(prefix_path) using defaults
[0.669s] Level 5:colcon.colcon_core.verb:set package 'demo_launch' build argument 'cmake_args' from command line to 'None'
[0.670s] Level 5:colcon.colcon_core.verb:set package 'demo_launch' build argument 'cmake_target' from command line to 'None'
[0.670s] Level 5:colcon.colcon_core.verb:set package 'demo_launch' build argument 'cmake_target_skip_unavailable' from command line to 'False'
[0.670s] Level 5:colcon.colcon_core.verb:set package 'demo_launch' build argument 'cmake_clean_cache' from command line to 'False'
[0.670s] Level 5:colcon.colcon_core.verb:set package 'demo_launch' build argument 'cmake_clean_first' from command line to 'False'
[0.670s] Level 5:colcon.colcon_core.verb:set package 'demo_launch' build argument 'cmake_force_configure' from command line to 'False'
[0.670s] Level 5:colcon.colcon_core.verb:set package 'demo_launch' build argument 'ament_cmake_args' from command line to 'None'
[0.670s] Level 5:colcon.colcon_core.verb:set package 'demo_launch' build argument 'catkin_cmake_args' from command line to 'None'
[0.670s] Level 5:colcon.colcon_core.verb:set package 'demo_launch' build argument 'catkin_skip_building_tests' from command line to 'False'
[0.670s] DEBUG:colcon.colcon_core.verb:Building package 'demo_launch' with the following arguments: {'ament_cmake_args': None, 'build_base': '/home/ros2curso/curso/lab2/build/demo_launch', 'catkin_cmake_args': None, 'catkin_skip_building_tests': False, 'cmake_args': None, 'cmake_clean_cache': False, 'cmake_clean_first': False, 'cmake_force_configure': False, 'cmake_target': None, 'cmake_target_skip_unavailable': False, 'install_base': '/home/ros2curso/curso/lab2/install/demo_launch', 'merge_install': False, 'path': '/home/ros2curso/curso/lab2/demo_launch', 'symlink_install': False, 'test_result_base': None}
[0.671s] INFO:colcon.colcon_core.executor:Executing jobs using 'parallel' executor
[0.676s] DEBUG:colcon.colcon_parallel_executor.executor.parallel:run_until_complete
[0.680s] INFO:colcon.colcon_ros.task.ament_python.build:Building ROS package in '/home/ros2curso/curso/lab2/demo_launch' with build type 'ament_python'
[0.681s] Level 1:colcon.colcon_core.shell:create_environment_hook('demo_launch', 'ament_prefix_path')
[0.688s] INFO:colcon.colcon_core.plugin_system:Skipping extension 'colcon_core.shell.bat': Not used on non-Windows systems
[0.690s] INFO:colcon.colcon_core.shell:Creating environment hook '/home/ros2curso/curso/lab2/install/demo_launch/share/demo_launch/hook/ament_prefix_path.ps1'
[0.693s] INFO:colcon.colcon_core.shell:Creating environment descriptor '/home/ros2curso/curso/lab2/install/demo_launch/share/demo_launch/hook/ament_prefix_path.dsv'
[0.695s] INFO:colcon.colcon_core.shell:Creating environment hook '/home/ros2curso/curso/lab2/install/demo_launch/share/demo_launch/hook/ament_prefix_path.sh'
[0.698s] INFO:colcon.colcon_core.shell:Skip shell extension 'powershell' for command environment: Not usable outside of PowerShell
[0.698s] DEBUG:colcon.colcon_core.shell:Skip shell extension 'dsv' for command environment
[1.196s] INFO:colcon.colcon_core.task.python.build:Building Python package in '/home/ros2curso/curso/lab2/demo_launch'
[1.197s] INFO:colcon.colcon_core.shell:Skip shell extension 'powershell' for command environment: Not usable outside of PowerShell
[1.197s] DEBUG:colcon.colcon_core.shell:Skip shell extension 'dsv' for command environment
[1.909s] DEBUG:colcon.colcon_core.event_handler.log_command:Invoking command in '/home/ros2curso/curso/lab2/demo_launch': PYTHONPATH=/home/ros2curso/curso/lab2/build/demo_launch/prefix_override:/home/ros2curso/curso/lab2/install/demo_launch/lib/python3.10/site-packages:${PYTHONPATH} /usr/bin/python3 -W ignore:setup.py install is deprecated setup.py egg_info --egg-base ../build/demo_launch build --build-base /home/ros2curso/curso/lab2/build/demo_launch/build install --record /home/ros2curso/curso/lab2/build/demo_launch/install.log --single-version-externally-managed install_data
[2.380s] Level 1:colcon.colcon_core.environment:checking '/home/ros2curso/curso/lab2/install/demo_launch' for CMake module files
[2.382s] Level 1:colcon.colcon_core.environment:checking '/home/ros2curso/curso/lab2/install/demo_launch' for CMake config files
[2.383s] Level 1:colcon.colcon_core.environment:checking '/home/ros2curso/curso/lab2/install/demo_launch/lib'
[2.381s] DEBUG:colcon.colcon_core.event_handler.log_command:Invoked command in '/home/ros2curso/curso/lab2/demo_launch' returned '0': PYTHONPATH=/home/ros2curso/curso/lab2/build/demo_launch/prefix_override:/home/ros2curso/curso/lab2/install/demo_launch/lib/python3.10/site-packages:${PYTHONPATH} /usr/bin/python3 -W ignore:setup.py install is deprecated setup.py egg_info --egg-base ../build/demo_launch build --build-base /home/ros2curso/curso/lab2/build/demo_launch/build install --record /home/ros2curso/curso/lab2/build/demo_launch/install.log --single-version-externally-managed install_data
[2.385s] Level 1:colcon.colcon_core.environment:checking '/home/ros2curso/curso/lab2/install/demo_launch/bin'
[2.386s] Level 1:colcon.colcon_core.environment:checking '/home/ros2curso/curso/lab2/install/demo_launch/lib/pkgconfig/demo_launch.pc'
[2.388s] Level 1:colcon.colcon_core.environment:checking '/home/ros2curso/curso/lab2/install/demo_launch/lib/python3.10/site-packages'
[2.389s] Level 1:colcon.colcon_core.shell:create_environment_hook('demo_launch', 'pythonpath')
[2.390s] INFO:colcon.colcon_core.shell:Creating environment hook '/home/ros2curso/curso/lab2/install/demo_launch/share/demo_launch/hook/pythonpath.ps1'
[2.393s] INFO:colcon.colcon_core.shell:Creating environment descriptor '/home/ros2curso/curso/lab2/install/demo_launch/share/demo_launch/hook/pythonpath.dsv'
[2.395s] INFO:colcon.colcon_core.shell:Creating environment hook '/home/ros2curso/curso/lab2/install/demo_launch/share/demo_launch/hook/pythonpath.sh'
[2.400s] Level 1:colcon.colcon_core.environment:checking '/home/ros2curso/curso/lab2/install/demo_launch/bin'
[2.400s] Level 1:colcon.colcon_core.environment:create_environment_scripts_only(demo_launch)
[2.401s] INFO:colcon.colcon_core.shell:Creating package script '/home/ros2curso/curso/lab2/install/demo_launch/share/demo_launch/package.ps1'
[2.405s] INFO:colcon.colcon_core.shell:Creating package descriptor '/home/ros2curso/curso/lab2/install/demo_launch/share/demo_launch/package.dsv'
[2.408s] INFO:colcon.colcon_core.shell:Creating package script '/home/ros2curso/curso/lab2/install/demo_launch/share/demo_launch/package.sh'
[2.412s] INFO:colcon.colcon_core.shell:Creating package script '/home/ros2curso/curso/lab2/install/demo_launch/share/demo_launch/package.bash'
[2.417s] INFO:colcon.colcon_core.shell:Creating package script '/home/ros2curso/curso/lab2/install/demo_launch/share/demo_launch/package.zsh'
[2.419s] Level 1:colcon.colcon_core.environment:create_file_with_runtime_dependencies(/home/ros2curso/curso/lab2/install/demo_launch/share/colcon-core/packages/demo_launch)
[2.423s] DEBUG:colcon.colcon_parallel_executor.executor.parallel:closing loop
[2.424s] DEBUG:colcon.colcon_parallel_executor.executor.parallel:loop closed
[2.425s] DEBUG:colcon.colcon_parallel_executor.executor.parallel:run_until_complete finished with '0'
[2.426s] DEBUG:colcon.colcon_core.event_reactor:joining thread
[2.433s] INFO:colcon.colcon_core.plugin_system:Skipping extension 'colcon_notification.desktop_notification.terminal_notifier': Not used on non-Darwin systems
[2.434s] INFO:colcon.colcon_core.plugin_system:Skipping extension 'colcon_notification.desktop_notification.win32': Not used on non-Windows systems
[2.434s] INFO:colcon.colcon_notification.desktop_notification:Sending desktop notification using 'notify2'
[2.468s] DEBUG:colcon.colcon_core.event_reactor:joined thread
[2.468s] INFO:colcon.colcon_core.shell:Creating prefix script '/home/ros2curso/curso/lab2/install/local_setup.ps1'
[2.470s] INFO:colcon.colcon_core.shell:Creating prefix util module '/home/ros2curso/curso/lab2/install/_local_setup_util_ps1.py'
[2.476s] INFO:colcon.colcon_core.shell:Creating prefix chain script '/home/ros2curso/curso/lab2/install/setup.ps1'
[2.477s] INFO:colcon.colcon_core.shell:Creating prefix script '/home/ros2curso/curso/lab2/install/local_setup.sh'
[2.481s] INFO:colcon.colcon_core.shell:Creating prefix util module '/home/ros2curso/curso/lab2/install/_local_setup_util_sh.py'
[2.484s] INFO:colcon.colcon_core.shell:Creating prefix chain script '/home/ros2curso/curso/lab2/install/setup.sh'
[2.486s] INFO:colcon.colcon_core.shell:Creating prefix script '/home/ros2curso/curso/lab2/install/local_setup.bash'
[2.487s] INFO:colcon.colcon_core.shell:Creating prefix chain script '/home/ros2curso/curso/lab2/install/setup.bash'
[2.491s] INFO:colcon.colcon_core.shell:Creating prefix script '/home/ros2curso/curso/lab2/install/local_setup.zsh'
[2.493s] INFO:colcon.colcon_core.shell:Creating prefix chain script '/home/ros2curso/curso/lab2/install/setup.zsh'
