[0.179s] DEBUG:colcon:Command line arguments: ['/usr/bin/colcon', 'build']
[0.180s] DEBUG:colcon:Parsed command line arguments: Namespace(log_base=None, log_level=None, verb_name='build', build_base='build', install_base='install', merge_install=False, symlink_install=False, test_result_base=None, continue_on_error=False, executor='parallel', parallel_workers=2, event_handlers=None, ignore_user_meta=False, metas=['./colcon.meta'], base_paths=['.'], packages_ignore=None, packages_ignore_regex=None, paths=None, packages_up_to=None, packages_up_to_regex=None, packages_above=None, packages_above_and_dependencies=None, packages_above_depth=None, packages_select_by_dep=None, packages_skip_by_dep=None, packages_skip_up_to=None, packages_select_build_failed=False, packages_skip_build_finished=False, packages_select_test_failures=False, packages_skip_test_passed=False, packages_select=None, packages_skip=None, packages_select_regex=None, packages_skip_regex=None, packages_start=None, packages_end=None, allow_overriding=[], cmake_args=None, cmake_target=None, cmake_target_skip_unavailable=False, cmake_clean_cache=False, cmake_clean_first=False, cmake_force_configure=False, ament_cmake_args=None, catkin_cmake_args=None, catkin_skip_building_tests=False, mixin_files=None, mixin=None, verb_parser=<colcon_mixin.mixin.mixin_argument.MixinArgumentDecorator object at 0x73a7b633df60>, verb_extension=<colcon_core.verb.build.BuildVerb object at 0x73a7b633d960>, main=<bound method BuildVerb.main of <colcon_core.verb.build.BuildVerb object at 0x73a7b633d960>>, mixin_verb=('build',))
[0.403s] Level 1:colcon.colcon_core.package_discovery:discover_packages(colcon_meta) check parameters
[0.405s] Level 1:colcon.colcon_core.package_discovery:discover_packages(recursive) check parameters
[0.405s] Level 1:colcon.colcon_core.package_discovery:discover_packages(ignore) check parameters
[0.405s] Level 1:colcon.colcon_core.package_discovery:discover_packages(path) check parameters
[0.405s] Level 1:colcon.colcon_core.package_discovery:discover_packages(colcon_meta) discover
[0.405s] Level 1:colcon.colcon_core.package_discovery:discover_packages(recursive) discover
[0.405s] INFO:colcon.colcon_core.package_discovery:Crawling recursively for packages in '/home/ros2curso/curso/lab3'
[0.405s] Level 1:colcon.colcon_core.package_identification:_identify(.) by extensions ['ignore', 'ignore_ament_install']
[0.408s] Level 1:colcon.colcon_core.package_identification:_identify(.) by extension 'ignore'
[0.410s] Level 1:colcon.colcon_core.package_identification:_identify(.) by extension 'ignore_ament_install'
[0.411s] Level 1:colcon.colcon_core.package_identification:_identify(.) by extensions ['colcon_pkg']
[0.411s] Level 1:colcon.colcon_core.package_identification:_identify(.) by extension 'colcon_pkg'
[0.411s] Level 1:colcon.colcon_core.package_identification:_identify(.) by extensions ['colcon_meta']
[0.411s] Level 1:colcon.colcon_core.package_identification:_identify(.) by extension 'colcon_meta'
[0.411s] Level 1:colcon.colcon_core.package_identification:_identify(.) by extensions ['ros']
[0.412s] Level 1:colcon.colcon_core.package_identification:_identify(.) by extension 'ros'
[0.428s] Level 1:colcon.colcon_core.package_identification:_identify(.) by extensions ['cmake', 'python']
[0.429s] Level 1:colcon.colcon_core.package_identification:_identify(.) by extension 'cmake'
[0.430s] Level 1:colcon.colcon_core.package_identification:_identify(.) by extension 'python'
[0.430s] Level 1:colcon.colcon_core.package_identification:_identify(.) by extensions ['python_setup_py']
[0.430s] Level 1:colcon.colcon_core.package_identification:_identify(.) by extension 'python_setup_py'
[0.430s] Level 1:colcon.colcon_core.package_identification:_identify(build) by extensions ['ignore', 'ignore_ament_install']
[0.430s] Level 1:colcon.colcon_core.package_identification:_identify(build) by extension 'ignore'
[0.430s] Level 1:colcon.colcon_core.package_identification:_identify(build) ignored
[0.430s] Level 1:colcon.colcon_core.package_identification:_identify(demo_simulation_1) by extensions ['ignore', 'ignore_ament_install']
[0.431s] Level 1:colcon.colcon_core.package_identification:_identify(demo_simulation_1) by extension 'ignore'
[0.431s] Level 1:colcon.colcon_core.package_identification:_identify(demo_simulation_1) by extension 'ignore_ament_install'
[0.431s] Level 1:colcon.colcon_core.package_identification:_identify(demo_simulation_1) by extensions ['colcon_pkg']
[0.431s] Level 1:colcon.colcon_core.package_identification:_identify(demo_simulation_1) by extension 'colcon_pkg'
[0.431s] Level 1:colcon.colcon_core.package_identification:_identify(demo_simulation_1) by extensions ['colcon_meta']
[0.431s] Level 1:colcon.colcon_core.package_identification:_identify(demo_simulation_1) by extension 'colcon_meta'
[0.431s] Level 1:colcon.colcon_core.package_identification:_identify(demo_simulation_1) by extensions ['ros']
[0.431s] Level 1:colcon.colcon_core.package_identification:_identify(demo_simulation_1) by extension 'ros'
[0.434s] DEBUG:colcon.colcon_core.package_identification:Package 'demo_simulation_1' with type 'ros.ament_python' and name 'demo_simulation_1'
[0.435s] Level 1:colcon.colcon_core.package_identification:_identify(install) by extensions ['ignore', 'ignore_ament_install']
[0.435s] Level 1:colcon.colcon_core.package_identification:_identify(install) by extension 'ignore'
[0.435s] Level 1:colcon.colcon_core.package_identification:_identify(install) ignored
[0.435s] Level 1:colcon.colcon_core.package_identification:_identify(log) by extensions ['ignore', 'ignore_ament_install']
[0.436s] Level 1:colcon.colcon_core.package_identification:_identify(log) by extension 'ignore'
[0.436s] Level 1:colcon.colcon_core.package_identification:_identify(log) ignored
[0.436s] Level 1:colcon.colcon_core.package_discovery:discover_packages(recursive) using defaults
[0.436s] Level 1:colcon.colcon_core.package_discovery:discover_packages(ignore) discover
[0.437s] Level 1:colcon.colcon_core.package_discovery:discover_packages(ignore) using defaults
[0.437s] Level 1:colcon.colcon_core.package_discovery:discover_packages(path) discover
[0.437s] Level 1:colcon.colcon_core.package_discovery:discover_packages(path) using defaults
[0.493s] Level 1:colcon.colcon_core.package_discovery:discover_packages(prefix_path) check parameters
[0.494s] Level 1:colcon.colcon_core.package_discovery:discover_packages(prefix_path) discover
[0.496s] DEBUG:colcon.colcon_installed_package_information.package_discovery:Found 1 installed packages in /home/ros2curso/curso/lab2/install
[0.497s] DEBUG:colcon.colcon_installed_package_information.package_discovery:Found 1 installed packages in /home/ros2curso/curso/lab3/install
[0.500s] DEBUG:colcon.colcon_installed_package_information.package_discovery:Found 286 installed packages in /opt/ros/iron
[0.502s] Level 1:colcon.colcon_core.package_discovery:discover_packages(prefix_path) using defaults
[0.554s] Level 5:colcon.colcon_core.verb:set package 'demo_simulation_1' build argument 'cmake_args' from command line to 'None'
[0.555s] Level 5:colcon.colcon_core.verb:set package 'demo_simulation_1' build argument 'cmake_target' from command line to 'None'
[0.555s] Level 5:colcon.colcon_core.verb:set package 'demo_simulation_1' build argument 'cmake_target_skip_unavailable' from command line to 'False'
[0.555s] Level 5:colcon.colcon_core.verb:set package 'demo_simulation_1' build argument 'cmake_clean_cache' from command line to 'False'
[0.555s] Level 5:colcon.colcon_core.verb:set package 'demo_simulation_1' build argument 'cmake_clean_first' from command line to 'False'
[0.555s] Level 5:colcon.colcon_core.verb:set package 'demo_simulation_1' build argument 'cmake_force_configure' from command line to 'False'
[0.555s] Level 5:colcon.colcon_core.verb:set package 'demo_simulation_1' build argument 'ament_cmake_args' from command line to 'None'
[0.555s] Level 5:colcon.colcon_core.verb:set package 'demo_simulation_1' build argument 'catkin_cmake_args' from command line to 'None'
[0.555s] Level 5:colcon.colcon_core.verb:set package 'demo_simulation_1' build argument 'catkin_skip_building_tests' from command line to 'False'
[0.555s] DEBUG:colcon.colcon_core.verb:Building package 'demo_simulation_1' with the following arguments: {'ament_cmake_args': None, 'build_base': '/home/ros2curso/curso/lab3/build/demo_simulation_1', 'catkin_cmake_args': None, 'catkin_skip_building_tests': False, 'cmake_args': None, 'cmake_clean_cache': False, 'cmake_clean_first': False, 'cmake_force_configure': False, 'cmake_target': None, 'cmake_target_skip_unavailable': False, 'install_base': '/home/ros2curso/curso/lab3/install/demo_simulation_1', 'merge_install': False, 'path': '/home/ros2curso/curso/lab3/demo_simulation_1', 'symlink_install': False, 'test_result_base': None}
[0.556s] INFO:colcon.colcon_core.executor:Executing jobs using 'parallel' executor
[0.557s] DEBUG:colcon.colcon_parallel_executor.executor.parallel:run_until_complete
[0.557s] INFO:colcon.colcon_ros.task.ament_python.build:Building ROS package in '/home/ros2curso/curso/lab3/demo_simulation_1' with build type 'ament_python'
[0.558s] Level 1:colcon.colcon_core.shell:create_environment_hook('demo_simulation_1', 'ament_prefix_path')
[0.560s] INFO:colcon.colcon_core.plugin_system:Skipping extension 'colcon_core.shell.bat': Not used on non-Windows systems
[0.560s] INFO:colcon.colcon_core.shell:Creating environment hook '/home/ros2curso/curso/lab3/install/demo_simulation_1/share/demo_simulation_1/hook/ament_prefix_path.ps1'
[0.563s] INFO:colcon.colcon_core.shell:Creating environment descriptor '/home/ros2curso/curso/lab3/install/demo_simulation_1/share/demo_simulation_1/hook/ament_prefix_path.dsv'
[0.566s] INFO:colcon.colcon_core.shell:Creating environment hook '/home/ros2curso/curso/lab3/install/demo_simulation_1/share/demo_simulation_1/hook/ament_prefix_path.sh'
[0.575s] INFO:colcon.colcon_core.shell:Skip shell extension 'powershell' for command environment: Not usable outside of PowerShell
[0.576s] DEBUG:colcon.colcon_core.shell:Skip shell extension 'dsv' for command environment
[0.958s] INFO:colcon.colcon_core.task.python.build:Building Python package in '/home/ros2curso/curso/lab3/demo_simulation_1'
[0.963s] INFO:colcon.colcon_core.shell:Skip shell extension 'powershell' for command environment: Not usable outside of PowerShell
[0.963s] DEBUG:colcon.colcon_core.shell:Skip shell extension 'dsv' for command environment
[1.522s] DEBUG:colcon.colcon_core.event_handler.log_command:Invoking command in '/home/ros2curso/curso/lab3/demo_simulation_1': PYTHONPATH=/home/ros2curso/curso/lab3/build/demo_simulation_1/prefix_override:/home/ros2curso/curso/lab3/install/demo_simulation_1/lib/python3.10/site-packages:${PYTHONPATH} /usr/bin/python3 -W ignore:setup.py install is deprecated setup.py egg_info --egg-base ../build/demo_simulation_1 build --build-base /home/ros2curso/curso/lab3/build/demo_simulation_1/build install --record /home/ros2curso/curso/lab3/build/demo_simulation_1/install.log --single-version-externally-managed install_data
[2.022s] DEBUG:colcon.colcon_core.event_handler.log_command:Invoked command in '/home/ros2curso/curso/lab3/demo_simulation_1' returned '0': PYTHONPATH=/home/ros2curso/curso/lab3/build/demo_simulation_1/prefix_override:/home/ros2curso/curso/lab3/install/demo_simulation_1/lib/python3.10/site-packages:${PYTHONPATH} /usr/bin/python3 -W ignore:setup.py install is deprecated setup.py egg_info --egg-base ../build/demo_simulation_1 build --build-base /home/ros2curso/curso/lab3/build/demo_simulation_1/build install --record /home/ros2curso/curso/lab3/build/demo_simulation_1/install.log --single-version-externally-managed install_data
[2.025s] Level 1:colcon.colcon_core.environment:checking '/home/ros2curso/curso/lab3/install/demo_simulation_1' for CMake module files
[2.025s] Level 1:colcon.colcon_core.environment:checking '/home/ros2curso/curso/lab3/install/demo_simulation_1' for CMake config files
[2.026s] Level 1:colcon.colcon_core.environment:checking '/home/ros2curso/curso/lab3/install/demo_simulation_1/lib'
[2.027s] Level 1:colcon.colcon_core.environment:checking '/home/ros2curso/curso/lab3/install/demo_simulation_1/bin'
[2.027s] Level 1:colcon.colcon_core.environment:checking '/home/ros2curso/curso/lab3/install/demo_simulation_1/lib/pkgconfig/demo_simulation_1.pc'
[2.028s] Level 1:colcon.colcon_core.environment:checking '/home/ros2curso/curso/lab3/install/demo_simulation_1/lib/python3.10/site-packages'
[2.028s] Level 1:colcon.colcon_core.shell:create_environment_hook('demo_simulation_1', 'pythonpath')
[2.029s] INFO:colcon.colcon_core.shell:Creating environment hook '/home/ros2curso/curso/lab3/install/demo_simulation_1/share/demo_simulation_1/hook/pythonpath.ps1'
[2.041s] INFO:colcon.colcon_core.shell:Creating environment descriptor '/home/ros2curso/curso/lab3/install/demo_simulation_1/share/demo_simulation_1/hook/pythonpath.dsv'
[2.044s] INFO:colcon.colcon_core.shell:Creating environment hook '/home/ros2curso/curso/lab3/install/demo_simulation_1/share/demo_simulation_1/hook/pythonpath.sh'
[2.046s] Level 1:colcon.colcon_core.environment:checking '/home/ros2curso/curso/lab3/install/demo_simulation_1/bin'
[2.046s] Level 1:colcon.colcon_core.environment:create_environment_scripts_only(demo_simulation_1)
[2.047s] INFO:colcon.colcon_core.shell:Creating package script '/home/ros2curso/curso/lab3/install/demo_simulation_1/share/demo_simulation_1/package.ps1'
[2.056s] INFO:colcon.colcon_core.shell:Creating package descriptor '/home/ros2curso/curso/lab3/install/demo_simulation_1/share/demo_simulation_1/package.dsv'
[2.062s] INFO:colcon.colcon_core.shell:Creating package script '/home/ros2curso/curso/lab3/install/demo_simulation_1/share/demo_simulation_1/package.sh'
[2.065s] INFO:colcon.colcon_core.shell:Creating package script '/home/ros2curso/curso/lab3/install/demo_simulation_1/share/demo_simulation_1/package.bash'
[2.068s] INFO:colcon.colcon_core.shell:Creating package script '/home/ros2curso/curso/lab3/install/demo_simulation_1/share/demo_simulation_1/package.zsh'
[2.070s] Level 1:colcon.colcon_core.environment:create_file_with_runtime_dependencies(/home/ros2curso/curso/lab3/install/demo_simulation_1/share/colcon-core/packages/demo_simulation_1)
[2.076s] DEBUG:colcon.colcon_parallel_executor.executor.parallel:closing loop
[2.077s] DEBUG:colcon.colcon_parallel_executor.executor.parallel:loop closed
[2.077s] DEBUG:colcon.colcon_parallel_executor.executor.parallel:run_until_complete finished with '0'
[2.077s] DEBUG:colcon.colcon_core.event_reactor:joining thread
[2.083s] INFO:colcon.colcon_core.plugin_system:Skipping extension 'colcon_notification.desktop_notification.terminal_notifier': Not used on non-Darwin systems
[2.084s] INFO:colcon.colcon_core.plugin_system:Skipping extension 'colcon_notification.desktop_notification.win32': Not used on non-Windows systems
[2.084s] INFO:colcon.colcon_notification.desktop_notification:Sending desktop notification using 'notify2'
[2.149s] DEBUG:colcon.colcon_core.event_reactor:joined thread
[2.150s] INFO:colcon.colcon_core.shell:Creating prefix script '/home/ros2curso/curso/lab3/install/local_setup.ps1'
[2.153s] INFO:colcon.colcon_core.shell:Creating prefix util module '/home/ros2curso/curso/lab3/install/_local_setup_util_ps1.py'
[2.157s] INFO:colcon.colcon_core.shell:Creating prefix chain script '/home/ros2curso/curso/lab3/install/setup.ps1'
[2.161s] INFO:colcon.colcon_core.shell:Creating prefix script '/home/ros2curso/curso/lab3/install/local_setup.sh'
[2.165s] INFO:colcon.colcon_core.shell:Creating prefix util module '/home/ros2curso/curso/lab3/install/_local_setup_util_sh.py'
[2.172s] INFO:colcon.colcon_core.shell:Creating prefix chain script '/home/ros2curso/curso/lab3/install/setup.sh'
[2.175s] INFO:colcon.colcon_core.shell:Creating prefix script '/home/ros2curso/curso/lab3/install/local_setup.bash'
[2.177s] INFO:colcon.colcon_core.shell:Creating prefix chain script '/home/ros2curso/curso/lab3/install/setup.bash'
[2.183s] INFO:colcon.colcon_core.shell:Creating prefix script '/home/ros2curso/curso/lab3/install/local_setup.zsh'
[2.187s] INFO:colcon.colcon_core.shell:Creating prefix chain script '/home/ros2curso/curso/lab3/install/setup.zsh'
