running egg_info
creating ../build/demo_launch/demo_lauch.egg-info
writing ../build/demo_launch/demo_lauch.egg-info/PKG-INFO
writing dependency_links to ../build/demo_launch/demo_lauch.egg-info/dependency_links.txt
writing entry points to ../build/demo_launch/demo_lauch.egg-info/entry_points.txt
writing requirements to ../build/demo_launch/demo_lauch.egg-info/requires.txt
writing top-level names to ../build/demo_launch/demo_lauch.egg-info/top_level.txt
writing manifest file '../build/demo_launch/demo_lauch.egg-info/SOURCES.txt'
reading manifest file '../build/demo_launch/demo_lauch.egg-info/SOURCES.txt'
writing manifest file '../build/demo_launch/demo_lauch.egg-info/SOURCES.txt'
running build
running build_py
copying demo_launch/pub_node.py -> /home/ros2curso/curso/lab2/build/demo_launch/build/lib/demo_launch
copying demo_launch/sub_node.py -> /home/ros2curso/curso/lab2/build/demo_launch/build/lib/demo_launch
running install
running install_lib
copying /home/ros2curso/curso/lab2/build/demo_launch/build/lib/demo_launch/pub_node.py -> /home/ros2curso/curso/lab2/install/demo_launch/lib/python3.10/site-packages/demo_launch
copying /home/ros2curso/curso/lab2/build/demo_launch/build/lib/demo_launch/sub_node.py -> /home/ros2curso/curso/lab2/install/demo_launch/lib/python3.10/site-packages/demo_launch
byte-compiling /home/ros2curso/curso/lab2/install/demo_launch/lib/python3.10/site-packages/demo_launch/pub_node.py to pub_node.cpython-310.pyc
byte-compiling /home/ros2curso/curso/lab2/install/demo_launch/lib/python3.10/site-packages/demo_launch/sub_node.py to sub_node.cpython-310.pyc
running install_data
error: can't copy 'resource/demo_lauch': doesn't exist or not a regular file
