running egg_info
writing ../build/demo_simulation_1/demo_simulation_1.egg-info/PKG-INFO
writing dependency_links to ../build/demo_simulation_1/demo_simulation_1.egg-info/dependency_links.txt
writing entry points to ../build/demo_simulation_1/demo_simulation_1.egg-info/entry_points.txt
writing requirements to ../build/demo_simulation_1/demo_simulation_1.egg-info/requires.txt
writing top-level names to ../build/demo_simulation_1/demo_simulation_1.egg-info/top_level.txt
reading manifest file '../build/demo_simulation_1/demo_simulation_1.egg-info/SOURCES.txt'
writing manifest file '../build/demo_simulation_1/demo_simulation_1.egg-info/SOURCES.txt'
running build
running build_py
running install
running install_lib
running install_data
creating /home/ros2curso/curso/lab3/install/demo_simulation_1/share/demo_simulation_1/launch
copying launch/visualization.launch.py -> /home/ros2curso/curso/lab3/install/demo_simulation_1/share/demo_simulation_1/launch/
running install_egg_info
removing '/home/ros2curso/curso/lab3/install/demo_simulation_1/lib/python3.10/site-packages/demo_simulation_1-0.0.0-py3.10.egg-info' (and everything under it)
Copying ../build/demo_simulation_1/demo_simulation_1.egg-info to /home/ros2curso/curso/lab3/install/demo_simulation_1/lib/python3.10/site-packages/demo_simulation_1-0.0.0-py3.10.egg-info
running install_scripts
writing list of installed files to '/home/ros2curso/curso/lab3/build/demo_simulation_1/install.log'
