[1.189s] Invoking command in '/home/ros2curso/curso/lab3/demo_simulation_1': PYTHONPATH=/home/ros2curso/curso/lab3/build/demo_simulation_1/prefix_override:/home/ros2curso/curso/lab3/install/demo_simulation_1/lib/python3.10/site-packages:${PYTHONPATH} /usr/bin/python3 -W ignore:setup.py install is deprecated setup.py egg_info --egg-base ../build/demo_simulation_1 build --build-base /home/ros2curso/curso/lab3/build/demo_simulation_1/build install --record /home/ros2curso/curso/lab3/build/demo_simulation_1/install.log --single-version-externally-managed install_data
[1.566s] running egg_info
[1.566s] writing ../build/demo_simulation_1/demo_simulation_1.egg-info/PKG-INFO
[1.566s] writing dependency_links to ../build/demo_simulation_1/demo_simulation_1.egg-info/dependency_links.txt
[1.567s] writing entry points to ../build/demo_simulation_1/demo_simulation_1.egg-info/entry_points.txt
[1.567s] writing requirements to ../build/demo_simulation_1/demo_simulation_1.egg-info/requires.txt
[1.567s] writing top-level names to ../build/demo_simulation_1/demo_simulation_1.egg-info/top_level.txt
[1.571s] reading manifest file '../build/demo_simulation_1/demo_simulation_1.egg-info/SOURCES.txt'
[1.572s] writing manifest file '../build/demo_simulation_1/demo_simulation_1.egg-info/SOURCES.txt'
[1.575s] running build
[1.576s] running build_py
[1.576s] running install
[1.576s] running install_lib
[1.587s] running install_data
[1.588s] creating /home/ros2curso/curso/lab3/install/demo_simulation_1/share/demo_simulation_1/launch
[1.588s] copying launch/visualization.launch.py -> /home/ros2curso/curso/lab3/install/demo_simulation_1/share/demo_simulation_1/launch/
[1.588s] running install_egg_info
[1.588s] removing '/home/ros2curso/curso/lab3/install/demo_simulation_1/lib/python3.10/site-packages/demo_simulation_1-0.0.0-py3.10.egg-info' (and everything under it)
[1.596s] Copying ../build/demo_simulation_1/demo_simulation_1.egg-info to /home/ros2curso/curso/lab3/install/demo_simulation_1/lib/python3.10/site-packages/demo_simulation_1-0.0.0-py3.10.egg-info
[1.598s] running install_scripts
[1.639s] writing list of installed files to '/home/ros2curso/curso/lab3/build/demo_simulation_1/install.log'
[1.690s] Invoked command in '/home/ros2curso/curso/lab3/demo_simulation_1' returned '0': PYTHONPATH=/home/ros2curso/curso/lab3/build/demo_simulation_1/prefix_override:/home/ros2curso/curso/lab3/install/demo_simulation_1/lib/python3.10/site-packages:${PYTHONPATH} /usr/bin/python3 -W ignore:setup.py install is deprecated setup.py egg_info --egg-base ../build/demo_simulation_1 build --build-base /home/ros2curso/curso/lab3/build/demo_simulation_1/build install --record /home/ros2curso/curso/lab3/build/demo_simulation_1/install.log --single-version-externally-managed install_data
