running egg_info
creating ../build/demo_launch/demo_launch.egg-info
writing ../build/demo_launch/demo_launch.egg-info/PKG-INFO
writing dependency_links to ../build/demo_launch/demo_launch.egg-info/dependency_links.txt
writing entry points to ../build/demo_launch/demo_launch.egg-info/entry_points.txt
writing requirements to ../build/demo_launch/demo_launch.egg-info/requires.txt
writing top-level names to ../build/demo_launch/demo_launch.egg-info/top_level.txt
writing manifest file '../build/demo_launch/demo_launch.egg-info/SOURCES.txt'
reading manifest file '../build/demo_launch/demo_launch.egg-info/SOURCES.txt'
writing manifest file '../build/demo_launch/demo_launch.egg-info/SOURCES.txt'
running build
running build_py
creating /home/ros2curso/curso/lab2/build/demo_launch/build
creating /home/ros2curso/curso/lab2/build/demo_launch/build/lib
creating /home/ros2curso/curso/lab2/build/demo_launch/build/lib/demo_launch
copying demo_launch/__init__.py -> /home/ros2curso/curso/lab2/build/demo_launch/build/lib/demo_launch
running install
running install_lib
creating /home/ros2curso/curso/lab2/install/demo_launch/lib/python3.10/site-packages/demo_launch
copying /home/ros2curso/curso/lab2/build/demo_launch/build/lib/demo_launch/__init__.py -> /home/ros2curso/curso/lab2/install/demo_launch/lib/python3.10/site-packages/demo_launch
byte-compiling /home/ros2curso/curso/lab2/install/demo_launch/lib/python3.10/site-packages/demo_launch/__init__.py to __init__.cpython-310.pyc
running install_data
creating /home/ros2curso/curso/lab2/install/demo_launch/share/ament_index
creating /home/ros2curso/curso/lab2/install/demo_launch/share/ament_index/resource_index
creating /home/ros2curso/curso/lab2/install/demo_launch/share/ament_index/resource_index/packages
copying resource/demo_launch -> /home/ros2curso/curso/lab2/install/demo_launch/share/ament_index/resource_index/packages
copying package.xml -> /home/ros2curso/curso/lab2/install/demo_launch/share/demo_launch
running install_egg_info
Copying ../build/demo_launch/demo_launch.egg-info to /home/ros2curso/curso/lab2/install/demo_launch/lib/python3.10/site-packages/demo_launch-0.0.0-py3.10.egg-info
running install_scripts
writing list of installed files to '/home/ros2curso/curso/lab2/build/demo_launch/install.log'
