[0.907s] Invoking command in '/home/ros2curso/curso/lab2/demo_launch': PYTHONPATH=/home/ros2curso/curso/lab2/build/demo_launch/prefix_override:/home/ros2curso/curso/lab2/install/demo_launch/lib/python3.10/site-packages:${PYTHONPATH} /usr/bin/python3 -W ignore:setup.py install is deprecated setup.py egg_info --egg-base ../build/demo_launch build --build-base /home/ros2curso/curso/lab2/build/demo_launch/build install --record /home/ros2curso/curso/lab2/build/demo_launch/install.log --single-version-externally-managed install_data
[1.281s] running egg_info
[1.283s] creating ../build/demo_launch/demo_launch.egg-info
[1.285s] writing ../build/demo_launch/demo_launch.egg-info/PKG-INFO
[1.286s] writing dependency_links to ../build/demo_launch/demo_launch.egg-info/dependency_links.txt
[1.287s] writing entry points to ../build/demo_launch/demo_launch.egg-info/entry_points.txt
[1.288s] writing requirements to ../build/demo_launch/demo_launch.egg-info/requires.txt
[1.288s] writing top-level names to ../build/demo_launch/demo_launch.egg-info/top_level.txt
[1.288s] writing manifest file '../build/demo_launch/demo_launch.egg-info/SOURCES.txt'
[1.292s] reading manifest file '../build/demo_launch/demo_launch.egg-info/SOURCES.txt'
[1.295s] writing manifest file '../build/demo_launch/demo_launch.egg-info/SOURCES.txt'
[1.309s] running build
[1.309s] running build_py
[1.309s] creating /home/ros2curso/curso/lab2/build/demo_launch/build
[1.309s] creating /home/ros2curso/curso/lab2/build/demo_launch/build/lib
[1.309s] creating /home/ros2curso/curso/lab2/build/demo_launch/build/lib/demo_launch
[1.309s] copying demo_launch/__init__.py -> /home/ros2curso/curso/lab2/build/demo_launch/build/lib/demo_launch
[1.309s] running install
[1.310s] running install_lib
[1.311s] creating /home/ros2curso/curso/lab2/install/demo_launch/lib/python3.10/site-packages/demo_launch
[1.311s] copying /home/ros2curso/curso/lab2/build/demo_launch/build/lib/demo_launch/__init__.py -> /home/ros2curso/curso/lab2/install/demo_launch/lib/python3.10/site-packages/demo_launch
[1.311s] byte-compiling /home/ros2curso/curso/lab2/install/demo_launch/lib/python3.10/site-packages/demo_launch/__init__.py to __init__.cpython-310.pyc
[1.311s] running install_data
[1.311s] creating /home/ros2curso/curso/lab2/install/demo_launch/share/ament_index
[1.311s] creating /home/ros2curso/curso/lab2/install/demo_launch/share/ament_index/resource_index
[1.311s] creating /home/ros2curso/curso/lab2/install/demo_launch/share/ament_index/resource_index/packages
[1.311s] copying resource/demo_launch -> /home/ros2curso/curso/lab2/install/demo_launch/share/ament_index/resource_index/packages
[1.311s] copying package.xml -> /home/ros2curso/curso/lab2/install/demo_launch/share/demo_launch
[1.311s] running install_egg_info
[1.311s] Copying ../build/demo_launch/demo_launch.egg-info to /home/ros2curso/curso/lab2/install/demo_launch/lib/python3.10/site-packages/demo_launch-0.0.0-py3.10.egg-info
[1.312s] running install_scripts
[1.345s] writing list of installed files to '/home/ros2curso/curso/lab2/build/demo_launch/install.log'
[1.403s] Invoked command in '/home/ros2curso/curso/lab2/demo_launch' returned '0': PYTHONPATH=/home/ros2curso/curso/lab2/build/demo_launch/prefix_override:/home/ros2curso/curso/lab2/install/demo_launch/lib/python3.10/site-packages:${PYTHONPATH} /usr/bin/python3 -W ignore:setup.py install is deprecated setup.py egg_info --egg-base ../build/demo_launch build --build-base /home/ros2curso/curso/lab2/build/demo_launch/build install --record /home/ros2curso/curso/lab2/build/demo_launch/install.log --single-version-externally-managed install_data
