/home/ros2curso/curso/lab2/install/demo_launch/lib/python3.10/site-packages/demo_launch/__init__.py
/home/ros2curso/curso/lab2/install/demo_launch/lib/python3.10/site-packages/demo_launch/pub_node.py
/home/ros2curso/curso/lab2/install/demo_launch/lib/python3.10/site-packages/demo_launch/pub_node_params.py
/home/ros2curso/curso/lab2/install/demo_launch/lib/python3.10/site-packages/demo_launch/sub_node.py
/home/ros2curso/curso/lab2/install/demo_launch/lib/python3.10/site-packages/demo_launch/__pycache__/__init__.cpython-310.pyc
/home/ros2curso/curso/lab2/install/demo_launch/lib/python3.10/site-packages/demo_launch/__pycache__/pub_node.cpython-310.pyc
/home/ros2curso/curso/lab2/install/demo_launch/lib/python3.10/site-packages/demo_launch/__pycache__/pub_node_params.cpython-310.pyc
/home/ros2curso/curso/lab2/install/demo_launch/lib/python3.10/site-packages/demo_launch/__pycache__/sub_node.cpython-310.pyc
/home/ros2curso/curso/lab2/install/demo_launch/share/ament_index/resource_index/packages/demo_launch
/home/ros2curso/curso/lab2/install/demo_launch/share/demo_launch/package.xml
/home/ros2curso/curso/lab2/install/demo_launch/share/demo_launch/launch/pub_sub.launch.py
/home/ros2curso/curso/lab2/install/demo_launch/lib/python3.10/site-packages/demo_launch-0.0.0-py3.10.egg-info/SOURCES.txt
/home/ros2curso/curso/lab2/install/demo_launch/lib/python3.10/site-packages/demo_launch-0.0.0-py3.10.egg-info/dependency_links.txt
/home/ros2curso/curso/lab2/install/demo_launch/lib/python3.10/site-packages/demo_launch-0.0.0-py3.10.egg-info/entry_points.txt
/home/ros2curso/curso/lab2/install/demo_launch/lib/python3.10/site-packages/demo_launch-0.0.0-py3.10.egg-info/PKG-INFO
/home/ros2curso/curso/lab2/install/demo_launch/lib/python3.10/site-packages/demo_launch-0.0.0-py3.10.egg-info/top_level.txt
/home/ros2curso/curso/lab2/install/demo_launch/lib/python3.10/site-packages/demo_launch-0.0.0-py3.10.egg-info/requires.txt
/home/ros2curso/curso/lab2/install/demo_launch/lib/python3.10/site-packages/demo_launch-0.0.0-py3.10.egg-info/zip-safe
/home/ros2curso/curso/lab2/install/demo_launch/lib/demo_launch/pub_params
/home/ros2curso/curso/lab2/install/demo_launch/lib/demo_launch/simple_pub
/home/ros2curso/curso/lab2/install/demo_launch/lib/demo_launch/simple_sub
